time="2022-04-13 15:01:22" level=info Agent="Mozilla/5.0 (Windows NT 10.0; Win64; x64) AppleWebKit/537.36 (KHTML, like Gecko) Chrome/100.0.4896.60 Safari/537.36" DataSize=118 HostName=LAPTOP-86TU9QEB IP="::1" Method=GET Path=/api/v1/category SpendTime="36 ms" status=200
time="2022-04-13 15:01:27" level=info Agent="Mozilla/5.0 (Windows NT 10.0; Win64; x64) AppleWebKit/537.36 (KHTML, like Gecko) Chrome/100.0.4896.60 Safari/537.36" DataSize=118 HostName=LAPTOP-86TU9QEB IP="::1" Method=GET Path=/api/v1/category SpendTime="13 ms" status=200
time="2022-04-13 15:02:33" level=info Agent="Mozilla/5.0 (Windows NT 10.0; Win64; x64) AppleWebKit/537.36 (KHTML, like Gecko) Chrome/100.0.4896.60 Safari/537.36" DataSize=950 HostName=LAPTOP-86TU9QEB IP="::1" Method=GET Path=/admin SpendTime="2 ms" status=200
time="2022-04-13 15:02:35" level=info Agent="Mozilla/5.0 (Windows NT 10.0; Win64; x64) AppleWebKit/537.36 (KHTML, like Gecko) Chrome/100.0.4896.60 Safari/537.36" DataSize=58691 HostName=LAPTOP-86TU9QEB IP="::1" Method=GET Path=/admin/static/css/app.c9e348f5.css SpendTime="889 ms" status=200
time="2022-04-13 15:02:35" level=info Agent="Mozilla/5.0 (Windows NT 10.0; Win64; x64) AppleWebKit/537.36 (KHTML, like Gecko) Chrome/100.0.4896.60 Safari/537.36" DataSize=276700 HostName=LAPTOP-86TU9QEB IP="::1" Method=GET Path=/admin/static/css/chunk-vendors.578ad91b.css SpendTime="977 ms" status=200
time="2022-04-13 15:02:35" level=info Agent="Mozilla/5.0 (Windows NT 10.0; Win64; x64) AppleWebKit/537.36 (KHTML, like Gecko) Chrome/100.0.4896.60 Safari/537.36" DataSize=984367 HostName=LAPTOP-86TU9QEB IP="::1" Method=GET Path=/admin/static/js/app.d3051a28.js SpendTime="1191 ms" status=200
time="2022-04-13 15:02:35" level=info Agent="Mozilla/5.0 (Windows NT 10.0; Win64; x64) AppleWebKit/537.36 (KHTML, like Gecko) Chrome/100.0.4896.60 Safari/537.36" DataSize=1539106 HostName=LAPTOP-86TU9QEB IP="::1" Method=GET Path=/admin/static/js/chunk-vendors.c1cbc185.js SpendTime="1191 ms" status=200
time="2022-04-13 15:02:41" level=info Agent="Mozilla/5.0 (Windows NT 10.0; Win64; x64) AppleWebKit/537.36 (KHTML, like Gecko) Chrome/100.0.4896.60 Safari/537.36" DataSize=201 HostName=LAPTOP-86TU9QEB IP="::1" Method=POST Path=/api/v1/login SpendTime="169 ms" status=200
time="2022-04-13 15:02:44" level=info Agent="Mozilla/5.0 (Windows NT 10.0; Win64; x64) AppleWebKit/537.36 (KHTML, like Gecko) Chrome/100.0.4896.60 Safari/537.36" DataSize=118 HostName=LAPTOP-86TU9QEB IP="::1" Method=GET Path="/api/v1/category?pagesize=5&pagenum=1" SpendTime="79 ms" status=200
time="2022-04-13 15:02:51" level=info Agent="Mozilla/5.0 (Windows NT 10.0; Win64; x64) AppleWebKit/537.36 (KHTML, like Gecko) Chrome/100.0.4896.60 Safari/537.36" DataSize=62 HostName=LAPTOP-86TU9QEB IP="::1" Method=POST Path=/api/v1/category/add SpendTime="134 ms" status=200
time="2022-04-13 15:02:51" level=info Agent="Mozilla/5.0 (Windows NT 10.0; Win64; x64) AppleWebKit/537.36 (KHTML, like Gecko) Chrome/100.0.4896.60 Safari/537.36" DataSize=144 HostName=LAPTOP-86TU9QEB IP="::1" Method=GET Path="/api/v1/category?pagesize=5&pagenum=1" SpendTime="117 ms" status=200
time="2022-04-13 15:03:10" level=info Agent="Mozilla/5.0 (Windows NT 10.0; Win64; x64) AppleWebKit/537.36 (KHTML, like Gecko) Chrome/100.0.4896.60 Safari/537.36" DataSize=144 HostName=LAPTOP-86TU9QEB IP="::1" Method=GET Path=/api/v1/category SpendTime="134 ms" status=200
time="2022-04-13 16:55:38" level=info Agent="Mozilla/5.0 (Windows NT 10.0; Win64; x64) AppleWebKit/537.36 (KHTML, like Gecko) Chrome/100.0.4896.60 Safari/537.36" DataSize=144 HostName=LAPTOP-86TU9QEB IP="::1" Method=GET Path=/api/v1/category SpendTime="13 ms" status=200
time="2022-04-13 17:03:42" level=info Agent="Mozilla/5.0 (Windows NT 10.0; Win64; x64) AppleWebKit/537.36 (KHTML, like Gecko) Chrome/100.0.4896.60 Safari/537.36" DataSize=144 HostName=LAPTOP-86TU9QEB IP="::1" Method=GET Path=/api/v1/category SpendTime="25 ms" status=200
time="2022-04-13 17:03:43" level=info Agent="Mozilla/5.0 (Windows NT 10.0; Win64; x64) AppleWebKit/537.36 (KHTML, like Gecko) Chrome/100.0.4896.60 Safari/537.36" DataSize=144 HostName=LAPTOP-86TU9QEB IP="::1" Method=GET Path=/api/v1/category SpendTime="15 ms" status=200
time="2022-04-13 17:03:44" level=info Agent="Mozilla/5.0 (Windows NT 10.0; Win64; x64) AppleWebKit/537.36 (KHTML, like Gecko) Chrome/100.0.4896.60 Safari/537.36" DataSize=144 HostName=LAPTOP-86TU9QEB IP="::1" Method=GET Path=/api/v1/category SpendTime="19 ms" status=200
time="2022-04-13 17:03:45" level=info Agent="Mozilla/5.0 (Windows NT 10.0; Win64; x64) AppleWebKit/537.36 (KHTML, like Gecko) Chrome/100.0.4896.60 Safari/537.36" DataSize=144 HostName=LAPTOP-86TU9QEB IP="::1" Method=GET Path=/api/v1/category SpendTime="9 ms" status=200
time="2022-04-13 17:04:20" level=info Agent="Mozilla/5.0 (Windows NT 10.0; Win64; x64) AppleWebKit/537.36 (KHTML, like Gecko) Chrome/100.0.4896.60 Safari/537.36" DataSize=144 HostName=LAPTOP-86TU9QEB IP="::1" Method=GET Path=/api/v1/category SpendTime="9 ms" status=200
time="2022-04-13 20:37:14" level=info Agent="Mozilla/5.0 (Windows NT 10.0; Win64; x64) AppleWebKit/537.36 (KHTML, like Gecko) Chrome/100.0.4896.60 Safari/537.36" DataSize=144 HostName=LAPTOP-86TU9QEB IP="::1" Method=GET Path=/api/v1/category SpendTime="9 ms" status=200
time="2022-04-13 20:37:16" level=info Agent="Mozilla/5.0 (Windows NT 10.0; Win64; x64) AppleWebKit/537.36 (KHTML, like Gecko) Chrome/100.0.4896.60 Safari/537.36" DataSize=144 HostName=LAPTOP-86TU9QEB IP="::1" Method=GET Path=/api/v1/category SpendTime="3 ms" status=200
time="2022-04-13 20:37:17" level=info Agent="Mozilla/5.0 (Windows NT 10.0; Win64; x64) AppleWebKit/537.36 (KHTML, like Gecko) Chrome/100.0.4896.60 Safari/537.36" DataSize=144 HostName=LAPTOP-86TU9QEB IP="::1" Method=GET Path=/api/v1/category SpendTime="3 ms" status=200
time="2022-04-13 20:37:18" level=info Agent="Mozilla/5.0 (Windows NT 10.0; Win64; x64) AppleWebKit/537.36 (KHTML, like Gecko) Chrome/100.0.4896.60 Safari/537.36" DataSize=144 HostName=LAPTOP-86TU9QEB IP="::1" Method=GET Path=/api/v1/category SpendTime="4 ms" status=200
time="2022-04-13 20:37:19" level=info Agent="Mozilla/5.0 (Windows NT 10.0; Win64; x64) AppleWebKit/537.36 (KHTML, like Gecko) Chrome/100.0.4896.60 Safari/537.36" DataSize=144 HostName=LAPTOP-86TU9QEB IP="::1" Method=GET Path=/api/v1/category SpendTime="3 ms" status=200
time="2022-04-13 20:38:26" level=info Agent="Mozilla/5.0 (Windows NT 10.0; Win64; x64) AppleWebKit/537.36 (KHTML, like Gecko) Chrome/100.0.4896.60 Safari/537.36" DataSize=144 HostName=LAPTOP-86TU9QEB IP="::1" Method=GET Path=/api/v1/category SpendTime="7 ms" status=200
time="2022-04-13 20:39:18" level=info Agent="Mozilla/5.0 (Windows NT 10.0; Win64; x64) AppleWebKit/537.36 (KHTML, like Gecko) Chrome/100.0.4896.60 Safari/537.36" DataSize=144 HostName=LAPTOP-86TU9QEB IP="::1" Method=GET Path=/api/v1/category SpendTime="5 ms" status=200
time="2022-04-13 21:19:45" level=info Agent="Mozilla/5.0 (Windows NT 10.0; Win64; x64) AppleWebKit/537.36 (KHTML, like Gecko) Chrome/100.0.4896.60 Safari/537.36" DataSize=144 HostName=LAPTOP-86TU9QEB IP="::1" Method=GET Path=/api/v1/category SpendTime="7 ms" status=200
time="2022-04-13 22:13:00" level=info Agent="Mozilla/5.0 (Windows NT 10.0; Win64; x64) AppleWebKit/537.36 (KHTML, like Gecko) Chrome/100.0.4896.60 Safari/537.36" DataSize=144 HostName=LAPTOP-86TU9QEB IP="::1" Method=GET Path=/api/v1/category SpendTime="18 ms" status=200
time="2022-04-13 22:13:20" level=info Agent="Mozilla/5.0 (Windows NT 10.0; Win64; x64) AppleWebKit/537.36 (KHTML, like Gecko) Chrome/100.0.4896.60 Safari/537.36" DataSize=144 HostName=LAPTOP-86TU9QEB IP="::1" Method=GET Path=/api/v1/category SpendTime="5 ms" status=200
time="2022-04-13 23:19:34" level=info Agent="Mozilla/5.0 (Windows NT 10.0; Win64; x64) AppleWebKit/537.36 (KHTML, like Gecko) Chrome/100.0.4896.60 Safari/537.36" DataSize=0 HostName=LAPTOP-86TU9QEB IP="::1" Method=OPTIONS Path=/api/v1/login SpendTime="1 ms" status=204
time="2022-04-13 23:19:34" level=info Agent="Mozilla/5.0 (Windows NT 10.0; Win64; x64) AppleWebKit/537.36 (KHTML, like Gecko) Chrome/100.0.4896.60 Safari/537.36" DataSize=200 HostName=LAPTOP-86TU9QEB IP="::1" Method=POST Path=/api/v1/login SpendTime="88 ms" status=200
time="2022-04-13 23:21:06" level=info Agent="Mozilla/5.0 (Windows NT 10.0; Win64; x64) AppleWebKit/537.36 (KHTML, like Gecko) Chrome/100.0.4896.60 Safari/537.36" DataSize=0 HostName=LAPTOP-86TU9QEB IP="::1" Method=OPTIONS Path="/api/v1/users?username=&pagesize=5&pagenum=1" SpendTime="0 ms" status=204
time="2022-04-13 23:21:06" level=info Agent="Mozilla/5.0 (Windows NT 10.0; Win64; x64) AppleWebKit/537.36 (KHTML, like Gecko) Chrome/100.0.4896.60 Safari/537.36" DataSize=1719 HostName=LAPTOP-86TU9QEB IP="::1" Method=GET Path="/api/v1/users?username=&pagesize=5&pagenum=1" SpendTime="7 ms" status=200
time="2022-04-13 23:22:41" level=info Agent="Mozilla/5.0 (Windows NT 10.0; Win64; x64) AppleWebKit/537.36 (KHTML, like Gecko) Chrome/100.0.4896.60 Safari/537.36" DataSize=0 HostName=LAPTOP-86TU9QEB IP="::1" Method=OPTIONS Path=/api/v1/profile/1 SpendTime="0 ms" status=204
time="2022-04-13 23:22:41" level=info Agent="Mozilla/5.0 (Windows NT 10.0; Win64; x64) AppleWebKit/537.36 (KHTML, like Gecko) Chrome/100.0.4896.60 Safari/537.36" DataSize=112 HostName=LAPTOP-86TU9QEB IP="::1" Method=GET Path=/api/v1/profile/1 SpendTime="9 ms" status=200
time="2022-04-13 23:22:46" level=info Agent="Mozilla/5.0 (Windows NT 10.0; Win64; x64) AppleWebKit/537.36 (KHTML, like Gecko) Chrome/100.0.4896.60 Safari/537.36" DataSize=0 HostName=LAPTOP-86TU9QEB IP="::1" Method=OPTIONS Path="/api/v1/users?username=&pagesize=5&pagenum=1" SpendTime="0 ms" status=204
time="2022-04-13 23:22:46" level=info Agent="Mozilla/5.0 (Windows NT 10.0; Win64; x64) AppleWebKit/537.36 (KHTML, like Gecko) Chrome/100.0.4896.60 Safari/537.36" DataSize=1718 HostName=LAPTOP-86TU9QEB IP="::1" Method=GET Path="/api/v1/users?username=&pagesize=5&pagenum=1" SpendTime="2 ms" status=200
time="2022-04-13 23:22:46" level=info Agent="Mozilla/5.0 (Windows NT 10.0; Win64; x64) AppleWebKit/537.36 (KHTML, like Gecko) Chrome/100.0.4896.60 Safari/537.36" DataSize=0 HostName=LAPTOP-86TU9QEB IP="::1" Method=OPTIONS Path=/api/v1/profile/1 SpendTime="0 ms" status=204
time="2022-04-13 23:22:46" level=info Agent="Mozilla/5.0 (Windows NT 10.0; Win64; x64) AppleWebKit/537.36 (KHTML, like Gecko) Chrome/100.0.4896.60 Safari/537.36" DataSize=112 HostName=LAPTOP-86TU9QEB IP="::1" Method=GET Path=/api/v1/profile/1 SpendTime="2 ms" status=200
time="2022-04-13 23:23:25" level=info Agent="Mozilla/5.0 (Windows NT 10.0; Win64; x64) AppleWebKit/537.36 (KHTML, like Gecko) Chrome/100.0.4896.60 Safari/537.36" DataSize=0 HostName=LAPTOP-86TU9QEB IP="::1" Method=OPTIONS Path="/api/v1/users?username=&pagesize=5&pagenum=1" SpendTime="0 ms" status=204
time="2022-04-13 23:23:25" level=info Agent="Mozilla/5.0 (Windows NT 10.0; Win64; x64) AppleWebKit/537.36 (KHTML, like Gecko) Chrome/100.0.4896.60 Safari/537.36" DataSize=1718 HostName=LAPTOP-86TU9QEB IP="::1" Method=GET Path="/api/v1/users?username=&pagesize=5&pagenum=1" SpendTime="9 ms" status=200
time="2022-04-13 23:23:26" level=info Agent="Mozilla/5.0 (Windows NT 10.0; Win64; x64) AppleWebKit/537.36 (KHTML, like Gecko) Chrome/100.0.4896.60 Safari/537.36" DataSize=0 HostName=LAPTOP-86TU9QEB IP="::1" Method=OPTIONS Path=/api/v1/profile/1 SpendTime="0 ms" status=204
time="2022-04-13 23:23:26" level=info Agent="Mozilla/5.0 (Windows NT 10.0; Win64; x64) AppleWebKit/537.36 (KHTML, like Gecko) Chrome/100.0.4896.60 Safari/537.36" DataSize=112 HostName=LAPTOP-86TU9QEB IP="::1" Method=GET Path=/api/v1/profile/1 SpendTime="2 ms" status=200
time="2022-04-13 23:24:39" level=info Agent="Mozilla/5.0 (Windows NT 10.0; Win64; x64) AppleWebKit/537.36 (KHTML, like Gecko) Chrome/100.0.4896.60 Safari/537.36" DataSize=0 HostName=LAPTOP-86TU9QEB IP="::1" Method=OPTIONS Path=/api/v1/profile/1 SpendTime="3 ms" status=204
time="2022-04-13 23:24:39" level=info Agent="Mozilla/5.0 (Windows NT 10.0; Win64; x64) AppleWebKit/537.36 (KHTML, like Gecko) Chrome/100.0.4896.60 Safari/537.36" DataSize=112 HostName=LAPTOP-86TU9QEB IP="::1" Method=GET Path=/api/v1/profile/1 SpendTime="7 ms" status=200
time="2022-04-13 23:25:28" level=info Agent="Mozilla/5.0 (Windows NT 10.0; Win64; x64) AppleWebKit/537.36 (KHTML, like Gecko) Chrome/100.0.4896.60 Safari/537.36" DataSize=0 HostName=LAPTOP-86TU9QEB IP="::1" Method=OPTIONS Path=/api/v1/profile/1 SpendTime="0 ms" status=204
time="2022-04-13 23:25:28" level=info Agent="Mozilla/5.0 (Windows NT 10.0; Win64; x64) AppleWebKit/537.36 (KHTML, like Gecko) Chrome/100.0.4896.60 Safari/537.36" DataSize=112 HostName=LAPTOP-86TU9QEB IP="::1" Method=GET Path=/api/v1/profile/1 SpendTime="4 ms" status=200
time="2022-04-13 23:30:15" level=info Agent="Mozilla/5.0 (Windows NT 10.0; Win64; x64) AppleWebKit/537.36 (KHTML, like Gecko) Chrome/100.0.4896.60 Safari/537.36" DataSize=0 HostName=LAPTOP-86TU9QEB IP="::1" Method=OPTIONS Path=/api/v1/profile/1 SpendTime="0 ms" status=204
time="2022-04-13 23:30:15" level=info Agent="Mozilla/5.0 (Windows NT 10.0; Win64; x64) AppleWebKit/537.36 (KHTML, like Gecko) Chrome/100.0.4896.60 Safari/537.36" DataSize=127 HostName=LAPTOP-86TU9QEB IP="::1" Method=GET Path=/api/v1/profile/1 SpendTime="6 ms" status=200
time="2022-04-13 23:32:38" level=info Agent="Mozilla/5.0 (Windows NT 10.0; Win64; x64) AppleWebKit/537.36 (KHTML, like Gecko) Chrome/100.0.4896.60 Safari/537.36" DataSize=0 HostName=LAPTOP-86TU9QEB IP="::1" Method=OPTIONS Path=/api/v1/upload SpendTime="0 ms" status=204
time="2022-04-13 23:32:39" level=info Agent="Mozilla/5.0 (Windows NT 10.0; Win64; x64) AppleWebKit/537.36 (KHTML, like Gecko) Chrome/100.0.4896.60 Safari/537.36" DataSize=102 HostName=LAPTOP-86TU9QEB IP="::1" Method=POST Path=/api/v1/upload SpendTime="215 ms" status=200
time="2022-04-13 23:33:40" level=info Agent="Mozilla/5.0 (Windows NT 10.0; Win64; x64) AppleWebKit/537.36 (KHTML, like Gecko) Chrome/100.0.4896.60 Safari/537.36" DataSize=0 HostName=LAPTOP-86TU9QEB IP="::1" Method=OPTIONS Path=/api/v1/upload SpendTime="0 ms" status=204
time="2022-04-13 23:33:40" level=info Agent="Mozilla/5.0 (Windows NT 10.0; Win64; x64) AppleWebKit/537.36 (KHTML, like Gecko) Chrome/100.0.4896.60 Safari/537.36" DataSize=102 HostName=LAPTOP-86TU9QEB IP="::1" Method=POST Path=/api/v1/upload SpendTime="179 ms" status=200
time="2022-04-13 23:33:42" level=info Agent="Mozilla/5.0 (Windows NT 10.0; Win64; x64) AppleWebKit/537.36 (KHTML, like Gecko) Chrome/100.0.4896.60 Safari/537.36" DataSize=0 HostName=LAPTOP-86TU9QEB IP="::1" Method=OPTIONS Path=/api/v1/profile/1 SpendTime="0 ms" status=204
time="2022-04-13 23:33:42" level=info Agent="Mozilla/5.0 (Windows NT 10.0; Win64; x64) AppleWebKit/537.36 (KHTML, like Gecko) Chrome/100.0.4896.60 Safari/537.36" DataSize=29 HostName=LAPTOP-86TU9QEB IP="::1" Method=PUT Path=/api/v1/profile/1 SpendTime="7 ms" status=200
time="2022-04-13 23:33:56" level=info Agent="Mozilla/5.0 (Windows NT 10.0; Win64; x64) AppleWebKit/537.36 (KHTML, like Gecko) Chrome/100.0.4896.60 Safari/537.36" DataSize=0 HostName=LAPTOP-86TU9QEB IP="::1" Method=OPTIONS Path=/api/v1/profile/1 SpendTime="0 ms" status=204
time="2022-04-13 23:33:56" level=info Agent="Mozilla/5.0 (Windows NT 10.0; Win64; x64) AppleWebKit/537.36 (KHTML, like Gecko) Chrome/100.0.4896.60 Safari/537.36" DataSize=289 HostName=LAPTOP-86TU9QEB IP="::1" Method=GET Path=/api/v1/profile/1 SpendTime="4 ms" status=200
time="2022-04-13 23:48:41" level=info Agent="Mozilla/5.0 (Windows NT 10.0; Win64; x64) AppleWebKit/537.36 (KHTML, like Gecko) Chrome/100.0.4896.60 Safari/537.36" DataSize=0 HostName=LAPTOP-86TU9QEB IP="::1" Method=OPTIONS Path=/api/v1/login SpendTime="0 ms" status=204
time="2022-04-13 23:48:41" level=info Agent="Mozilla/5.0 (Windows NT 10.0; Win64; x64) AppleWebKit/537.36 (KHTML, like Gecko) Chrome/100.0.4896.60 Safari/537.36" DataSize=200 HostName=LAPTOP-86TU9QEB IP="::1" Method=POST Path=/api/v1/login SpendTime="50 ms" status=200
time="2022-04-13 23:48:43" level=info Agent="Mozilla/5.0 (Windows NT 10.0; Win64; x64) AppleWebKit/537.36 (KHTML, like Gecko) Chrome/100.0.4896.60 Safari/537.36" DataSize=0 HostName=LAPTOP-86TU9QEB IP="::1" Method=OPTIONS Path=/api/v1/category SpendTime="0 ms" status=204
time="2022-04-13 23:48:43" level=info Agent="Mozilla/5.0 (Windows NT 10.0; Win64; x64) AppleWebKit/537.36 (KHTML, like Gecko) Chrome/100.0.4896.60 Safari/537.36" DataSize=144 HostName=LAPTOP-86TU9QEB IP="::1" Method=GET Path=/api/v1/category SpendTime="11 ms" status=200
time="2022-04-13 23:48:44" level=info Agent="Mozilla/5.0 (Windows NT 10.0; Win64; x64) AppleWebKit/537.36 (KHTML, like Gecko) Chrome/100.0.4896.60 Safari/537.36" DataSize=0 HostName=LAPTOP-86TU9QEB IP="::1" Method=OPTIONS Path="/api/v1/articles?title=&pagesize=5&pagenum=1" SpendTime="0 ms" status=204
time="2022-04-13 23:48:44" level=info Agent="Mozilla/5.0 (Windows NT 10.0; Win64; x64) AppleWebKit/537.36 (KHTML, like Gecko) Chrome/100.0.4896.60 Safari/537.36" DataSize=0 HostName=LAPTOP-86TU9QEB IP="::1" Method=OPTIONS Path=/api/v1/category SpendTime="0 ms" status=204
time="2022-04-13 23:48:44" level=info Agent="Mozilla/5.0 (Windows NT 10.0; Win64; x64) AppleWebKit/537.36 (KHTML, like Gecko) Chrome/100.0.4896.60 Safari/537.36" DataSize=144 HostName=LAPTOP-86TU9QEB IP="::1" Method=GET Path=/api/v1/category SpendTime="8 ms" status=200
time="2022-04-13 23:48:44" level=info Agent="Mozilla/5.0 (Windows NT 10.0; Win64; x64) AppleWebKit/537.36 (KHTML, like Gecko) Chrome/100.0.4896.60 Safari/537.36" DataSize=1853 HostName=LAPTOP-86TU9QEB IP="::1" Method=GET Path="/api/v1/articles?title=&pagesize=5&pagenum=1" SpendTime="10 ms" status=200
time="2022-04-13 23:48:45" level=info Agent="Mozilla/5.0 (Windows NT 10.0; Win64; x64) AppleWebKit/537.36 (KHTML, like Gecko) Chrome/100.0.4896.60 Safari/537.36" DataSize=0 HostName=LAPTOP-86TU9QEB IP="::1" Method=OPTIONS Path="/api/v1/category?pagesize=5&pagenum=1" SpendTime="0 ms" status=204
time="2022-04-13 23:48:45" level=info Agent="Mozilla/5.0 (Windows NT 10.0; Win64; x64) AppleWebKit/537.36 (KHTML, like Gecko) Chrome/100.0.4896.60 Safari/537.36" DataSize=144 HostName=LAPTOP-86TU9QEB IP="::1" Method=GET Path="/api/v1/category?pagesize=5&pagenum=1" SpendTime="2 ms" status=200
time="2022-04-13 23:48:46" level=info Agent="Mozilla/5.0 (Windows NT 10.0; Win64; x64) AppleWebKit/537.36 (KHTML, like Gecko) Chrome/100.0.4896.60 Safari/537.36" DataSize=0 HostName=LAPTOP-86TU9QEB IP="::1" Method=OPTIONS Path="/api/v1/users?username=&pagesize=5&pagenum=1" SpendTime="0 ms" status=204
time="2022-04-13 23:48:46" level=info Agent="Mozilla/5.0 (Windows NT 10.0; Win64; x64) AppleWebKit/537.36 (KHTML, like Gecko) Chrome/100.0.4896.60 Safari/537.36" DataSize=1719 HostName=LAPTOP-86TU9QEB IP="::1" Method=GET Path="/api/v1/users?username=&pagesize=5&pagenum=1" SpendTime="2 ms" status=200
time="2022-04-13 23:48:47" level=info Agent="Mozilla/5.0 (Windows NT 10.0; Win64; x64) AppleWebKit/537.36 (KHTML, like Gecko) Chrome/100.0.4896.60 Safari/537.36" DataSize=0 HostName=LAPTOP-86TU9QEB IP="::1" Method=OPTIONS Path=/api/v1/profile/1 SpendTime="0 ms" status=204
time="2022-04-13 23:48:47" level=info Agent="Mozilla/5.0 (Windows NT 10.0; Win64; x64) AppleWebKit/537.36 (KHTML, like Gecko) Chrome/100.0.4896.60 Safari/537.36" DataSize=289 HostName=LAPTOP-86TU9QEB IP="::1" Method=GET Path=/api/v1/profile/1 SpendTime="2 ms" status=200
time="2022-04-13 23:49:01" level=info Agent="Mozilla/5.0 (Windows NT 10.0; Win64; x64) AppleWebKit/537.36 (KHTML, like Gecko) Chrome/100.0.4896.60 Safari/537.36" DataSize=289 HostName=LAPTOP-86TU9QEB IP="::1" Method=GET Path=/api/v1/profile/1 SpendTime="5 ms" status=200
time="2022-04-13 23:49:01" level=info Agent="Mozilla/5.0 (Windows NT 10.0; Win64; x64) AppleWebKit/537.36 (KHTML, like Gecko) Chrome/100.0.4896.60 Safari/537.36" DataSize=144 HostName=LAPTOP-86TU9QEB IP="::1" Method=GET Path=/api/v1/category SpendTime="49 ms" status=200
time="2022-04-13 23:55:43" level=info Agent="Mozilla/5.0 (Windows NT 10.0; Win64; x64) AppleWebKit/537.36 (KHTML, like Gecko) Chrome/100.0.4896.60 Safari/537.36" DataSize=0 HostName=LAPTOP-86TU9QEB IP="::1" Method=OPTIONS Path=/api/v1/profile/1 SpendTime="1 ms" status=204
time="2022-04-13 23:55:43" level=info Agent="Mozilla/5.0 (Windows NT 10.0; Win64; x64) AppleWebKit/537.36 (KHTML, like Gecko) Chrome/100.0.4896.60 Safari/537.36" DataSize=301 HostName=LAPTOP-86TU9QEB IP="::1" Method=GET Path=/api/v1/profile/1 SpendTime="5 ms" status=200
time="2022-04-13 23:56:12" level=info Agent="Mozilla/5.0 (Windows NT 10.0; Win64; x64) AppleWebKit/537.36 (KHTML, like Gecko) Chrome/100.0.4896.60 Safari/537.36" DataSize=0 HostName=LAPTOP-86TU9QEB IP="::1" Method=OPTIONS Path=/api/v1/profile/1 SpendTime="0 ms" status=204
time="2022-04-13 23:56:12" level=info Agent="Mozilla/5.0 (Windows NT 10.0; Win64; x64) AppleWebKit/537.36 (KHTML, like Gecko) Chrome/100.0.4896.60 Safari/537.36" DataSize=29 HostName=LAPTOP-86TU9QEB IP="::1" Method=PUT Path=/api/v1/profile/1 SpendTime="11 ms" status=200
time="2022-04-13 23:56:14" level=info Agent="Mozilla/5.0 (Windows NT 10.0; Win64; x64) AppleWebKit/537.36 (KHTML, like Gecko) Chrome/100.0.4896.60 Safari/537.36" DataSize=0 HostName=LAPTOP-86TU9QEB IP="::1" Method=OPTIONS Path=/api/v1/profile/1 SpendTime="0 ms" status=204
time="2022-04-13 23:56:14" level=info Agent="Mozilla/5.0 (Windows NT 10.0; Win64; x64) AppleWebKit/537.36 (KHTML, like Gecko) Chrome/100.0.4896.60 Safari/537.36" DataSize=327 HostName=LAPTOP-86TU9QEB IP="::1" Method=GET Path=/api/v1/profile/1 SpendTime="1 ms" status=200
time="2022-04-13 23:56:51" level=info Agent="Mozilla/5.0 (Windows NT 10.0; Win64; x64) AppleWebKit/537.36 (KHTML, like Gecko) Chrome/100.0.4896.60 Safari/537.36" DataSize=327 HostName=LAPTOP-86TU9QEB IP="::1" Method=GET Path=/api/v1/profile/1 SpendTime="3 ms" status=200
time="2022-04-13 23:56:51" level=info Agent="Mozilla/5.0 (Windows NT 10.0; Win64; x64) AppleWebKit/537.36 (KHTML, like Gecko) Chrome/100.0.4896.60 Safari/537.36" DataSize=144 HostName=LAPTOP-86TU9QEB IP="::1" Method=GET Path=/api/v1/category SpendTime="7 ms" status=200
time="2022-04-13 23:57:04" level=info Agent="Mozilla/5.0 (Windows NT 10.0; Win64; x64) AppleWebKit/537.36 (KHTML, like Gecko) Chrome/100.0.4896.60 Safari/537.36" DataSize=0 HostName=LAPTOP-86TU9QEB IP="::1" Method=OPTIONS Path=/api/v1/profile/1 SpendTime="0 ms" status=204
time="2022-04-13 23:57:04" level=info Agent="Mozilla/5.0 (Windows NT 10.0; Win64; x64) AppleWebKit/537.36 (KHTML, like Gecko) Chrome/100.0.4896.60 Safari/537.36" DataSize=29 HostName=LAPTOP-86TU9QEB IP="::1" Method=PUT Path=/api/v1/profile/1 SpendTime="10 ms" status=200
time="2022-04-13 23:57:08" level=info Agent="Mozilla/5.0 (Windows NT 10.0; Win64; x64) AppleWebKit/537.36 (KHTML, like Gecko) Chrome/100.0.4896.60 Safari/537.36" DataSize=319 HostName=LAPTOP-86TU9QEB IP="::1" Method=GET Path=/api/v1/profile/1 SpendTime="1 ms" status=200
time="2022-04-13 23:57:08" level=info Agent="Mozilla/5.0 (Windows NT 10.0; Win64; x64) AppleWebKit/537.36 (KHTML, like Gecko) Chrome/100.0.4896.60 Safari/537.36" DataSize=144 HostName=LAPTOP-86TU9QEB IP="::1" Method=GET Path=/api/v1/category SpendTime="5 ms" status=200
time="2022-04-13 23:57:19" level=info Agent="Mozilla/5.0 (Windows NT 10.0; Win64; x64) AppleWebKit/537.36 (KHTML, like Gecko) Chrome/100.0.4896.60 Safari/537.36" DataSize=319 HostName=LAPTOP-86TU9QEB IP="::1" Method=GET Path=/api/v1/profile/1 SpendTime="9 ms" status=200
