time="2022-04-10 23:50:44" level=info Agent="Mozilla/5.0 (Windows NT 10.0; Win64; x64) AppleWebKit/537.36 (KHTML, like Gecko) Chrome/100.0.4896.60 Safari/537.36" DataSize=950 HostName=LAPTOP-86TU9QEB IP="::1" Method=GET Path=/admin SpendTime="1 ms" status=200
time="2022-04-10 23:50:44" level=info Agent="Mozilla/5.0 (Windows NT 10.0; Win64; x64) AppleWebKit/537.36 (KHTML, like Gecko) Chrome/100.0.4896.60 Safari/537.36" DataSize=0 HostName=LAPTOP-86TU9QEB IP="::1" Method=GET Path=/admin/static/css/chunk-vendors.578ad91b.css SpendTime="1 ms" status=304
time="2022-04-10 23:50:44" level=info Agent="Mozilla/5.0 (Windows NT 10.0; Win64; x64) AppleWebKit/537.36 (KHTML, like Gecko) Chrome/100.0.4896.60 Safari/537.36" DataSize=0 HostName=LAPTOP-86TU9QEB IP="::1" Method=GET Path=/admin/static/css/app.c9e348f5.css SpendTime="0 ms" status=304
time="2022-04-10 23:50:45" level=info Agent="Mozilla/5.0 (Windows NT 10.0; Win64; x64) AppleWebKit/537.36 (KHTML, like Gecko) Chrome/100.0.4896.60 Safari/537.36" DataSize=984367 HostName=LAPTOP-86TU9QEB IP="::1" Method=GET Path=/admin/static/js/app.d3051a28.js SpendTime="472 ms" status=200
time="2022-04-10 23:50:45" level=info Agent="Mozilla/5.0 (Windows NT 10.0; Win64; x64) AppleWebKit/537.36 (KHTML, like Gecko) Chrome/100.0.4896.60 Safari/537.36" DataSize=1539106 HostName=LAPTOP-86TU9QEB IP="::1" Method=GET Path=/admin/static/js/chunk-vendors.c1cbc185.js SpendTime="493 ms" status=200
time="2022-04-10 23:50:46" level=info Agent="Mozilla/5.0 (Windows NT 10.0; Win64; x64) AppleWebKit/537.36 (KHTML, like Gecko) Chrome/100.0.4896.60 Safari/537.36" DataSize=4286 HostName=LAPTOP-86TU9QEB IP="::1" Method=GET Path=/admin/favicon.ico SpendTime="35 ms" status=200
time="2022-04-10 23:50:51" level=info Agent="Mozilla/5.0 (Windows NT 10.0; Win64; x64) AppleWebKit/537.36 (KHTML, like Gecko) Chrome/100.0.4896.60 Safari/537.36" DataSize=201 HostName=LAPTOP-86TU9QEB IP="::1" Method=POST Path=/api/v1/login SpendTime="59 ms" status=200
time="2022-04-10 23:51:09" level=info Agent="Mozilla/5.0 (Windows NT 10.0; Win64; x64) AppleWebKit/537.36 (KHTML, like Gecko) Chrome/100.0.4896.60 Safari/537.36" DataSize=1853 HostName=LAPTOP-86TU9QEB IP="::1" Method=GET Path="/api/v1/articles?title=&pagesize=5&pagenum=1" SpendTime="8 ms" status=200
time="2022-04-10 23:51:10" level=info Agent="Mozilla/5.0 (Windows NT 10.0; Win64; x64) AppleWebKit/537.36 (KHTML, like Gecko) Chrome/100.0.4896.60 Safari/537.36" DataSize=118 HostName=LAPTOP-86TU9QEB IP="::1" Method=GET Path=/api/v1/category SpendTime="35 ms" status=200
time="2022-04-10 23:51:18" level=info Agent="Mozilla/5.0 (Windows NT 10.0; Win64; x64) AppleWebKit/537.36 (KHTML, like Gecko) Chrome/100.0.4896.60 Safari/537.36" DataSize=0 HostName=LAPTOP-86TU9QEB IP="::1" Method=GET Path=/admin/static/js/skins/ui/oxide/skin.min.css SpendTime="1 ms" status=304
time="2022-04-10 23:51:18" level=info Agent="Mozilla/5.0 (Windows NT 10.0; Win64; x64) AppleWebKit/537.36 (KHTML, like Gecko) Chrome/100.0.4896.60 Safari/537.36" DataSize=0 HostName=LAPTOP-86TU9QEB IP="::1" Method=GET Path=/admin/static/js/skins/ui/oxide/content.min.css SpendTime="0 ms" status=304
time="2022-04-10 23:51:18" level=info Agent="Mozilla/5.0 (Windows NT 10.0; Win64; x64) AppleWebKit/537.36 (KHTML, like Gecko) Chrome/100.0.4896.60 Safari/537.36" DataSize=118 HostName=LAPTOP-86TU9QEB IP="::1" Method=GET Path=/api/v1/category SpendTime="2 ms" status=200
time="2022-04-10 23:51:18" level=info Agent="Mozilla/5.0 (Windows NT 10.0; Win64; x64) AppleWebKit/537.36 (KHTML, like Gecko) Chrome/100.0.4896.60 Safari/537.36" DataSize=964 HostName=LAPTOP-86TU9QEB IP="::1" Method=GET Path=/admin/static/js/skins/content/default/content.css SpendTime="19 ms" status=200
time="2022-04-10 23:51:21" level=info Agent="Mozilla/5.0 (Windows NT 10.0; Win64; x64) AppleWebKit/537.36 (KHTML, like Gecko) Chrome/100.0.4896.60 Safari/537.36" DataSize=1853 HostName=LAPTOP-86TU9QEB IP="::1" Method=GET Path="/api/v1/articles?title=&pagesize=5&pagenum=1" SpendTime="6 ms" status=200
time="2022-04-10 23:51:21" level=info Agent="Mozilla/5.0 (Windows NT 10.0; Win64; x64) AppleWebKit/537.36 (KHTML, like Gecko) Chrome/100.0.4896.60 Safari/537.36" DataSize=118 HostName=LAPTOP-86TU9QEB IP="::1" Method=GET Path=/api/v1/category SpendTime="5 ms" status=200
time="2022-04-10 23:51:26" level=info Agent="Mozilla/5.0 (Windows NT 10.0; Win64; x64) AppleWebKit/537.36 (KHTML, like Gecko) Chrome/100.0.4896.60 Safari/537.36" DataSize=581 HostName=LAPTOP-86TU9QEB IP="::1" Method=GET Path=/api/v1/article/info/2 SpendTime="3 ms" status=200
time="2022-04-10 23:51:26" level=info Agent="Mozilla/5.0 (Windows NT 10.0; Win64; x64) AppleWebKit/537.36 (KHTML, like Gecko) Chrome/100.0.4896.60 Safari/537.36" DataSize=118 HostName=LAPTOP-86TU9QEB IP="::1" Method=GET Path=/api/v1/category SpendTime="7 ms" status=200
time="2022-04-10 23:51:45" level=info Agent="Mozilla/5.0 (Windows NT 10.0; Win64; x64) AppleWebKit/537.36 (KHTML, like Gecko) Chrome/100.0.4896.60 Safari/537.36" DataSize=118 HostName=LAPTOP-86TU9QEB IP="::1" Method=GET Path=/api/v1/category SpendTime="26 ms" status=200
time="2022-04-10 23:51:46" level=info Agent="Mozilla/5.0 (Windows NT 10.0; Win64; x64) AppleWebKit/537.36 (KHTML, like Gecko) Chrome/100.0.4896.60 Safari/537.36" DataSize=1853 HostName=LAPTOP-86TU9QEB IP="::1" Method=GET Path="/api/v1/articles?title=&pagesize=5&pagenum=1" SpendTime="3 ms" status=200
time="2022-04-10 23:51:46" level=info Agent="Mozilla/5.0 (Windows NT 10.0; Win64; x64) AppleWebKit/537.36 (KHTML, like Gecko) Chrome/100.0.4896.60 Safari/537.36" DataSize=118 HostName=LAPTOP-86TU9QEB IP="::1" Method=GET Path=/api/v1/category SpendTime="42 ms" status=200
time="2022-04-10 23:51:46" level=info Agent="Mozilla/5.0 (Windows NT 10.0; Win64; x64) AppleWebKit/537.36 (KHTML, like Gecko) Chrome/100.0.4896.60 Safari/537.36" DataSize=118 HostName=LAPTOP-86TU9QEB IP="::1" Method=GET Path=/api/v1/category SpendTime="2 ms" status=200
time="2022-04-10 23:51:47" level=info Agent="Mozilla/5.0 (Windows NT 10.0; Win64; x64) AppleWebKit/537.36 (KHTML, like Gecko) Chrome/100.0.4896.60 Safari/537.36" DataSize=118 HostName=LAPTOP-86TU9QEB IP="::1" Method=GET Path=/api/v1/category SpendTime="2 ms" status=200
time="2022-04-10 23:51:47" level=info Agent="Mozilla/5.0 (Windows NT 10.0; Win64; x64) AppleWebKit/537.36 (KHTML, like Gecko) Chrome/100.0.4896.60 Safari/537.36" DataSize=1853 HostName=LAPTOP-86TU9QEB IP="::1" Method=GET Path="/api/v1/articles?title=&pagesize=5&pagenum=1" SpendTime="3 ms" status=200
time="2022-04-10 23:51:48" level=info Agent="Mozilla/5.0 (Windows NT 10.0; Win64; x64) AppleWebKit/537.36 (KHTML, like Gecko) Chrome/100.0.4896.60 Safari/537.36" DataSize=118 HostName=LAPTOP-86TU9QEB IP="::1" Method=GET Path=/api/v1/category SpendTime="2 ms" status=200
time="2022-04-10 23:51:48" level=info Agent="Mozilla/5.0 (Windows NT 10.0; Win64; x64) AppleWebKit/537.36 (KHTML, like Gecko) Chrome/100.0.4896.60 Safari/537.36" DataSize=118 HostName=LAPTOP-86TU9QEB IP="::1" Method=GET Path=/api/v1/category SpendTime="3 ms" status=200
time="2022-04-10 23:51:48" level=info Agent="Mozilla/5.0 (Windows NT 10.0; Win64; x64) AppleWebKit/537.36 (KHTML, like Gecko) Chrome/100.0.4896.60 Safari/537.36" DataSize=1853 HostName=LAPTOP-86TU9QEB IP="::1" Method=GET Path="/api/v1/articles?title=&pagesize=5&pagenum=1" SpendTime="4 ms" status=200
time="2022-04-10 23:51:57" level=info Agent="Mozilla/5.0 (Windows NT 10.0; Win64; x64) AppleWebKit/537.36 (KHTML, like Gecko) Chrome/100.0.4896.60 Safari/537.36" DataSize=118 HostName=LAPTOP-86TU9QEB IP="::1" Method=GET Path=/api/v1/category SpendTime="4 ms" status=200
time="2022-04-10 23:52:56" level=info Agent="Mozilla/5.0 (Windows NT 10.0; Win64; x64) AppleWebKit/537.36 (KHTML, like Gecko) Chrome/100.0.4896.60 Safari/537.36" DataSize=118 HostName=LAPTOP-86TU9QEB IP="::1" Method=GET Path=/api/v1/category SpendTime="5 ms" status=200
time="2022-04-10 23:52:57" level=info Agent="Mozilla/5.0 (Windows NT 10.0; Win64; x64) AppleWebKit/537.36 (KHTML, like Gecko) Chrome/100.0.4896.60 Safari/537.36" DataSize=1853 HostName=LAPTOP-86TU9QEB IP="::1" Method=GET Path="/api/v1/articles?title=&pagesize=5&pagenum=1" SpendTime="2 ms" status=200
time="2022-04-10 23:52:57" level=info Agent="Mozilla/5.0 (Windows NT 10.0; Win64; x64) AppleWebKit/537.36 (KHTML, like Gecko) Chrome/100.0.4896.60 Safari/537.36" DataSize=118 HostName=LAPTOP-86TU9QEB IP="::1" Method=GET Path=/api/v1/category SpendTime="25 ms" status=200
time="2022-04-10 23:52:59" level=info Agent="Mozilla/5.0 (Windows NT 10.0; Win64; x64) AppleWebKit/537.36 (KHTML, like Gecko) Chrome/100.0.4896.60 Safari/537.36" DataSize=581 HostName=LAPTOP-86TU9QEB IP="::1" Method=GET Path=/api/v1/article/info/2 SpendTime="2 ms" status=200
time="2022-04-10 23:52:59" level=info Agent="Mozilla/5.0 (Windows NT 10.0; Win64; x64) AppleWebKit/537.36 (KHTML, like Gecko) Chrome/100.0.4896.60 Safari/537.36" DataSize=118 HostName=LAPTOP-86TU9QEB IP="::1" Method=GET Path=/api/v1/category SpendTime="2 ms" status=200
time="2022-04-10 23:53:06" level=info Agent="Mozilla/5.0 (Windows NT 10.0; Win64; x64) AppleWebKit/537.36 (KHTML, like Gecko) Chrome/100.0.4896.60 Safari/537.36" DataSize=118 HostName=LAPTOP-86TU9QEB IP="::1" Method=GET Path="/api/v1/category?pagesize=5&pagenum=1" SpendTime="1 ms" status=200
time="2022-04-10 23:53:08" level=info Agent="Mozilla/5.0 (Windows NT 10.0; Win64; x64) AppleWebKit/537.36 (KHTML, like Gecko) Chrome/100.0.4896.60 Safari/537.36" DataSize=1719 HostName=LAPTOP-86TU9QEB IP="::1" Method=GET Path="/api/v1/users?username=&pagesize=5&pagenum=1" SpendTime="27 ms" status=200
time="2022-04-10 23:53:10" level=info Agent="Mozilla/5.0 (Windows NT 10.0; Win64; x64) AppleWebKit/537.36 (KHTML, like Gecko) Chrome/100.0.4896.60 Safari/537.36" DataSize=211 HostName=LAPTOP-86TU9QEB IP="::1" Method=GET Path=/api/v1/user/2 SpendTime="2 ms" status=200
time="2022-04-10 23:53:36" level=info Agent="Mozilla/5.0 (Windows NT 10.0; Win64; x64) AppleWebKit/537.36 (KHTML, like Gecko) Chrome/100.0.4896.60 Safari/537.36" DataSize=118 HostName=LAPTOP-86TU9QEB IP="::1" Method=GET Path=/api/v1/category SpendTime="3 ms" status=200
time="2022-04-10 23:53:36" level=info Agent="Mozilla/5.0 (Windows NT 10.0; Win64; x64) AppleWebKit/537.36 (KHTML, like Gecko) Chrome/100.0.4896.60 Safari/537.36" DataSize=1853 HostName=LAPTOP-86TU9QEB IP="::1" Method=GET Path="/api/v1/articles?title=&pagesize=5&pagenum=1" SpendTime="193 ms" status=200
time="2022-04-10 23:53:37" level=info Agent="Mozilla/5.0 (Windows NT 10.0; Win64; x64) AppleWebKit/537.36 (KHTML, like Gecko) Chrome/100.0.4896.60 Safari/537.36" DataSize=118 HostName=LAPTOP-86TU9QEB IP="::1" Method=GET Path=/api/v1/category SpendTime="3 ms" status=200
time="2022-04-10 23:53:37" level=info Agent="Mozilla/5.0 (Windows NT 10.0; Win64; x64) AppleWebKit/537.36 (KHTML, like Gecko) Chrome/100.0.4896.60 Safari/537.36" DataSize=581 HostName=LAPTOP-86TU9QEB IP="::1" Method=GET Path=/api/v1/article/info/2 SpendTime="4 ms" status=200
time="2022-04-10 23:53:41" level=info Agent="Mozilla/5.0 (Windows NT 10.0; Win64; x64) AppleWebKit/537.36 (KHTML, like Gecko) Chrome/100.0.4896.60 Safari/537.36" DataSize=118 HostName=LAPTOP-86TU9QEB IP="::1" Method=GET Path=/api/v1/category SpendTime="2 ms" status=200
time="2022-04-10 23:53:42" level=info Agent="Mozilla/5.0 (Windows NT 10.0; Win64; x64) AppleWebKit/537.36 (KHTML, like Gecko) Chrome/100.0.4896.60 Safari/537.36" DataSize=118 HostName=LAPTOP-86TU9QEB IP="::1" Method=GET Path=/api/v1/category SpendTime="2 ms" status=200
time="2022-04-10 23:53:42" level=info Agent="Mozilla/5.0 (Windows NT 10.0; Win64; x64) AppleWebKit/537.36 (KHTML, like Gecko) Chrome/100.0.4896.60 Safari/537.36" DataSize=1853 HostName=LAPTOP-86TU9QEB IP="::1" Method=GET Path="/api/v1/articles?title=&pagesize=5&pagenum=1" SpendTime="3 ms" status=200
time="2022-04-10 23:53:54" level=info Agent="Mozilla/5.0 (Windows NT 10.0; Win64; x64) AppleWebKit/537.36 (KHTML, like Gecko) Chrome/100.0.4896.60 Safari/537.36" DataSize=118 HostName=LAPTOP-86TU9QEB IP="::1" Method=GET Path="/api/v1/category?pagesize=5&pagenum=1" SpendTime="4 ms" status=200
time="2022-04-10 23:53:55" level=info Agent="Mozilla/5.0 (Windows NT 10.0; Win64; x64) AppleWebKit/537.36 (KHTML, like Gecko) Chrome/100.0.4896.60 Safari/537.36" DataSize=1719 HostName=LAPTOP-86TU9QEB IP="::1" Method=GET Path="/api/v1/users?username=&pagesize=5&pagenum=1" SpendTime="15 ms" status=200
time="2022-04-10 23:53:57" level=info Agent="Mozilla/5.0 (Windows NT 10.0; Win64; x64) AppleWebKit/537.36 (KHTML, like Gecko) Chrome/100.0.4896.60 Safari/537.36" DataSize=118 HostName=LAPTOP-86TU9QEB IP="::1" Method=GET Path="/api/v1/category?pagesize=5&pagenum=1" SpendTime="2 ms" status=200
time="2022-04-10 23:53:58" level=info Agent="Mozilla/5.0 (Windows NT 10.0; Win64; x64) AppleWebKit/537.36 (KHTML, like Gecko) Chrome/100.0.4896.60 Safari/537.36" DataSize=1853 HostName=LAPTOP-86TU9QEB IP="::1" Method=GET Path="/api/v1/articles?title=&pagesize=5&pagenum=1" SpendTime="2 ms" status=200
time="2022-04-10 23:53:58" level=info Agent="Mozilla/5.0 (Windows NT 10.0; Win64; x64) AppleWebKit/537.36 (KHTML, like Gecko) Chrome/100.0.4896.60 Safari/537.36" DataSize=118 HostName=LAPTOP-86TU9QEB IP="::1" Method=GET Path=/api/v1/category SpendTime="7 ms" status=200
time="2022-04-10 23:54:02" level=info Agent="Mozilla/5.0 (Windows NT 10.0; Win64; x64) AppleWebKit/537.36 (KHTML, like Gecko) Chrome/100.0.4896.60 Safari/537.36" DataSize=118 HostName=LAPTOP-86TU9QEB IP="::1" Method=GET Path=/api/v1/category SpendTime="5 ms" status=200
time="2022-04-10 23:54:05" level=info Agent="Mozilla/5.0 (Windows NT 10.0; Win64; x64) AppleWebKit/537.36 (KHTML, like Gecko) Chrome/100.0.4896.60 Safari/537.36" DataSize=1853 HostName=LAPTOP-86TU9QEB IP="::1" Method=GET Path="/api/v1/articles?title=&pagesize=5&pagenum=1" SpendTime="2 ms" status=200
time="2022-04-10 23:54:05" level=info Agent="Mozilla/5.0 (Windows NT 10.0; Win64; x64) AppleWebKit/537.36 (KHTML, like Gecko) Chrome/100.0.4896.60 Safari/537.36" DataSize=118 HostName=LAPTOP-86TU9QEB IP="::1" Method=GET Path=/api/v1/category SpendTime="4 ms" status=200
time="2022-04-10 23:54:15" level=info Agent="Mozilla/5.0 (Windows NT 10.0; Win64; x64) AppleWebKit/537.36 (KHTML, like Gecko) Chrome/100.0.4896.60 Safari/537.36" DataSize=1853 HostName=LAPTOP-86TU9QEB IP="::1" Method=GET Path="/api/v1/articles?title=&pagesize=10&pagenum=1" SpendTime="2 ms" status=200
time="2022-04-10 23:54:17" level=info Agent="Mozilla/5.0 (Windows NT 10.0; Win64; x64) AppleWebKit/537.36 (KHTML, like Gecko) Chrome/100.0.4896.60 Safari/537.36" DataSize=1853 HostName=LAPTOP-86TU9QEB IP="::1" Method=GET Path="/api/v1/articles?title=&pagesize=5&pagenum=1" SpendTime="4 ms" status=200
time="2022-04-10 23:54:19" level=info Agent="Mozilla/5.0 (Windows NT 10.0; Win64; x64) AppleWebKit/537.36 (KHTML, like Gecko) Chrome/100.0.4896.60 Safari/537.36" DataSize=1853 HostName=LAPTOP-86TU9QEB IP="::1" Method=GET Path="/api/v1/articles?title=&pagesize=10&pagenum=1" SpendTime="2 ms" status=200
time="2022-04-10 23:54:20" level=info Agent="Mozilla/5.0 (Windows NT 10.0; Win64; x64) AppleWebKit/537.36 (KHTML, like Gecko) Chrome/100.0.4896.60 Safari/537.36" DataSize=1853 HostName=LAPTOP-86TU9QEB IP="::1" Method=GET Path="/api/v1/articles?title=&pagesize=5&pagenum=1" SpendTime="2 ms" status=200
time="2022-04-10 23:54:24" level=info Agent="Mozilla/5.0 (Windows NT 10.0; Win64; x64) AppleWebKit/537.36 (KHTML, like Gecko) Chrome/100.0.4896.60 Safari/537.36" DataSize=118 HostName=LAPTOP-86TU9QEB IP="::1" Method=GET Path="/api/v1/category?pagesize=5&pagenum=1" SpendTime="2 ms" status=200
time="2022-04-10 23:54:25" level=info Agent="Mozilla/5.0 (Windows NT 10.0; Win64; x64) AppleWebKit/537.36 (KHTML, like Gecko) Chrome/100.0.4896.60 Safari/537.36" DataSize=1719 HostName=LAPTOP-86TU9QEB IP="::1" Method=GET Path="/api/v1/users?username=&pagesize=5&pagenum=1" SpendTime="1 ms" status=200
time="2022-04-10 23:54:27" level=info Agent="Mozilla/5.0 (Windows NT 10.0; Win64; x64) AppleWebKit/537.36 (KHTML, like Gecko) Chrome/100.0.4896.60 Safari/537.36" DataSize=1719 HostName=LAPTOP-86TU9QEB IP="::1" Method=GET Path="/api/v1/users?username=&pagesize=10&pagenum=1" SpendTime="1 ms" status=200
time="2022-04-10 23:54:29" level=info Agent="Mozilla/5.0 (Windows NT 10.0; Win64; x64) AppleWebKit/537.36 (KHTML, like Gecko) Chrome/100.0.4896.60 Safari/537.36" DataSize=1719 HostName=LAPTOP-86TU9QEB IP="::1" Method=GET Path="/api/v1/users?username=&pagesize=5&pagenum=1" SpendTime="4 ms" status=200
time="2022-04-10 23:54:30" level=info Agent="Mozilla/5.0 (Windows NT 10.0; Win64; x64) AppleWebKit/537.36 (KHTML, like Gecko) Chrome/100.0.4896.60 Safari/537.36" DataSize=1719 HostName=LAPTOP-86TU9QEB IP="::1" Method=GET Path="/api/v1/users?username=&pagesize=5&pagenum=2" SpendTime="2 ms" status=200
time="2022-04-10 23:54:31" level=info Agent="Mozilla/5.0 (Windows NT 10.0; Win64; x64) AppleWebKit/537.36 (KHTML, like Gecko) Chrome/100.0.4896.60 Safari/537.36" DataSize=1719 HostName=LAPTOP-86TU9QEB IP="::1" Method=GET Path="/api/v1/users?username=&pagesize=5&pagenum=3" SpendTime="2 ms" status=200
time="2022-04-10 23:54:32" level=info Agent="Mozilla/5.0 (Windows NT 10.0; Win64; x64) AppleWebKit/537.36 (KHTML, like Gecko) Chrome/100.0.4896.60 Safari/537.36" DataSize=1719 HostName=LAPTOP-86TU9QEB IP="::1" Method=GET Path="/api/v1/users?username=&pagesize=5&pagenum=1" SpendTime="2 ms" status=200
time="2022-04-10 23:55:07" level=info Agent="Mozilla/5.0 (Windows NT 10.0; Win64; x64) AppleWebKit/537.36 (KHTML, like Gecko) Chrome/100.0.4896.60 Safari/537.36" DataSize=49 HostName=LAPTOP-86TU9QEB IP="::1" Method=GET Path="/api/v1/users?username=await&pagesize=5&pagenum=2" SpendTime="4 ms" status=200
time="2022-04-10 23:55:09" level=info Agent="Mozilla/5.0 (Windows NT 10.0; Win64; x64) AppleWebKit/537.36 (KHTML, like Gecko) Chrome/100.0.4896.60 Safari/537.36" DataSize=118 HostName=LAPTOP-86TU9QEB IP="::1" Method=GET Path="/api/v1/category?pagesize=5&pagenum=1" SpendTime="1 ms" status=200
time="2022-04-10 23:55:09" level=info Agent="Mozilla/5.0 (Windows NT 10.0; Win64; x64) AppleWebKit/537.36 (KHTML, like Gecko) Chrome/100.0.4896.60 Safari/537.36" DataSize=1719 HostName=LAPTOP-86TU9QEB IP="::1" Method=GET Path="/api/v1/users?username=&pagesize=5&pagenum=1" SpendTime="1 ms" status=200
time="2022-04-10 23:55:10" level=info Agent="Mozilla/5.0 (Windows NT 10.0; Win64; x64) AppleWebKit/537.36 (KHTML, like Gecko) Chrome/100.0.4896.60 Safari/537.36" DataSize=118 HostName=LAPTOP-86TU9QEB IP="::1" Method=GET Path="/api/v1/category?pagesize=5&pagenum=1" SpendTime="3 ms" status=200
time="2022-04-10 23:55:10" level=info Agent="Mozilla/5.0 (Windows NT 10.0; Win64; x64) AppleWebKit/537.36 (KHTML, like Gecko) Chrome/100.0.4896.60 Safari/537.36" DataSize=1719 HostName=LAPTOP-86TU9QEB IP="::1" Method=GET Path="/api/v1/users?username=&pagesize=5&pagenum=1" SpendTime="2 ms" status=200
time="2022-04-10 23:55:11" level=info Agent="Mozilla/5.0 (Windows NT 10.0; Win64; x64) AppleWebKit/537.36 (KHTML, like Gecko) Chrome/100.0.4896.60 Safari/537.36" DataSize=1719 HostName=LAPTOP-86TU9QEB IP="::1" Method=GET Path="/api/v1/users?username=&pagesize=5&pagenum=2" SpendTime="2 ms" status=200
time="2022-04-10 23:55:12" level=info Agent="Mozilla/5.0 (Windows NT 10.0; Win64; x64) AppleWebKit/537.36 (KHTML, like Gecko) Chrome/100.0.4896.60 Safari/537.36" DataSize=1719 HostName=LAPTOP-86TU9QEB IP="::1" Method=GET Path="/api/v1/users?username=&pagesize=5&pagenum=3" SpendTime="1 ms" status=200
time="2022-04-10 23:55:12" level=info Agent="Mozilla/5.0 (Windows NT 10.0; Win64; x64) AppleWebKit/537.36 (KHTML, like Gecko) Chrome/100.0.4896.60 Safari/537.36" DataSize=1719 HostName=LAPTOP-86TU9QEB IP="::1" Method=GET Path="/api/v1/users?username=&pagesize=5&pagenum=1" SpendTime="1 ms" status=200
time="2022-04-10 23:55:14" level=info Agent="Mozilla/5.0 (Windows NT 10.0; Win64; x64) AppleWebKit/537.36 (KHTML, like Gecko) Chrome/100.0.4896.60 Safari/537.36" DataSize=1719 HostName=LAPTOP-86TU9QEB IP="::1" Method=GET Path="/api/v1/users?username=&pagesize=10&pagenum=1" SpendTime="1 ms" status=200
time="2022-04-10 23:55:16" level=info Agent="Mozilla/5.0 (Windows NT 10.0; Win64; x64) AppleWebKit/537.36 (KHTML, like Gecko) Chrome/100.0.4896.60 Safari/537.36" DataSize=1719 HostName=LAPTOP-86TU9QEB IP="::1" Method=GET Path="/api/v1/users?username=&pagesize=20&pagenum=1" SpendTime="1 ms" status=200
time="2022-04-10 23:55:33" level=info Agent="Mozilla/5.0 (Windows NT 10.0; Win64; x64) AppleWebKit/537.36 (KHTML, like Gecko) Chrome/100.0.4896.60 Safari/537.36" DataSize=118 HostName=LAPTOP-86TU9QEB IP="::1" Method=GET Path="/api/v1/category?pagesize=5&pagenum=1" SpendTime="6 ms" status=200
time="2022-04-10 23:55:35" level=info Agent="Mozilla/5.0 (Windows NT 10.0; Win64; x64) AppleWebKit/537.36 (KHTML, like Gecko) Chrome/100.0.4896.60 Safari/537.36" DataSize=1853 HostName=LAPTOP-86TU9QEB IP="::1" Method=GET Path="/api/v1/articles?title=&pagesize=5&pagenum=1" SpendTime="3 ms" status=200
time="2022-04-10 23:55:35" level=info Agent="Mozilla/5.0 (Windows NT 10.0; Win64; x64) AppleWebKit/537.36 (KHTML, like Gecko) Chrome/100.0.4896.60 Safari/537.36" DataSize=118 HostName=LAPTOP-86TU9QEB IP="::1" Method=GET Path=/api/v1/category SpendTime="6 ms" status=200
time="2022-04-10 23:55:36" level=info Agent="Mozilla/5.0 (Windows NT 10.0; Win64; x64) AppleWebKit/537.36 (KHTML, like Gecko) Chrome/100.0.4896.60 Safari/537.36" DataSize=118 HostName=LAPTOP-86TU9QEB IP="::1" Method=GET Path=/api/v1/category SpendTime="2 ms" status=200
time="2022-04-10 23:55:38" level=info Agent="Mozilla/5.0 (Windows NT 10.0; Win64; x64) AppleWebKit/537.36 (KHTML, like Gecko) Chrome/100.0.4896.60 Safari/537.36" DataSize=118 HostName=LAPTOP-86TU9QEB IP="::1" Method=GET Path=/api/v1/category SpendTime="2 ms" status=200
time="2022-04-10 23:55:38" level=info Agent="Mozilla/5.0 (Windows NT 10.0; Win64; x64) AppleWebKit/537.36 (KHTML, like Gecko) Chrome/100.0.4896.60 Safari/537.36" DataSize=1853 HostName=LAPTOP-86TU9QEB IP="::1" Method=GET Path="/api/v1/articles?title=&pagesize=5&pagenum=1" SpendTime="3 ms" status=200
time="2022-04-10 23:55:41" level=info Agent="Mozilla/5.0 (Windows NT 10.0; Win64; x64) AppleWebKit/537.36 (KHTML, like Gecko) Chrome/100.0.4896.60 Safari/537.36" DataSize=118 HostName=LAPTOP-86TU9QEB IP="::1" Method=GET Path=/api/v1/category SpendTime="1 ms" status=200
time="2022-04-10 23:55:47" level=info Agent="Mozilla/5.0 (Windows NT 10.0; Win64; x64) AppleWebKit/537.36 (KHTML, like Gecko) Chrome/100.0.4896.60 Safari/537.36" DataSize=118 HostName=LAPTOP-86TU9QEB IP="::1" Method=GET Path=/api/v1/category SpendTime="4 ms" status=200
time="2022-04-10 23:55:47" level=info Agent="Mozilla/5.0 (Windows NT 10.0; Win64; x64) AppleWebKit/537.36 (KHTML, like Gecko) Chrome/100.0.4896.60 Safari/537.36" DataSize=1853 HostName=LAPTOP-86TU9QEB IP="::1" Method=GET Path="/api/v1/articles?title=&pagesize=5&pagenum=1" SpendTime="6 ms" status=200
time="2022-04-10 23:55:48" level=info Agent="Mozilla/5.0 (Windows NT 10.0; Win64; x64) AppleWebKit/537.36 (KHTML, like Gecko) Chrome/100.0.4896.60 Safari/537.36" DataSize=118 HostName=LAPTOP-86TU9QEB IP="::1" Method=GET Path=/api/v1/category SpendTime="2 ms" status=200
time="2022-04-10 23:55:50" level=info Agent="Mozilla/5.0 (Windows NT 10.0; Win64; x64) AppleWebKit/537.36 (KHTML, like Gecko) Chrome/100.0.4896.60 Safari/537.36" DataSize=118 HostName=LAPTOP-86TU9QEB IP="::1" Method=GET Path=/api/v1/category SpendTime="2 ms" status=200
time="2022-04-10 23:55:50" level=info Agent="Mozilla/5.0 (Windows NT 10.0; Win64; x64) AppleWebKit/537.36 (KHTML, like Gecko) Chrome/100.0.4896.60 Safari/537.36" DataSize=1853 HostName=LAPTOP-86TU9QEB IP="::1" Method=GET Path="/api/v1/articles?title=&pagesize=5&pagenum=1" SpendTime="3 ms" status=200
time="2022-04-10 23:55:52" level=info Agent="Mozilla/5.0 (Windows NT 10.0; Win64; x64) AppleWebKit/537.36 (KHTML, like Gecko) Chrome/100.0.4896.60 Safari/537.36" DataSize=118 HostName=LAPTOP-86TU9QEB IP="::1" Method=GET Path=/api/v1/category SpendTime="2 ms" status=200
time="2022-04-10 23:55:52" level=info Agent="Mozilla/5.0 (Windows NT 10.0; Win64; x64) AppleWebKit/537.36 (KHTML, like Gecko) Chrome/100.0.4896.60 Safari/537.36" DataSize=581 HostName=LAPTOP-86TU9QEB IP="::1" Method=GET Path=/api/v1/article/info/2 SpendTime="2 ms" status=200
time="2022-04-10 23:57:12" level=info Agent="Mozilla/5.0 (Windows NT 10.0; Win64; x64) AppleWebKit/537.36 (KHTML, like Gecko) Chrome/100.0.4896.60 Safari/537.36" DataSize=1719 HostName=LAPTOP-86TU9QEB IP="::1" Method=GET Path="/api/v1/users?username=&pagesize=5&pagenum=1" SpendTime="42 ms" status=200
time="2022-04-10 23:57:13" level=info Agent="Mozilla/5.0 (Windows NT 10.0; Win64; x64) AppleWebKit/537.36 (KHTML, like Gecko) Chrome/100.0.4896.60 Safari/537.36" DataSize=118 HostName=LAPTOP-86TU9QEB IP="::1" Method=GET Path="/api/v1/category?pagesize=5&pagenum=1" SpendTime="2 ms" status=200
time="2022-04-10 23:57:14" level=info Agent="Mozilla/5.0 (Windows NT 10.0; Win64; x64) AppleWebKit/537.36 (KHTML, like Gecko) Chrome/100.0.4896.60 Safari/537.36" DataSize=1719 HostName=LAPTOP-86TU9QEB IP="::1" Method=GET Path="/api/v1/users?username=&pagesize=5&pagenum=1" SpendTime="1 ms" status=200
time="2022-04-10 23:57:14" level=info Agent="Mozilla/5.0 (Windows NT 10.0; Win64; x64) AppleWebKit/537.36 (KHTML, like Gecko) Chrome/100.0.4896.60 Safari/537.36" DataSize=118 HostName=LAPTOP-86TU9QEB IP="::1" Method=GET Path="/api/v1/category?pagesize=5&pagenum=1" SpendTime="3 ms" status=200
time="2022-04-10 23:57:14" level=info Agent="Mozilla/5.0 (Windows NT 10.0; Win64; x64) AppleWebKit/537.36 (KHTML, like Gecko) Chrome/100.0.4896.60 Safari/537.36" DataSize=1719 HostName=LAPTOP-86TU9QEB IP="::1" Method=GET Path="/api/v1/users?username=&pagesize=5&pagenum=1" SpendTime="2 ms" status=200
time="2022-04-10 23:57:15" level=info Agent="Mozilla/5.0 (Windows NT 10.0; Win64; x64) AppleWebKit/537.36 (KHTML, like Gecko) Chrome/100.0.4896.60 Safari/537.36" DataSize=1853 HostName=LAPTOP-86TU9QEB IP="::1" Method=GET Path="/api/v1/articles?title=&pagesize=5&pagenum=1" SpendTime="3 ms" status=200
time="2022-04-10 23:57:15" level=info Agent="Mozilla/5.0 (Windows NT 10.0; Win64; x64) AppleWebKit/537.36 (KHTML, like Gecko) Chrome/100.0.4896.60 Safari/537.36" DataSize=118 HostName=LAPTOP-86TU9QEB IP="::1" Method=GET Path=/api/v1/category SpendTime="6 ms" status=200
time="2022-04-10 23:57:30" level=info Agent="Mozilla/5.0 (Windows NT 10.0; Win64; x64) AppleWebKit/537.36 (KHTML, like Gecko) Chrome/100.0.4896.60 Safari/537.36" DataSize=118 HostName=LAPTOP-86TU9QEB IP="::1" Method=GET Path=/api/v1/category SpendTime="4 ms" status=200
time="2022-04-10 23:57:32" level=info Agent="Mozilla/5.0 (Windows NT 10.0; Win64; x64) AppleWebKit/537.36 (KHTML, like Gecko) Chrome/100.0.4896.60 Safari/537.36" DataSize=1853 HostName=LAPTOP-86TU9QEB IP="::1" Method=GET Path="/api/v1/articles?title=&pagesize=5&pagenum=1" SpendTime="4 ms" status=200
time="2022-04-10 23:57:32" level=info Agent="Mozilla/5.0 (Windows NT 10.0; Win64; x64) AppleWebKit/537.36 (KHTML, like Gecko) Chrome/100.0.4896.60 Safari/537.36" DataSize=118 HostName=LAPTOP-86TU9QEB IP="::1" Method=GET Path=/api/v1/category SpendTime="5 ms" status=200
time="2022-04-10 23:57:33" level=info Agent="Mozilla/5.0 (Windows NT 10.0; Win64; x64) AppleWebKit/537.36 (KHTML, like Gecko) Chrome/100.0.4896.60 Safari/537.36" DataSize=118 HostName=LAPTOP-86TU9QEB IP="::1" Method=GET Path=/api/v1/category SpendTime="2 ms" status=200
time="2022-04-10 23:57:33" level=info Agent="Mozilla/5.0 (Windows NT 10.0; Win64; x64) AppleWebKit/537.36 (KHTML, like Gecko) Chrome/100.0.4896.60 Safari/537.36" DataSize=581 HostName=LAPTOP-86TU9QEB IP="::1" Method=GET Path=/api/v1/article/info/2 SpendTime="2 ms" status=200
