time="2022-05-09 00:10:09" level=info Agent="Mozilla/5.0 (Windows NT 10.0; Win64; x64) AppleWebKit/537.36 (KHTML, like Gecko) Chrome/101.0.4951.54 Safari/537.36" DataSize=1176 HostName=DESKTOP-DFPRTUS IP="::1" Method=GET Path=/ SpendTime="1 ms" status=200
time="2022-05-09 00:10:09" level=info Agent="Mozilla/5.0 (Windows NT 10.0; Win64; x64) AppleWebKit/537.36 (KHTML, like Gecko) Chrome/101.0.4951.54 Safari/537.36" DataSize=6312 HostName=DESKTOP-DFPRTUS IP="::1" Method=GET Path=/css/app.5c24119c.css SpendTime="89 ms" status=200
time="2022-05-09 00:10:09" level=info Agent="Mozilla/5.0 (Windows NT 10.0; Win64; x64) AppleWebKit/537.36 (KHTML, like Gecko) Chrome/101.0.4951.54 Safari/537.36" DataSize=200891 HostName=DESKTOP-DFPRTUS IP="::1" Method=GET Path=/js/app.a1c21b50.js SpendTime="86 ms" status=200
time="2022-05-09 00:10:09" level=info Agent="Mozilla/5.0 (Windows NT 10.0; Win64; x64) AppleWebKit/537.36 (KHTML, like Gecko) Chrome/101.0.4951.54 Safari/537.36" DataSize=385792 HostName=DESKTOP-DFPRTUS IP="::1" Method=GET Path=/css/chunk-vendors.33c5459a.css SpendTime="89 ms" status=200
time="2022-05-09 00:10:09" level=info Agent="Mozilla/5.0 (Windows NT 10.0; Win64; x64) AppleWebKit/537.36 (KHTML, like Gecko) Chrome/101.0.4951.54 Safari/537.36" DataSize=744194 HostName=DESKTOP-DFPRTUS IP="::1" Method=GET Path=/js/chunk-vendors.06628bd1.js SpendTime="87 ms" status=200
time="2022-05-09 00:10:09" level=info Agent="Mozilla/5.0 (Windows NT 10.0; Win64; x64) AppleWebKit/537.36 (KHTML, like Gecko) Chrome/101.0.4951.54 Safari/537.36" DataSize=316 HostName=DESKTOP-DFPRTUS IP="::1" Method=GET Path=/api/v1/profile/1 SpendTime="8 ms" status=200
time="2022-05-09 00:10:09" level=info Agent="Mozilla/5.0 (Windows NT 10.0; Win64; x64) AppleWebKit/537.36 (KHTML, like Gecko) Chrome/101.0.4951.54 Safari/537.36" DataSize=143 HostName=DESKTOP-DFPRTUS IP="::1" Method=GET Path=/api/v1/category SpendTime="11 ms" status=200
time="2022-05-09 00:10:09" level=info Agent="Mozilla/5.0 (Windows NT 10.0; Win64; x64) AppleWebKit/537.36 (KHTML, like Gecko) Chrome/101.0.4951.54 Safari/537.36" DataSize=71062 HostName=DESKTOP-DFPRTUS IP="::1" Method=GET Path="/api/v1/articles?pagesize=5&pagenum=1" SpendTime="13 ms" status=200
time="2022-05-09 00:10:17" level=info Agent="Mozilla/5.0 (Windows NT 10.0; Win64; x64) AppleWebKit/537.36 (KHTML, like Gecko) Chrome/101.0.4951.54 Safari/537.36" DataSize=273 HostName=DESKTOP-DFPRTUS IP="::1" Method=GET Path=/api/v1/comment SpendTime="5 ms" status=200
time="2022-05-09 00:10:17" level=info Agent="Mozilla/5.0 (Windows NT 10.0; Win64; x64) AppleWebKit/537.36 (KHTML, like Gecko) Chrome/101.0.4951.54 Safari/537.36" DataSize=19269 HostName=DESKTOP-DFPRTUS IP="::1" Method=GET Path=/api/v1/article/info/5 SpendTime="17 ms" status=200
time="2022-05-09 00:10:19" level=info Agent="Mozilla/5.0 (Windows NT 10.0; Win64; x64) AppleWebKit/537.36 (KHTML, like Gecko) Chrome/101.0.4951.54 Safari/537.36" DataSize=4286 HostName=DESKTOP-DFPRTUS IP="::1" Method=GET Path=/favicon.ico SpendTime="1 ms" status=200
time="2022-05-09 00:11:49" level=info Agent="Mozilla/5.0 (Windows NT 10.0; Win64; x64) AppleWebKit/537.36 (KHTML, like Gecko) Chrome/101.0.4951.54 Safari/537.36" DataSize=71062 HostName=DESKTOP-DFPRTUS IP="::1" Method=GET Path="/api/v1/articles?pagesize=5&pagenum=1" SpendTime="5 ms" status=200
time="2022-05-09 00:11:54" level=info Agent="Mozilla/5.0 (Windows NT 10.0; Win64; x64) AppleWebKit/537.36 (KHTML, like Gecko) Chrome/101.0.4951.54 Safari/537.36" DataSize=19281 HostName=DESKTOP-DFPRTUS IP="::1" Method=GET Path="/api/v1/articles?title=Go&pagesize=5&pagenum=1" SpendTime="4 ms" status=200
time="2022-05-09 00:11:59" level=warning Agent="Mozilla/5.0 (Windows NT 10.0; Win64; x64) AppleWebKit/537.36 (KHTML, like Gecko) Chrome/101.0.4951.54 Safari/537.36" DataSize=0 HostName=DESKTOP-DFPRTUS IP="::1" Method=GET Path=/search/ SpendTime="0 ms" status=404
time="2022-05-09 00:11:59" level=info Agent="Mozilla/5.0 (Windows NT 10.0; Win64; x64) AppleWebKit/537.36 (KHTML, like Gecko) Chrome/101.0.4951.54 Safari/537.36" DataSize=0 HostName=DESKTOP-DFPRTUS IP="::1" Method=GET Path=/favicon.ico SpendTime="1 ms" status=304
time="2022-05-09 00:12:01" level=info Agent="Mozilla/5.0 (Windows NT 10.0; Win64; x64) AppleWebKit/537.36 (KHTML, like Gecko) Chrome/101.0.4951.54 Safari/537.36" DataSize=1176 HostName=DESKTOP-DFPRTUS IP="::1" Method=GET Path=/ SpendTime="1 ms" status=200
time="2022-05-09 00:12:01" level=info Agent="Mozilla/5.0 (Windows NT 10.0; Win64; x64) AppleWebKit/537.36 (KHTML, like Gecko) Chrome/101.0.4951.54 Safari/537.36" DataSize=0 HostName=DESKTOP-DFPRTUS IP="::1" Method=GET Path=/css/app.5c24119c.css SpendTime="1 ms" status=304
time="2022-05-09 00:12:01" level=info Agent="Mozilla/5.0 (Windows NT 10.0; Win64; x64) AppleWebKit/537.36 (KHTML, like Gecko) Chrome/101.0.4951.54 Safari/537.36" DataSize=0 HostName=DESKTOP-DFPRTUS IP="::1" Method=GET Path=/css/chunk-vendors.33c5459a.css SpendTime="0 ms" status=304
time="2022-05-09 00:12:01" level=info Agent="Mozilla/5.0 (Windows NT 10.0; Win64; x64) AppleWebKit/537.36 (KHTML, like Gecko) Chrome/101.0.4951.54 Safari/537.36" DataSize=0 HostName=DESKTOP-DFPRTUS IP="::1" Method=GET Path=/js/app.a1c21b50.js SpendTime="1 ms" status=304
time="2022-05-09 00:12:01" level=info Agent="Mozilla/5.0 (Windows NT 10.0; Win64; x64) AppleWebKit/537.36 (KHTML, like Gecko) Chrome/101.0.4951.54 Safari/537.36" DataSize=0 HostName=DESKTOP-DFPRTUS IP="::1" Method=GET Path=/js/chunk-vendors.06628bd1.js SpendTime="1 ms" status=304
time="2022-05-09 00:12:02" level=info Agent="Mozilla/5.0 (Windows NT 10.0; Win64; x64) AppleWebKit/537.36 (KHTML, like Gecko) Chrome/101.0.4951.54 Safari/537.36" DataSize=143 HostName=DESKTOP-DFPRTUS IP="::1" Method=GET Path=/api/v1/category SpendTime="4 ms" status=200
time="2022-05-09 00:12:02" level=info Agent="Mozilla/5.0 (Windows NT 10.0; Win64; x64) AppleWebKit/537.36 (KHTML, like Gecko) Chrome/101.0.4951.54 Safari/537.36" DataSize=316 HostName=DESKTOP-DFPRTUS IP="::1" Method=GET Path=/api/v1/profile/1 SpendTime="3 ms" status=200
time="2022-05-09 00:12:02" level=info Agent="Mozilla/5.0 (Windows NT 10.0; Win64; x64) AppleWebKit/537.36 (KHTML, like Gecko) Chrome/101.0.4951.54 Safari/537.36" DataSize=71062 HostName=DESKTOP-DFPRTUS IP="::1" Method=GET Path="/api/v1/articles?pagesize=5&pagenum=1" SpendTime="5 ms" status=200
time="2022-05-09 00:12:07" level=info Agent="Mozilla/5.0 (Windows NT 10.0; Win64; x64) AppleWebKit/537.36 (KHTML, like Gecko) Chrome/101.0.4951.54 Safari/537.36" DataSize=24912 HostName=DESKTOP-DFPRTUS IP="::1" Method=GET Path="/api/v1/articles?title=%E5%B8%B8%E8%A7%81&pagesize=5&pagenum=1" SpendTime="5 ms" status=200
time="2022-05-09 00:12:10" level=info Agent="Mozilla/5.0 (Windows NT 10.0; Win64; x64) AppleWebKit/537.36 (KHTML, like Gecko) Chrome/101.0.4951.54 Safari/537.36" DataSize=71062 HostName=DESKTOP-DFPRTUS IP="::1" Method=GET Path="/api/v1/articles?pagesize=5&pagenum=1" SpendTime="5 ms" status=200
time="2022-05-09 00:12:17" level=info Agent="Mozilla/5.0 (Windows NT 10.0; Win64; x64) AppleWebKit/537.36 (KHTML, like Gecko) Chrome/101.0.4951.54 Safari/537.36" DataSize=316 HostName=DESKTOP-DFPRTUS IP="::1" Method=GET Path=/api/v1/profile/1 SpendTime="2 ms" status=200
time="2022-05-09 00:12:17" level=info Agent="Mozilla/5.0 (Windows NT 10.0; Win64; x64) AppleWebKit/537.36 (KHTML, like Gecko) Chrome/101.0.4951.54 Safari/537.36" DataSize=143 HostName=DESKTOP-DFPRTUS IP="::1" Method=GET Path=/api/v1/category SpendTime="3 ms" status=200
time="2022-05-09 00:12:17" level=info Agent="Mozilla/5.0 (Windows NT 10.0; Win64; x64) AppleWebKit/537.36 (KHTML, like Gecko) Chrome/101.0.4951.54 Safari/537.36" DataSize=71062 HostName=DESKTOP-DFPRTUS IP="::1" Method=GET Path="/api/v1/articles?pagesize=5&pagenum=1" SpendTime="5 ms" status=200
time="2022-05-09 00:12:22" level=info Agent="Mozilla/5.0 (Windows NT 10.0; Win64; x64) AppleWebKit/537.36 (KHTML, like Gecko) Chrome/101.0.4951.54 Safari/537.36" DataSize=24912 HostName=DESKTOP-DFPRTUS IP="::1" Method=GET Path="/api/v1/article/list/4?pagesize=5&pagenum=1" SpendTime="3 ms" status=200
time="2022-05-09 00:12:22" level=info Agent="Mozilla/5.0 (Windows NT 10.0; Win64; x64) AppleWebKit/537.36 (KHTML, like Gecko) Chrome/101.0.4951.54 Safari/537.36" DataSize=9295 HostName=DESKTOP-DFPRTUS IP="::1" Method=GET Path="/api/v1/article/list/3?pagesize=5&pagenum=1" SpendTime="3 ms" status=200
time="2022-05-09 00:12:23" level=info Agent="Mozilla/5.0 (Windows NT 10.0; Win64; x64) AppleWebKit/537.36 (KHTML, like Gecko) Chrome/101.0.4951.54 Safari/537.36" DataSize=31182 HostName=DESKTOP-DFPRTUS IP="::1" Method=GET Path="/api/v1/article/list/2?pagesize=5&pagenum=1" SpendTime="3 ms" status=200
time="2022-05-09 00:12:23" level=info Agent="Mozilla/5.0 (Windows NT 10.0; Win64; x64) AppleWebKit/537.36 (KHTML, like Gecko) Chrome/101.0.4951.54 Safari/537.36" DataSize=5817 HostName=DESKTOP-DFPRTUS IP="::1" Method=GET Path="/api/v1/article/list/1?pagesize=5&pagenum=1" SpendTime="4 ms" status=200
time="2022-05-09 00:12:24" level=info Agent="Mozilla/5.0 (Windows NT 10.0; Win64; x64) AppleWebKit/537.36 (KHTML, like Gecko) Chrome/101.0.4951.54 Safari/537.36" DataSize=31182 HostName=DESKTOP-DFPRTUS IP="::1" Method=GET Path="/api/v1/article/list/2?pagesize=5&pagenum=1" SpendTime="3 ms" status=200
time="2022-05-09 00:12:26" level=info Agent="Mozilla/5.0 (Windows NT 10.0; Win64; x64) AppleWebKit/537.36 (KHTML, like Gecko) Chrome/101.0.4951.54 Safari/537.36" DataSize=71062 HostName=DESKTOP-DFPRTUS IP="::1" Method=GET Path="/api/v1/articles?pagesize=5&pagenum=1" SpendTime="3 ms" status=200
time="2022-05-09 00:12:27" level=info Agent="Mozilla/5.0 (Windows NT 10.0; Win64; x64) AppleWebKit/537.36 (KHTML, like Gecko) Chrome/101.0.4951.54 Safari/537.36" DataSize=19269 HostName=DESKTOP-DFPRTUS IP="::1" Method=GET Path=/api/v1/article/info/5 SpendTime="5 ms" status=200
time="2022-05-09 00:12:27" level=info Agent="Mozilla/5.0 (Windows NT 10.0; Win64; x64) AppleWebKit/537.36 (KHTML, like Gecko) Chrome/101.0.4951.54 Safari/537.36" DataSize=273 HostName=DESKTOP-DFPRTUS IP="::1" Method=GET Path=/api/v1/comment SpendTime="5 ms" status=200
time="2022-05-09 00:12:29" level=info Agent="Mozilla/5.0 (Windows NT 10.0; Win64; x64) AppleWebKit/537.36 (KHTML, like Gecko) Chrome/101.0.4951.54 Safari/537.36" DataSize=71062 HostName=DESKTOP-DFPRTUS IP="::1" Method=GET Path="/api/v1/articles?pagesize=5&pagenum=1" SpendTime="3 ms" status=200
time="2022-05-09 00:12:31" level=info Agent="Mozilla/5.0 (Windows NT 10.0; Win64; x64) AppleWebKit/537.36 (KHTML, like Gecko) Chrome/101.0.4951.54 Safari/537.36" DataSize=31182 HostName=DESKTOP-DFPRTUS IP="::1" Method=GET Path="/api/v1/article/list/2?pagesize=5&pagenum=1" SpendTime="5 ms" status=200
time="2022-05-09 00:12:33" level=info Agent="Mozilla/5.0 (Windows NT 10.0; Win64; x64) AppleWebKit/537.36 (KHTML, like Gecko) Chrome/101.0.4951.54 Safari/537.36" DataSize=11937 HostName=DESKTOP-DFPRTUS IP="::1" Method=GET Path=/api/v1/article/info/2 SpendTime="2 ms" status=200
time="2022-05-09 00:12:33" level=info Agent="Mozilla/5.0 (Windows NT 10.0; Win64; x64) AppleWebKit/537.36 (KHTML, like Gecko) Chrome/101.0.4951.54 Safari/537.36" DataSize=273 HostName=DESKTOP-DFPRTUS IP="::1" Method=GET Path=/api/v1/comment SpendTime="2 ms" status=200
time="2022-05-09 00:12:34" level=info Agent="Mozilla/5.0 (Windows NT 10.0; Win64; x64) AppleWebKit/537.36 (KHTML, like Gecko) Chrome/101.0.4951.54 Safari/537.36" DataSize=31182 HostName=DESKTOP-DFPRTUS IP="::1" Method=GET Path="/api/v1/article/list/2?pagesize=5&pagenum=1" SpendTime="3 ms" status=200
time="2022-05-09 00:12:35" level=info Agent="Mozilla/5.0 (Windows NT 10.0; Win64; x64) AppleWebKit/537.36 (KHTML, like Gecko) Chrome/101.0.4951.54 Safari/537.36" DataSize=11937 HostName=DESKTOP-DFPRTUS IP="::1" Method=GET Path=/api/v1/article/info/2 SpendTime="3 ms" status=200
time="2022-05-09 00:12:35" level=info Agent="Mozilla/5.0 (Windows NT 10.0; Win64; x64) AppleWebKit/537.36 (KHTML, like Gecko) Chrome/101.0.4951.54 Safari/537.36" DataSize=273 HostName=DESKTOP-DFPRTUS IP="::1" Method=GET Path=/api/v1/comment SpendTime="2 ms" status=200
time="2022-05-09 00:12:41" level=info Agent="Mozilla/5.0 (Windows NT 10.0; Win64; x64) AppleWebKit/537.36 (KHTML, like Gecko) Chrome/101.0.4951.54 Safari/537.36" DataSize=71062 HostName=DESKTOP-DFPRTUS IP="::1" Method=GET Path="/api/v1/articles?pagesize=5&pagenum=1" SpendTime="4 ms" status=200
time="2022-05-09 00:12:45" level=info Agent="Mozilla/5.0 (Windows NT 10.0; Win64; x64) AppleWebKit/537.36 (KHTML, like Gecko) Chrome/101.0.4951.54 Safari/537.36" DataSize=24900 HostName=DESKTOP-DFPRTUS IP="::1" Method=GET Path=/api/v1/article/info/4 SpendTime="2 ms" status=200
time="2022-05-09 00:12:45" level=info Agent="Mozilla/5.0 (Windows NT 10.0; Win64; x64) AppleWebKit/537.36 (KHTML, like Gecko) Chrome/101.0.4951.54 Safari/537.36" DataSize=273 HostName=DESKTOP-DFPRTUS IP="::1" Method=GET Path=/api/v1/comment SpendTime="4 ms" status=200
time="2022-05-09 00:12:47" level=info Agent="Mozilla/5.0 (Windows NT 10.0; Win64; x64) AppleWebKit/537.36 (KHTML, like Gecko) Chrome/101.0.4951.54 Safari/537.36" DataSize=24912 HostName=DESKTOP-DFPRTUS IP="::1" Method=GET Path="/api/v1/article/list/4?pagesize=5&pagenum=1" SpendTime="4 ms" status=200
time="2022-05-09 00:12:48" level=info Agent="Mozilla/5.0 (Windows NT 10.0; Win64; x64) AppleWebKit/537.36 (KHTML, like Gecko) Chrome/101.0.4951.54 Safari/537.36" DataSize=71062 HostName=DESKTOP-DFPRTUS IP="::1" Method=GET Path="/api/v1/articles?pagesize=5&pagenum=1" SpendTime="3 ms" status=200
