time="2022-05-05 00:15:53" level=info Agent="Mozilla/5.0 (Windows NT 10.0; Win64; x64) AppleWebKit/537.36 (KHTML, like Gecko) Chrome/101.0.4951.54 Safari/537.36" DataSize=316 HostName=DESKTOP-DFPRTUS IP="::1" Method=GET Path=/api/v1/profile/1 SpendTime="4 ms" status=200
time="2022-05-05 00:15:53" level=info Agent="Mozilla/5.0 (Windows NT 10.0; Win64; x64) AppleWebKit/537.36 (KHTML, like Gecko) Chrome/101.0.4951.54 Safari/537.36" DataSize=143 HostName=DESKTOP-DFPRTUS IP="::1" Method=GET Path=/api/v1/category SpendTime="5 ms" status=200
time="2022-05-05 00:15:53" level=info Agent="Mozilla/5.0 (Windows NT 10.0; Win64; x64) AppleWebKit/537.36 (KHTML, like Gecko) Chrome/101.0.4951.54 Safari/537.36" DataSize=5817 HostName=DESKTOP-DFPRTUS IP="::1" Method=GET Path="/api/v1/articles?pagesize=5&pagenum=1" SpendTime="318 ms" status=200
time="2022-05-05 00:16:11" level=info Agent="Mozilla/5.0 (Windows NT 10.0; Win64; x64) AppleWebKit/537.36 (KHTML, like Gecko) Chrome/101.0.4951.54 Safari/537.36" DataSize=49 HostName=DESKTOP-DFPRTUS IP="::1" Method=GET Path=/api/v1/comment SpendTime="3 ms" status=200
time="2022-05-05 00:16:11" level=info Agent="Mozilla/5.0 (Windows NT 10.0; Win64; x64) AppleWebKit/537.36 (KHTML, like Gecko) Chrome/101.0.4951.54 Safari/537.36" DataSize=5805 HostName=DESKTOP-DFPRTUS IP="::1" Method=GET Path=/api/v1/article/info/1 SpendTime="4 ms" status=200
time="2022-05-05 00:16:17" level=info Agent="Mozilla/5.0 (Windows NT 10.0; Win64; x64) AppleWebKit/537.36 (KHTML, like Gecko) Chrome/101.0.4951.54 Safari/537.36" DataSize=5817 HostName=DESKTOP-DFPRTUS IP="::1" Method=GET Path="/api/v1/articles?pagesize=5&pagenum=1" SpendTime="3 ms" status=200
time="2022-05-05 00:16:19" level=info Agent="Mozilla/5.0 (Windows NT 10.0; Win64; x64) AppleWebKit/537.36 (KHTML, like Gecko) Chrome/101.0.4951.54 Safari/537.36" DataSize=143 HostName=DESKTOP-DFPRTUS IP="::1" Method=GET Path=/api/v1/category SpendTime="4 ms" status=200
time="2022-05-05 00:16:19" level=info Agent="Mozilla/5.0 (Windows NT 10.0; Win64; x64) AppleWebKit/537.36 (KHTML, like Gecko) Chrome/101.0.4951.54 Safari/537.36" DataSize=5817 HostName=DESKTOP-DFPRTUS IP="::1" Method=GET Path="/api/v1/articles?pagesize=5&pagenum=1" SpendTime="2 ms" status=200
time="2022-05-05 00:16:19" level=info Agent="Mozilla/5.0 (Windows NT 10.0; Win64; x64) AppleWebKit/537.36 (KHTML, like Gecko) Chrome/101.0.4951.54 Safari/537.36" DataSize=316 HostName=DESKTOP-DFPRTUS IP="::1" Method=GET Path=/api/v1/profile/1 SpendTime="3 ms" status=200
time="2022-05-05 00:35:23" level=info Agent="Mozilla/5.0 (Windows NT 10.0; Win64; x64) AppleWebKit/537.36 (KHTML, like Gecko) Chrome/101.0.4951.54 Safari/537.36" DataSize=316 HostName=DESKTOP-DFPRTUS IP="::1" Method=GET Path=/api/v1/profile/1 SpendTime="2 ms" status=200
time="2022-05-05 00:35:23" level=info Agent="Mozilla/5.0 (Windows NT 10.0; Win64; x64) AppleWebKit/537.36 (KHTML, like Gecko) Chrome/101.0.4951.54 Safari/537.36" DataSize=143 HostName=DESKTOP-DFPRTUS IP="::1" Method=GET Path=/api/v1/category SpendTime="5 ms" status=200
time="2022-05-05 00:35:23" level=info Agent="Mozilla/5.0 (Windows NT 10.0; Win64; x64) AppleWebKit/537.36 (KHTML, like Gecko) Chrome/101.0.4951.54 Safari/537.36" DataSize=5817 HostName=DESKTOP-DFPRTUS IP="::1" Method=GET Path="/api/v1/articles?pagesize=5&pagenum=1" SpendTime="314 ms" status=200
time="2022-05-05 00:35:26" level=info Agent="Mozilla/5.0 (Windows NT 10.0; Win64; x64) AppleWebKit/537.36 (KHTML, like Gecko) Chrome/101.0.4951.54 Safari/537.36" DataSize=49 HostName=DESKTOP-DFPRTUS IP="::1" Method=GET Path=/api/v1/comment SpendTime="2 ms" status=200
time="2022-05-05 00:35:26" level=info Agent="Mozilla/5.0 (Windows NT 10.0; Win64; x64) AppleWebKit/537.36 (KHTML, like Gecko) Chrome/101.0.4951.54 Safari/537.36" DataSize=5805 HostName=DESKTOP-DFPRTUS IP="::1" Method=GET Path=/api/v1/article/info/1 SpendTime="3 ms" status=200
time="2022-05-05 00:36:07" level=info Agent="Mozilla/5.0 (Windows NT 10.0; Win64; x64) AppleWebKit/537.36 (KHTML, like Gecko) Chrome/101.0.4951.54 Safari/537.36" DataSize=5817 HostName=DESKTOP-DFPRTUS IP="::1" Method=GET Path="/api/v1/articles?pagesize=5&pagenum=1" SpendTime="5 ms" status=200
time="2022-05-05 00:36:08" level=info Agent="Mozilla/5.0 (Windows NT 10.0; Win64; x64) AppleWebKit/537.36 (KHTML, like Gecko) Chrome/101.0.4951.54 Safari/537.36" DataSize=49 HostName=DESKTOP-DFPRTUS IP="::1" Method=GET Path=/api/v1/comment SpendTime="2 ms" status=200
time="2022-05-05 00:36:08" level=info Agent="Mozilla/5.0 (Windows NT 10.0; Win64; x64) AppleWebKit/537.36 (KHTML, like Gecko) Chrome/101.0.4951.54 Safari/537.36" DataSize=5805 HostName=DESKTOP-DFPRTUS IP="::1" Method=GET Path=/api/v1/article/info/1 SpendTime="5 ms" status=200
time="2022-05-05 00:41:25" level=info Agent="Mozilla/5.0 (Windows NT 10.0; Win64; x64) AppleWebKit/537.36 (KHTML, like Gecko) Chrome/101.0.4951.54 Safari/537.36" DataSize=316 HostName=DESKTOP-DFPRTUS IP="::1" Method=GET Path=/api/v1/profile/1 SpendTime="3 ms" status=200
time="2022-05-05 00:41:25" level=info Agent="Mozilla/5.0 (Windows NT 10.0; Win64; x64) AppleWebKit/537.36 (KHTML, like Gecko) Chrome/101.0.4951.54 Safari/537.36" DataSize=143 HostName=DESKTOP-DFPRTUS IP="::1" Method=GET Path=/api/v1/category SpendTime="5 ms" status=200
time="2022-05-05 00:41:25" level=info Agent="Mozilla/5.0 (Windows NT 10.0; Win64; x64) AppleWebKit/537.36 (KHTML, like Gecko) Chrome/101.0.4951.54 Safari/537.36" DataSize=5817 HostName=DESKTOP-DFPRTUS IP="::1" Method=GET Path="/api/v1/articles?pagesize=5&pagenum=1" SpendTime="319 ms" status=200
time="2022-05-05 00:41:53" level=info Agent="Mozilla/5.0 (Windows NT 10.0; Win64; x64) AppleWebKit/537.36 (KHTML, like Gecko) Chrome/101.0.4951.54 Safari/537.36" DataSize=316 HostName=DESKTOP-DFPRTUS IP="::1" Method=GET Path=/api/v1/profile/1 SpendTime="3 ms" status=200
time="2022-05-05 00:41:53" level=info Agent="Mozilla/5.0 (Windows NT 10.0; Win64; x64) AppleWebKit/537.36 (KHTML, like Gecko) Chrome/101.0.4951.54 Safari/537.36" DataSize=143 HostName=DESKTOP-DFPRTUS IP="::1" Method=GET Path=/api/v1/category SpendTime="4 ms" status=200
time="2022-05-05 00:41:53" level=info Agent="Mozilla/5.0 (Windows NT 10.0; Win64; x64) AppleWebKit/537.36 (KHTML, like Gecko) Chrome/101.0.4951.54 Safari/537.36" DataSize=5817 HostName=DESKTOP-DFPRTUS IP="::1" Method=GET Path="/api/v1/articles?pagesize=5&pagenum=1" SpendTime="4 ms" status=200
time="2022-05-05 00:41:54" level=info Agent="Mozilla/5.0 (Windows NT 10.0; Win64; x64) AppleWebKit/537.36 (KHTML, like Gecko) Chrome/101.0.4951.54 Safari/537.36" DataSize=49 HostName=DESKTOP-DFPRTUS IP="::1" Method=GET Path=/api/v1/comment SpendTime="2 ms" status=200
time="2022-05-05 00:41:54" level=info Agent="Mozilla/5.0 (Windows NT 10.0; Win64; x64) AppleWebKit/537.36 (KHTML, like Gecko) Chrome/101.0.4951.54 Safari/537.36" DataSize=5805 HostName=DESKTOP-DFPRTUS IP="::1" Method=GET Path=/api/v1/article/info/1 SpendTime="2 ms" status=200
time="2022-05-05 00:41:54" level=info Agent="Mozilla/5.0 (Windows NT 10.0; Win64; x64) AppleWebKit/537.36 (KHTML, like Gecko) Chrome/101.0.4951.54 Safari/537.36" DataSize=143 HostName=DESKTOP-DFPRTUS IP="::1" Method=GET Path=/api/v1/category SpendTime="4 ms" status=200
time="2022-05-05 00:41:54" level=info Agent="Mozilla/5.0 (Windows NT 10.0; Win64; x64) AppleWebKit/537.36 (KHTML, like Gecko) Chrome/101.0.4951.54 Safari/537.36" DataSize=316 HostName=DESKTOP-DFPRTUS IP="::1" Method=GET Path=/api/v1/profile/1 SpendTime="4 ms" status=200
time="2022-05-05 00:53:15" level=info Agent="Mozilla/5.0 (Windows NT 10.0; Win64; x64) AppleWebKit/537.36 (KHTML, like Gecko) Chrome/101.0.4951.54 Safari/537.36" DataSize=143 HostName=DESKTOP-DFPRTUS IP="::1" Method=GET Path=/api/v1/category SpendTime="4 ms" status=200
time="2022-05-05 00:53:15" level=info Agent="Mozilla/5.0 (Windows NT 10.0; Win64; x64) AppleWebKit/537.36 (KHTML, like Gecko) Chrome/101.0.4951.54 Safari/537.36" DataSize=316 HostName=DESKTOP-DFPRTUS IP="::1" Method=GET Path=/api/v1/profile/1 SpendTime="3 ms" status=200
time="2022-05-05 00:53:15" level=info Agent="Mozilla/5.0 (Windows NT 10.0; Win64; x64) AppleWebKit/537.36 (KHTML, like Gecko) Chrome/101.0.4951.54 Safari/537.36" DataSize=5817 HostName=DESKTOP-DFPRTUS IP="::1" Method=GET Path="/api/v1/articles?pagesize=5&pagenum=1" SpendTime="307 ms" status=200
time="2022-05-05 00:53:22" level=info Agent="Mozilla/5.0 (Windows NT 10.0; Win64; x64) AppleWebKit/537.36 (KHTML, like Gecko) Chrome/101.0.4951.54 Safari/537.36" DataSize=49 HostName=DESKTOP-DFPRTUS IP="::1" Method=GET Path=/api/v1/comment SpendTime="2 ms" status=200
time="2022-05-05 00:53:22" level=info Agent="Mozilla/5.0 (Windows NT 10.0; Win64; x64) AppleWebKit/537.36 (KHTML, like Gecko) Chrome/101.0.4951.54 Safari/537.36" DataSize=5805 HostName=DESKTOP-DFPRTUS IP="::1" Method=GET Path=/api/v1/article/info/1 SpendTime="2 ms" status=200
time="2022-05-05 01:00:27" level=info Agent="Mozilla/5.0 (Windows NT 10.0; Win64; x64) AppleWebKit/537.36 (KHTML, like Gecko) Chrome/101.0.4951.54 Safari/537.36" DataSize=316 HostName=DESKTOP-DFPRTUS IP="::1" Method=GET Path=/api/v1/profile/1 SpendTime="3 ms" status=200
time="2022-05-05 01:00:27" level=info Agent="Mozilla/5.0 (Windows NT 10.0; Win64; x64) AppleWebKit/537.36 (KHTML, like Gecko) Chrome/101.0.4951.54 Safari/537.36" DataSize=143 HostName=DESKTOP-DFPRTUS IP="::1" Method=GET Path=/api/v1/category SpendTime="6 ms" status=200
time="2022-05-05 01:00:27" level=info Agent="Mozilla/5.0 (Windows NT 10.0; Win64; x64) AppleWebKit/537.36 (KHTML, like Gecko) Chrome/101.0.4951.54 Safari/537.36" DataSize=5817 HostName=DESKTOP-DFPRTUS IP="::1" Method=GET Path="/api/v1/articles?pagesize=5&pagenum=1" SpendTime="5 ms" status=200
time="2022-05-05 01:00:32" level=info Agent="Mozilla/5.0 (Windows NT 10.0; Win64; x64) AppleWebKit/537.36 (KHTML, like Gecko) Chrome/101.0.4951.54 Safari/537.36" DataSize=49 HostName=DESKTOP-DFPRTUS IP="::1" Method=GET Path=/api/v1/comment SpendTime="2 ms" status=200
time="2022-05-05 01:00:32" level=info Agent="Mozilla/5.0 (Windows NT 10.0; Win64; x64) AppleWebKit/537.36 (KHTML, like Gecko) Chrome/101.0.4951.54 Safari/537.36" DataSize=5805 HostName=DESKTOP-DFPRTUS IP="::1" Method=GET Path=/api/v1/article/info/1 SpendTime="2 ms" status=200
time="2022-05-05 01:03:50" level=info Agent="Mozilla/5.0 (Windows NT 10.0; Win64; x64) AppleWebKit/537.36 (KHTML, like Gecko) Chrome/101.0.4951.54 Safari/537.36" DataSize=5817 HostName=DESKTOP-DFPRTUS IP="::1" Method=GET Path="/api/v1/articles?pagesize=5&pagenum=1" SpendTime="68 ms" status=200
time="2022-05-05 01:03:51" level=info Agent="Mozilla/5.0 (Windows NT 10.0; Win64; x64) AppleWebKit/537.36 (KHTML, like Gecko) Chrome/101.0.4951.54 Safari/537.36" DataSize=49 HostName=DESKTOP-DFPRTUS IP="::1" Method=GET Path=/api/v1/comment SpendTime="8 ms" status=200
time="2022-05-05 01:03:51" level=info Agent="Mozilla/5.0 (Windows NT 10.0; Win64; x64) AppleWebKit/537.36 (KHTML, like Gecko) Chrome/101.0.4951.54 Safari/537.36" DataSize=5805 HostName=DESKTOP-DFPRTUS IP="::1" Method=GET Path=/api/v1/article/info/1 SpendTime="72 ms" status=200
time="2022-05-05 01:05:58" level=info Agent="Mozilla/5.0 (Windows NT 10.0; Win64; x64) AppleWebKit/537.36 (KHTML, like Gecko) Chrome/101.0.4951.54 Safari/537.36" DataSize=316 HostName=DESKTOP-DFPRTUS IP="::1" Method=GET Path=/api/v1/profile/1 SpendTime="4 ms" status=200
time="2022-05-05 01:05:58" level=info Agent="Mozilla/5.0 (Windows NT 10.0; Win64; x64) AppleWebKit/537.36 (KHTML, like Gecko) Chrome/101.0.4951.54 Safari/537.36" DataSize=5817 HostName=DESKTOP-DFPRTUS IP="::1" Method=GET Path="/api/v1/articles?pagesize=5&pagenum=1" SpendTime="7 ms" status=200
time="2022-05-05 01:05:58" level=info Agent="Mozilla/5.0 (Windows NT 10.0; Win64; x64) AppleWebKit/537.36 (KHTML, like Gecko) Chrome/101.0.4951.54 Safari/537.36" DataSize=143 HostName=DESKTOP-DFPRTUS IP="::1" Method=GET Path=/api/v1/category SpendTime="11 ms" status=200
time="2022-05-05 01:06:02" level=info Agent="Mozilla/5.0 (Windows NT 10.0; Win64; x64) AppleWebKit/537.36 (KHTML, like Gecko) Chrome/101.0.4951.54 Safari/537.36" DataSize=49 HostName=DESKTOP-DFPRTUS IP="::1" Method=GET Path=/api/v1/comment SpendTime="3 ms" status=200
time="2022-05-05 01:06:02" level=info Agent="Mozilla/5.0 (Windows NT 10.0; Win64; x64) AppleWebKit/537.36 (KHTML, like Gecko) Chrome/101.0.4951.54 Safari/537.36" DataSize=5805 HostName=DESKTOP-DFPRTUS IP="::1" Method=GET Path=/api/v1/article/info/1 SpendTime="3 ms" status=200
time="2022-05-05 01:07:40" level=info Agent="Mozilla/5.0 (Windows NT 10.0; Win64; x64) AppleWebKit/537.36 (KHTML, like Gecko) Chrome/101.0.4951.54 Safari/537.36" DataSize=316 HostName=DESKTOP-DFPRTUS IP="::1" Method=GET Path=/api/v1/profile/1 SpendTime="3 ms" status=200
time="2022-05-05 01:07:40" level=info Agent="Mozilla/5.0 (Windows NT 10.0; Win64; x64) AppleWebKit/537.36 (KHTML, like Gecko) Chrome/101.0.4951.54 Safari/537.36" DataSize=143 HostName=DESKTOP-DFPRTUS IP="::1" Method=GET Path=/api/v1/category SpendTime="5 ms" status=200
time="2022-05-05 01:07:40" level=info Agent="Mozilla/5.0 (Windows NT 10.0; Win64; x64) AppleWebKit/537.36 (KHTML, like Gecko) Chrome/101.0.4951.54 Safari/537.36" DataSize=5817 HostName=DESKTOP-DFPRTUS IP="::1" Method=GET Path="/api/v1/articles?pagesize=5&pagenum=1" SpendTime="6 ms" status=200
time="2022-05-05 01:08:08" level=info Agent="Mozilla/5.0 (Windows NT 10.0; Win64; x64) AppleWebKit/537.36 (KHTML, like Gecko) Chrome/101.0.4951.54 Safari/537.36" DataSize=316 HostName=DESKTOP-DFPRTUS IP="::1" Method=GET Path=/api/v1/profile/1 SpendTime="2 ms" status=200
time="2022-05-05 01:08:08" level=info Agent="Mozilla/5.0 (Windows NT 10.0; Win64; x64) AppleWebKit/537.36 (KHTML, like Gecko) Chrome/101.0.4951.54 Safari/537.36" DataSize=143 HostName=DESKTOP-DFPRTUS IP="::1" Method=GET Path=/api/v1/category SpendTime="4 ms" status=200
time="2022-05-05 01:08:08" level=info Agent="Mozilla/5.0 (Windows NT 10.0; Win64; x64) AppleWebKit/537.36 (KHTML, like Gecko) Chrome/101.0.4951.54 Safari/537.36" DataSize=5817 HostName=DESKTOP-DFPRTUS IP="::1" Method=GET Path="/api/v1/articles?pagesize=5&pagenum=1" SpendTime="3 ms" status=200
time="2022-05-05 01:08:15" level=info Agent="Mozilla/5.0 (Windows NT 10.0; Win64; x64) AppleWebKit/537.36 (KHTML, like Gecko) Chrome/101.0.4951.54 Safari/537.36" DataSize=5805 HostName=DESKTOP-DFPRTUS IP="::1" Method=GET Path=/api/v1/article/info/1 SpendTime="2 ms" status=200
time="2022-05-05 01:08:15" level=info Agent="Mozilla/5.0 (Windows NT 10.0; Win64; x64) AppleWebKit/537.36 (KHTML, like Gecko) Chrome/101.0.4951.54 Safari/537.36" DataSize=49 HostName=DESKTOP-DFPRTUS IP="::1" Method=GET Path=/api/v1/comment SpendTime="2 ms" status=200
time="2022-05-05 01:08:29" level=info Agent="Mozilla/5.0 (Windows NT 10.0; Win64; x64) AppleWebKit/537.36 (KHTML, like Gecko) Chrome/101.0.4951.54 Safari/537.36" DataSize=5817 HostName=DESKTOP-DFPRTUS IP="::1" Method=GET Path="/api/v1/articles?pagesize=5&pagenum=1" SpendTime="5 ms" status=200
time="2022-05-05 01:09:01" level=info Agent="Mozilla/5.0 (Windows NT 10.0; Win64; x64) AppleWebKit/537.36 (KHTML, like Gecko) Chrome/101.0.4951.54 Safari/537.36" DataSize=49 HostName=DESKTOP-DFPRTUS IP="::1" Method=GET Path=/api/v1/comment SpendTime="3 ms" status=200
time="2022-05-05 01:09:01" level=info Agent="Mozilla/5.0 (Windows NT 10.0; Win64; x64) AppleWebKit/537.36 (KHTML, like Gecko) Chrome/101.0.4951.54 Safari/537.36" DataSize=5805 HostName=DESKTOP-DFPRTUS IP="::1" Method=GET Path=/api/v1/article/info/1 SpendTime="5 ms" status=200
time="2022-05-05 01:10:20" level=info Agent="Mozilla/5.0 (Windows NT 10.0; Win64; x64) AppleWebKit/537.36 (KHTML, like Gecko) Chrome/101.0.4951.54 Safari/537.36" DataSize=5817 HostName=DESKTOP-DFPRTUS IP="::1" Method=GET Path="/api/v1/article/list/1?pagesize=5&pagenum=1" SpendTime="10 ms" status=200
time="2022-05-05 01:10:20" level=info Agent="Mozilla/5.0 (Windows NT 10.0; Win64; x64) AppleWebKit/537.36 (KHTML, like Gecko) Chrome/101.0.4951.54 Safari/537.36" DataSize=49 HostName=DESKTOP-DFPRTUS IP="::1" Method=GET Path="/api/v1/article/list/2?pagesize=5&pagenum=1" SpendTime="3 ms" status=200
time="2022-05-05 01:10:22" level=info Agent="Mozilla/5.0 (Windows NT 10.0; Win64; x64) AppleWebKit/537.36 (KHTML, like Gecko) Chrome/101.0.4951.54 Safari/537.36" DataSize=49 HostName=DESKTOP-DFPRTUS IP="::1" Method=GET Path="/api/v1/article/list/3?pagesize=5&pagenum=1" SpendTime="2 ms" status=200
time="2022-05-05 01:10:22" level=info Agent="Mozilla/5.0 (Windows NT 10.0; Win64; x64) AppleWebKit/537.36 (KHTML, like Gecko) Chrome/101.0.4951.54 Safari/537.36" DataSize=49 HostName=DESKTOP-DFPRTUS IP="::1" Method=GET Path="/api/v1/article/list/4?pagesize=5&pagenum=1" SpendTime="3 ms" status=200
time="2022-05-05 01:10:23" level=info Agent="Mozilla/5.0 (Windows NT 10.0; Win64; x64) AppleWebKit/537.36 (KHTML, like Gecko) Chrome/101.0.4951.54 Safari/537.36" DataSize=5817 HostName=DESKTOP-DFPRTUS IP="::1" Method=GET Path="/api/v1/articles?pagesize=5&pagenum=1" SpendTime="2 ms" status=200
