time="2022-04-15 00:44:36" level=info Agent="Mozilla/5.0 (Windows NT 10.0; Win64; x64) AppleWebKit/537.36 (KHTML, like Gecko) Chrome/100.0.4896.60 Safari/537.36" DataSize=0 HostName=LAPTOP-86TU9QEB IP="::1" Method=OPTIONS Path=/api/v1/login SpendTime="0 ms" status=204
time="2022-04-15 00:44:40" level=info Agent="Mozilla/5.0 (Windows NT 10.0; Win64; x64) AppleWebKit/537.36 (KHTML, like Gecko) Chrome/100.0.4896.60 Safari/537.36" DataSize=200 HostName=LAPTOP-86TU9QEB IP="::1" Method=POST Path=/api/v1/login SpendTime="62 ms" status=200
time="2022-04-15 00:44:41" level=info Agent="Mozilla/5.0 (Windows NT 10.0; Win64; x64) AppleWebKit/537.36 (KHTML, like Gecko) Chrome/100.0.4896.60 Safari/537.36" DataSize=0 HostName=LAPTOP-86TU9QEB IP="::1" Method=OPTIONS Path="/api/v1/articles?title=&pagesize=5&pagenum=1" SpendTime="0 ms" status=204
time="2022-04-15 00:44:41" level=info Agent="Mozilla/5.0 (Windows NT 10.0; Win64; x64) AppleWebKit/537.36 (KHTML, like Gecko) Chrome/100.0.4896.60 Safari/537.36" DataSize=0 HostName=LAPTOP-86TU9QEB IP="::1" Method=OPTIONS Path=/api/v1/category SpendTime="0 ms" status=204
time="2022-04-15 00:44:41" level=info Agent="Mozilla/5.0 (Windows NT 10.0; Win64; x64) AppleWebKit/537.36 (KHTML, like Gecko) Chrome/100.0.4896.60 Safari/537.36" DataSize=95556 HostName=LAPTOP-86TU9QEB IP="::1" Method=GET Path="/api/v1/articles?title=&pagesize=5&pagenum=1" SpendTime="6 ms" status=200
time="2022-04-15 00:44:42" level=info Agent="Mozilla/5.0 (Windows NT 10.0; Win64; x64) AppleWebKit/537.36 (KHTML, like Gecko) Chrome/100.0.4896.60 Safari/537.36" DataSize=144 HostName=LAPTOP-86TU9QEB IP="::1" Method=GET Path=/api/v1/category SpendTime="18 ms" status=200
time="2022-04-15 00:44:44" level=info Agent="Mozilla/5.0 (Windows NT 10.0; Win64; x64) AppleWebKit/537.36 (KHTML, like Gecko) Chrome/100.0.4896.60 Safari/537.36" DataSize=0 HostName=LAPTOP-86TU9QEB IP="::1" Method=OPTIONS Path=/api/v1/category SpendTime="0 ms" status=204
time="2022-04-15 00:44:44" level=info Agent="Mozilla/5.0 (Windows NT 10.0; Win64; x64) AppleWebKit/537.36 (KHTML, like Gecko) Chrome/100.0.4896.60 Safari/537.36" DataSize=0 HostName=LAPTOP-86TU9QEB IP="::1" Method=OPTIONS Path=/api/v1/article/info/14 SpendTime="0 ms" status=204
time="2022-04-15 00:44:44" level=info Agent="Mozilla/5.0 (Windows NT 10.0; Win64; x64) AppleWebKit/537.36 (KHTML, like Gecko) Chrome/100.0.4896.60 Safari/537.36" DataSize=144 HostName=LAPTOP-86TU9QEB IP="::1" Method=GET Path=/api/v1/category SpendTime="2 ms" status=200
time="2022-04-15 00:44:44" level=info Agent="Mozilla/5.0 (Windows NT 10.0; Win64; x64) AppleWebKit/537.36 (KHTML, like Gecko) Chrome/100.0.4896.60 Safari/537.36" DataSize=28971 HostName=LAPTOP-86TU9QEB IP="::1" Method=GET Path=/api/v1/article/info/14 SpendTime="3 ms" status=200
time="2022-04-15 00:47:17" level=info Agent="Mozilla/5.0 (Windows NT 10.0; Win64; x64) AppleWebKit/537.36 (KHTML, like Gecko) Chrome/100.0.4896.60 Safari/537.36" DataSize=0 HostName=LAPTOP-86TU9QEB IP="::1" Method=OPTIONS Path=/api/v1/login SpendTime="0 ms" status=204
time="2022-04-15 00:47:17" level=info Agent="Mozilla/5.0 (Windows NT 10.0; Win64; x64) AppleWebKit/537.36 (KHTML, like Gecko) Chrome/100.0.4896.60 Safari/537.36" DataSize=201 HostName=LAPTOP-86TU9QEB IP="::1" Method=POST Path=/api/v1/login SpendTime="52 ms" status=200
time="2022-04-15 00:47:19" level=info Agent="Mozilla/5.0 (Windows NT 10.0; Win64; x64) AppleWebKit/537.36 (KHTML, like Gecko) Chrome/100.0.4896.60 Safari/537.36" DataSize=0 HostName=LAPTOP-86TU9QEB IP="::1" Method=OPTIONS Path=/api/v1/category SpendTime="0 ms" status=204
time="2022-04-15 00:47:19" level=info Agent="Mozilla/5.0 (Windows NT 10.0; Win64; x64) AppleWebKit/537.36 (KHTML, like Gecko) Chrome/100.0.4896.60 Safari/537.36" DataSize=144 HostName=LAPTOP-86TU9QEB IP="::1" Method=GET Path=/api/v1/category SpendTime="2 ms" status=200
time="2022-04-15 00:47:22" level=info Agent="Mozilla/5.0 (Windows NT 10.0; Win64; x64) AppleWebKit/537.36 (KHTML, like Gecko) Chrome/100.0.4896.60 Safari/537.36" DataSize=0 HostName=LAPTOP-86TU9QEB IP="::1" Method=OPTIONS Path="/api/v1/articles?title=&pagesize=5&pagenum=1" SpendTime="0 ms" status=204
time="2022-04-15 00:47:22" level=info Agent="Mozilla/5.0 (Windows NT 10.0; Win64; x64) AppleWebKit/537.36 (KHTML, like Gecko) Chrome/100.0.4896.60 Safari/537.36" DataSize=0 HostName=LAPTOP-86TU9QEB IP="::1" Method=OPTIONS Path=/api/v1/category SpendTime="0 ms" status=204
time="2022-04-15 00:47:22" level=info Agent="Mozilla/5.0 (Windows NT 10.0; Win64; x64) AppleWebKit/537.36 (KHTML, like Gecko) Chrome/100.0.4896.60 Safari/537.36" DataSize=95556 HostName=LAPTOP-86TU9QEB IP="::1" Method=GET Path="/api/v1/articles?title=&pagesize=5&pagenum=1" SpendTime="5 ms" status=200
time="2022-04-15 00:47:22" level=info Agent="Mozilla/5.0 (Windows NT 10.0; Win64; x64) AppleWebKit/537.36 (KHTML, like Gecko) Chrome/100.0.4896.60 Safari/537.36" DataSize=144 HostName=LAPTOP-86TU9QEB IP="::1" Method=GET Path=/api/v1/category SpendTime="5 ms" status=200
time="2022-04-15 00:47:23" level=info Agent="Mozilla/5.0 (Windows NT 10.0; Win64; x64) AppleWebKit/537.36 (KHTML, like Gecko) Chrome/100.0.4896.60 Safari/537.36" DataSize=0 HostName=LAPTOP-86TU9QEB IP="::1" Method=OPTIONS Path=/api/v1/category SpendTime="0 ms" status=204
time="2022-04-15 00:47:23" level=info Agent="Mozilla/5.0 (Windows NT 10.0; Win64; x64) AppleWebKit/537.36 (KHTML, like Gecko) Chrome/100.0.4896.60 Safari/537.36" DataSize=0 HostName=LAPTOP-86TU9QEB IP="::1" Method=OPTIONS Path=/api/v1/article/info/14 SpendTime="0 ms" status=204
time="2022-04-15 00:47:23" level=info Agent="Mozilla/5.0 (Windows NT 10.0; Win64; x64) AppleWebKit/537.36 (KHTML, like Gecko) Chrome/100.0.4896.60 Safari/537.36" DataSize=144 HostName=LAPTOP-86TU9QEB IP="::1" Method=GET Path=/api/v1/category SpendTime="3 ms" status=200
time="2022-04-15 00:47:23" level=info Agent="Mozilla/5.0 (Windows NT 10.0; Win64; x64) AppleWebKit/537.36 (KHTML, like Gecko) Chrome/100.0.4896.60 Safari/537.36" DataSize=28971 HostName=LAPTOP-86TU9QEB IP="::1" Method=GET Path=/api/v1/article/info/14 SpendTime="5 ms" status=200
time="2022-04-15 00:47:31" level=info Agent="Mozilla/5.0 (Windows NT 10.0; Win64; x64) AppleWebKit/537.36 (KHTML, like Gecko) Chrome/100.0.4896.60 Safari/537.36" DataSize=0 HostName=LAPTOP-86TU9QEB IP="::1" Method=OPTIONS Path=/api/v1/category SpendTime="0 ms" status=204
time="2022-04-15 00:47:31" level=info Agent="Mozilla/5.0 (Windows NT 10.0; Win64; x64) AppleWebKit/537.36 (KHTML, like Gecko) Chrome/100.0.4896.60 Safari/537.36" DataSize=144 HostName=LAPTOP-86TU9QEB IP="::1" Method=GET Path=/api/v1/category SpendTime="2 ms" status=200
time="2022-04-15 00:47:32" level=info Agent="Mozilla/5.0 (Windows NT 10.0; Win64; x64) AppleWebKit/537.36 (KHTML, like Gecko) Chrome/100.0.4896.60 Safari/537.36" DataSize=0 HostName=LAPTOP-86TU9QEB IP="::1" Method=OPTIONS Path="/api/v1/articles?title=&pagesize=5&pagenum=1" SpendTime="0 ms" status=204
time="2022-04-15 00:47:32" level=info Agent="Mozilla/5.0 (Windows NT 10.0; Win64; x64) AppleWebKit/537.36 (KHTML, like Gecko) Chrome/100.0.4896.60 Safari/537.36" DataSize=0 HostName=LAPTOP-86TU9QEB IP="::1" Method=OPTIONS Path=/api/v1/category SpendTime="0 ms" status=204
time="2022-04-15 00:47:32" level=info Agent="Mozilla/5.0 (Windows NT 10.0; Win64; x64) AppleWebKit/537.36 (KHTML, like Gecko) Chrome/100.0.4896.60 Safari/537.36" DataSize=95556 HostName=LAPTOP-86TU9QEB IP="::1" Method=GET Path="/api/v1/articles?title=&pagesize=5&pagenum=1" SpendTime="6 ms" status=200
time="2022-04-15 00:47:32" level=info Agent="Mozilla/5.0 (Windows NT 10.0; Win64; x64) AppleWebKit/537.36 (KHTML, like Gecko) Chrome/100.0.4896.60 Safari/537.36" DataSize=144 HostName=LAPTOP-86TU9QEB IP="::1" Method=GET Path=/api/v1/category SpendTime="8 ms" status=200
time="2022-04-15 00:47:34" level=info Agent="Mozilla/5.0 (Windows NT 10.0; Win64; x64) AppleWebKit/537.36 (KHTML, like Gecko) Chrome/100.0.4896.60 Safari/537.36" DataSize=0 HostName=LAPTOP-86TU9QEB IP="::1" Method=OPTIONS Path=/api/v1/category SpendTime="0 ms" status=204
time="2022-04-15 00:47:34" level=info Agent="Mozilla/5.0 (Windows NT 10.0; Win64; x64) AppleWebKit/537.36 (KHTML, like Gecko) Chrome/100.0.4896.60 Safari/537.36" DataSize=144 HostName=LAPTOP-86TU9QEB IP="::1" Method=GET Path=/api/v1/category SpendTime="2 ms" status=200
time="2022-04-15 00:47:35" level=info Agent="Mozilla/5.0 (Windows NT 10.0; Win64; x64) AppleWebKit/537.36 (KHTML, like Gecko) Chrome/100.0.4896.60 Safari/537.36" DataSize=0 HostName=LAPTOP-86TU9QEB IP="::1" Method=OPTIONS Path="/api/v1/articles?title=&pagesize=5&pagenum=1" SpendTime="0 ms" status=204
time="2022-04-15 00:47:35" level=info Agent="Mozilla/5.0 (Windows NT 10.0; Win64; x64) AppleWebKit/537.36 (KHTML, like Gecko) Chrome/100.0.4896.60 Safari/537.36" DataSize=0 HostName=LAPTOP-86TU9QEB IP="::1" Method=OPTIONS Path=/api/v1/category SpendTime="0 ms" status=204
time="2022-04-15 00:47:35" level=info Agent="Mozilla/5.0 (Windows NT 10.0; Win64; x64) AppleWebKit/537.36 (KHTML, like Gecko) Chrome/100.0.4896.60 Safari/537.36" DataSize=95556 HostName=LAPTOP-86TU9QEB IP="::1" Method=GET Path="/api/v1/articles?title=&pagesize=5&pagenum=1" SpendTime="6 ms" status=200
time="2022-04-15 00:47:35" level=info Agent="Mozilla/5.0 (Windows NT 10.0; Win64; x64) AppleWebKit/537.36 (KHTML, like Gecko) Chrome/100.0.4896.60 Safari/537.36" DataSize=144 HostName=LAPTOP-86TU9QEB IP="::1" Method=GET Path=/api/v1/category SpendTime="7 ms" status=200
time="2022-04-15 00:48:07" level=info Agent="Mozilla/5.0 (Windows NT 10.0; Win64; x64) AppleWebKit/537.36 (KHTML, like Gecko) Chrome/100.0.4896.60 Safari/537.36" DataSize=0 HostName=LAPTOP-86TU9QEB IP="::1" Method=OPTIONS Path=/api/v1/category SpendTime="0 ms" status=204
time="2022-04-15 00:48:07" level=info Agent="Mozilla/5.0 (Windows NT 10.0; Win64; x64) AppleWebKit/537.36 (KHTML, like Gecko) Chrome/100.0.4896.60 Safari/537.36" DataSize=0 HostName=LAPTOP-86TU9QEB IP="::1" Method=OPTIONS Path=/api/v1/article/info/14 SpendTime="0 ms" status=204
time="2022-04-15 00:48:07" level=info Agent="Mozilla/5.0 (Windows NT 10.0; Win64; x64) AppleWebKit/537.36 (KHTML, like Gecko) Chrome/100.0.4896.60 Safari/537.36" DataSize=144 HostName=LAPTOP-86TU9QEB IP="::1" Method=GET Path=/api/v1/category SpendTime="13 ms" status=200
time="2022-04-15 00:48:07" level=info Agent="Mozilla/5.0 (Windows NT 10.0; Win64; x64) AppleWebKit/537.36 (KHTML, like Gecko) Chrome/100.0.4896.60 Safari/537.36" DataSize=28971 HostName=LAPTOP-86TU9QEB IP="::1" Method=GET Path=/api/v1/article/info/14 SpendTime="50 ms" status=200
time="2022-04-15 00:48:09" level=info Agent="Mozilla/5.0 (Windows NT 10.0; Win64; x64) AppleWebKit/537.36 (KHTML, like Gecko) Chrome/100.0.4896.60 Safari/537.36" DataSize=0 HostName=LAPTOP-86TU9QEB IP="::1" Method=OPTIONS Path=/api/v1/category SpendTime="0 ms" status=204
time="2022-04-15 00:48:09" level=info Agent="Mozilla/5.0 (Windows NT 10.0; Win64; x64) AppleWebKit/537.36 (KHTML, like Gecko) Chrome/100.0.4896.60 Safari/537.36" DataSize=0 HostName=LAPTOP-86TU9QEB IP="::1" Method=OPTIONS Path=/api/v1/article/info/14 SpendTime="0 ms" status=204
time="2022-04-15 00:48:09" level=info Agent="Mozilla/5.0 (Windows NT 10.0; Win64; x64) AppleWebKit/537.36 (KHTML, like Gecko) Chrome/100.0.4896.60 Safari/537.36" DataSize=28971 HostName=LAPTOP-86TU9QEB IP="::1" Method=GET Path=/api/v1/article/info/14 SpendTime="8 ms" status=200
time="2022-04-15 00:48:09" level=info Agent="Mozilla/5.0 (Windows NT 10.0; Win64; x64) AppleWebKit/537.36 (KHTML, like Gecko) Chrome/100.0.4896.60 Safari/537.36" DataSize=144 HostName=LAPTOP-86TU9QEB IP="::1" Method=GET Path=/api/v1/category SpendTime="9 ms" status=200
time="2022-04-15 00:48:10" level=info Agent="Mozilla/5.0 (Windows NT 10.0; Win64; x64) AppleWebKit/537.36 (KHTML, like Gecko) Chrome/100.0.4896.60 Safari/537.36" DataSize=0 HostName=LAPTOP-86TU9QEB IP="::1" Method=OPTIONS Path=/api/v1/category SpendTime="0 ms" status=204
time="2022-04-15 00:48:10" level=info Agent="Mozilla/5.0 (Windows NT 10.0; Win64; x64) AppleWebKit/537.36 (KHTML, like Gecko) Chrome/100.0.4896.60 Safari/537.36" DataSize=144 HostName=LAPTOP-86TU9QEB IP="::1" Method=GET Path=/api/v1/category SpendTime="1 ms" status=200
time="2022-04-15 00:48:11" level=info Agent="Mozilla/5.0 (Windows NT 10.0; Win64; x64) AppleWebKit/537.36 (KHTML, like Gecko) Chrome/100.0.4896.60 Safari/537.36" DataSize=0 HostName=LAPTOP-86TU9QEB IP="::1" Method=OPTIONS Path="/api/v1/articles?title=&pagesize=5&pagenum=1" SpendTime="0 ms" status=204
time="2022-04-15 00:48:11" level=info Agent="Mozilla/5.0 (Windows NT 10.0; Win64; x64) AppleWebKit/537.36 (KHTML, like Gecko) Chrome/100.0.4896.60 Safari/537.36" DataSize=0 HostName=LAPTOP-86TU9QEB IP="::1" Method=OPTIONS Path=/api/v1/category SpendTime="0 ms" status=204
time="2022-04-15 00:48:11" level=info Agent="Mozilla/5.0 (Windows NT 10.0; Win64; x64) AppleWebKit/537.36 (KHTML, like Gecko) Chrome/100.0.4896.60 Safari/537.36" DataSize=144 HostName=LAPTOP-86TU9QEB IP="::1" Method=GET Path=/api/v1/category SpendTime="2 ms" status=200
time="2022-04-15 00:48:11" level=info Agent="Mozilla/5.0 (Windows NT 10.0; Win64; x64) AppleWebKit/537.36 (KHTML, like Gecko) Chrome/100.0.4896.60 Safari/537.36" DataSize=95556 HostName=LAPTOP-86TU9QEB IP="::1" Method=GET Path="/api/v1/articles?title=&pagesize=5&pagenum=1" SpendTime="5 ms" status=200
time="2022-04-15 00:48:12" level=info Agent="Mozilla/5.0 (Windows NT 10.0; Win64; x64) AppleWebKit/537.36 (KHTML, like Gecko) Chrome/100.0.4896.60 Safari/537.36" DataSize=0 HostName=LAPTOP-86TU9QEB IP="::1" Method=OPTIONS Path=/api/v1/category SpendTime="0 ms" status=204
time="2022-04-15 00:48:12" level=info Agent="Mozilla/5.0 (Windows NT 10.0; Win64; x64) AppleWebKit/537.36 (KHTML, like Gecko) Chrome/100.0.4896.60 Safari/537.36" DataSize=144 HostName=LAPTOP-86TU9QEB IP="::1" Method=GET Path=/api/v1/category SpendTime="1 ms" status=200
time="2022-04-15 00:48:13" level=info Agent="Mozilla/5.0 (Windows NT 10.0; Win64; x64) AppleWebKit/537.36 (KHTML, like Gecko) Chrome/100.0.4896.60 Safari/537.36" DataSize=0 HostName=LAPTOP-86TU9QEB IP="::1" Method=OPTIONS Path="/api/v1/articles?title=&pagesize=5&pagenum=1" SpendTime="0 ms" status=204
time="2022-04-15 00:48:13" level=info Agent="Mozilla/5.0 (Windows NT 10.0; Win64; x64) AppleWebKit/537.36 (KHTML, like Gecko) Chrome/100.0.4896.60 Safari/537.36" DataSize=0 HostName=LAPTOP-86TU9QEB IP="::1" Method=OPTIONS Path=/api/v1/category SpendTime="0 ms" status=204
time="2022-04-15 00:48:13" level=info Agent="Mozilla/5.0 (Windows NT 10.0; Win64; x64) AppleWebKit/537.36 (KHTML, like Gecko) Chrome/100.0.4896.60 Safari/537.36" DataSize=144 HostName=LAPTOP-86TU9QEB IP="::1" Method=GET Path=/api/v1/category SpendTime="2 ms" status=200
time="2022-04-15 00:48:13" level=info Agent="Mozilla/5.0 (Windows NT 10.0; Win64; x64) AppleWebKit/537.36 (KHTML, like Gecko) Chrome/100.0.4896.60 Safari/537.36" DataSize=95556 HostName=LAPTOP-86TU9QEB IP="::1" Method=GET Path="/api/v1/articles?title=&pagesize=5&pagenum=1" SpendTime="5 ms" status=200
time="2022-04-15 00:48:14" level=info Agent="Mozilla/5.0 (Windows NT 10.0; Win64; x64) AppleWebKit/537.36 (KHTML, like Gecko) Chrome/100.0.4896.60 Safari/537.36" DataSize=0 HostName=LAPTOP-86TU9QEB IP="::1" Method=OPTIONS Path=/api/v1/category SpendTime="0 ms" status=204
time="2022-04-15 00:48:14" level=info Agent="Mozilla/5.0 (Windows NT 10.0; Win64; x64) AppleWebKit/537.36 (KHTML, like Gecko) Chrome/100.0.4896.60 Safari/537.36" DataSize=0 HostName=LAPTOP-86TU9QEB IP="::1" Method=OPTIONS Path=/api/v1/article/info/14 SpendTime="0 ms" status=204
time="2022-04-15 00:48:14" level=info Agent="Mozilla/5.0 (Windows NT 10.0; Win64; x64) AppleWebKit/537.36 (KHTML, like Gecko) Chrome/100.0.4896.60 Safari/537.36" DataSize=144 HostName=LAPTOP-86TU9QEB IP="::1" Method=GET Path=/api/v1/category SpendTime="2 ms" status=200
time="2022-04-15 00:48:14" level=info Agent="Mozilla/5.0 (Windows NT 10.0; Win64; x64) AppleWebKit/537.36 (KHTML, like Gecko) Chrome/100.0.4896.60 Safari/537.36" DataSize=28971 HostName=LAPTOP-86TU9QEB IP="::1" Method=GET Path=/api/v1/article/info/14 SpendTime="3 ms" status=200
time="2022-04-15 00:48:15" level=info Agent="Mozilla/5.0 (Windows NT 10.0; Win64; x64) AppleWebKit/537.36 (KHTML, like Gecko) Chrome/100.0.4896.60 Safari/537.36" DataSize=0 HostName=LAPTOP-86TU9QEB IP="::1" Method=OPTIONS Path=/api/v1/category SpendTime="1 ms" status=204
time="2022-04-15 00:48:15" level=info Agent="Mozilla/5.0 (Windows NT 10.0; Win64; x64) AppleWebKit/537.36 (KHTML, like Gecko) Chrome/100.0.4896.60 Safari/537.36" DataSize=144 HostName=LAPTOP-86TU9QEB IP="::1" Method=GET Path=/api/v1/category SpendTime="22 ms" status=200
time="2022-04-15 00:48:20" level=info Agent="Mozilla/5.0 (Windows NT 10.0; Win64; x64) AppleWebKit/537.36 (KHTML, like Gecko) Chrome/100.0.4896.60 Safari/537.36" DataSize=0 HostName=LAPTOP-86TU9QEB IP="::1" Method=OPTIONS Path="/api/v1/articles?title=&pagesize=5&pagenum=1" SpendTime="0 ms" status=204
time="2022-04-15 00:48:20" level=info Agent="Mozilla/5.0 (Windows NT 10.0; Win64; x64) AppleWebKit/537.36 (KHTML, like Gecko) Chrome/100.0.4896.60 Safari/537.36" DataSize=0 HostName=LAPTOP-86TU9QEB IP="::1" Method=OPTIONS Path=/api/v1/category SpendTime="0 ms" status=204
time="2022-04-15 00:48:20" level=info Agent="Mozilla/5.0 (Windows NT 10.0; Win64; x64) AppleWebKit/537.36 (KHTML, like Gecko) Chrome/100.0.4896.60 Safari/537.36" DataSize=144 HostName=LAPTOP-86TU9QEB IP="::1" Method=GET Path=/api/v1/category SpendTime="5 ms" status=200
time="2022-04-15 00:48:20" level=info Agent="Mozilla/5.0 (Windows NT 10.0; Win64; x64) AppleWebKit/537.36 (KHTML, like Gecko) Chrome/100.0.4896.60 Safari/537.36" DataSize=95556 HostName=LAPTOP-86TU9QEB IP="::1" Method=GET Path="/api/v1/articles?title=&pagesize=5&pagenum=1" SpendTime="18 ms" status=200
time="2022-04-15 00:51:21" level=info Agent="Mozilla/5.0 (Windows NT 10.0; Win64; x64) AppleWebKit/537.36 (KHTML, like Gecko) Chrome/100.0.4896.60 Safari/537.36" DataSize=0 HostName=LAPTOP-86TU9QEB IP="::1" Method=OPTIONS Path=/api/v1/category SpendTime="0 ms" status=204
time="2022-04-15 00:51:21" level=info Agent="Mozilla/5.0 (Windows NT 10.0; Win64; x64) AppleWebKit/537.36 (KHTML, like Gecko) Chrome/100.0.4896.60 Safari/537.36" DataSize=0 HostName=LAPTOP-86TU9QEB IP="::1" Method=OPTIONS Path=/api/v1/article/info/14 SpendTime="0 ms" status=204
time="2022-04-15 00:51:21" level=info Agent="Mozilla/5.0 (Windows NT 10.0; Win64; x64) AppleWebKit/537.36 (KHTML, like Gecko) Chrome/100.0.4896.60 Safari/537.36" DataSize=144 HostName=LAPTOP-86TU9QEB IP="::1" Method=GET Path=/api/v1/category SpendTime="21 ms" status=200
time="2022-04-15 00:51:21" level=info Agent="Mozilla/5.0 (Windows NT 10.0; Win64; x64) AppleWebKit/537.36 (KHTML, like Gecko) Chrome/100.0.4896.60 Safari/537.36" DataSize=28971 HostName=LAPTOP-86TU9QEB IP="::1" Method=GET Path=/api/v1/article/info/14 SpendTime="10 ms" status=200
time="2022-04-15 00:54:11" level=info Agent="Mozilla/5.0 (Windows NT 10.0; Win64; x64) AppleWebKit/537.36 (KHTML, like Gecko) Chrome/100.0.4896.60 Safari/537.36" DataSize=0 HostName=LAPTOP-86TU9QEB IP="::1" Method=OPTIONS Path=/api/v1/category SpendTime="0 ms" status=204
time="2022-04-15 00:54:11" level=info Agent="Mozilla/5.0 (Windows NT 10.0; Win64; x64) AppleWebKit/537.36 (KHTML, like Gecko) Chrome/100.0.4896.60 Safari/537.36" DataSize=0 HostName=LAPTOP-86TU9QEB IP="::1" Method=OPTIONS Path=/api/v1/article/info/14 SpendTime="0 ms" status=204
time="2022-04-15 00:54:11" level=info Agent="Mozilla/5.0 (Windows NT 10.0; Win64; x64) AppleWebKit/537.36 (KHTML, like Gecko) Chrome/100.0.4896.60 Safari/537.36" DataSize=28971 HostName=LAPTOP-86TU9QEB IP="::1" Method=GET Path=/api/v1/article/info/14 SpendTime="10 ms" status=200
time="2022-04-15 00:54:11" level=info Agent="Mozilla/5.0 (Windows NT 10.0; Win64; x64) AppleWebKit/537.36 (KHTML, like Gecko) Chrome/100.0.4896.60 Safari/537.36" DataSize=144 HostName=LAPTOP-86TU9QEB IP="::1" Method=GET Path=/api/v1/category SpendTime="11 ms" status=200
time="2022-04-15 00:54:20" level=info Agent="Mozilla/5.0 (Windows NT 10.0; Win64; x64) AppleWebKit/537.36 (KHTML, like Gecko) Chrome/100.0.4896.60 Safari/537.36" DataSize=0 HostName=LAPTOP-86TU9QEB IP="::1" Method=OPTIONS Path=/api/v1/category SpendTime="0 ms" status=204
time="2022-04-15 00:54:20" level=info Agent="Mozilla/5.0 (Windows NT 10.0; Win64; x64) AppleWebKit/537.36 (KHTML, like Gecko) Chrome/100.0.4896.60 Safari/537.36" DataSize=144 HostName=LAPTOP-86TU9QEB IP="::1" Method=GET Path=/api/v1/category SpendTime="3 ms" status=200
time="2022-04-15 00:56:22" level=info Agent="Mozilla/5.0 (Windows NT 10.0; Win64; x64) AppleWebKit/537.36 (KHTML, like Gecko) Chrome/100.0.4896.60 Safari/537.36" DataSize=0 HostName=LAPTOP-86TU9QEB IP="::1" Method=OPTIONS Path="/api/v1/articles?title=&pagesize=5&pagenum=1" SpendTime="0 ms" status=204
time="2022-04-15 00:56:22" level=info Agent="Mozilla/5.0 (Windows NT 10.0; Win64; x64) AppleWebKit/537.36 (KHTML, like Gecko) Chrome/100.0.4896.60 Safari/537.36" DataSize=0 HostName=LAPTOP-86TU9QEB IP="::1" Method=OPTIONS Path=/api/v1/category SpendTime="0 ms" status=204
time="2022-04-15 00:56:22" level=info Agent="Mozilla/5.0 (Windows NT 10.0; Win64; x64) AppleWebKit/537.36 (KHTML, like Gecko) Chrome/100.0.4896.60 Safari/537.36" DataSize=144 HostName=LAPTOP-86TU9QEB IP="::1" Method=GET Path=/api/v1/category SpendTime="5 ms" status=200
time="2022-04-15 00:56:22" level=info Agent="Mozilla/5.0 (Windows NT 10.0; Win64; x64) AppleWebKit/537.36 (KHTML, like Gecko) Chrome/100.0.4896.60 Safari/537.36" DataSize=95556 HostName=LAPTOP-86TU9QEB IP="::1" Method=GET Path="/api/v1/articles?title=&pagesize=5&pagenum=1" SpendTime="10 ms" status=200
time="2022-04-15 00:56:23" level=info Agent="Mozilla/5.0 (Windows NT 10.0; Win64; x64) AppleWebKit/537.36 (KHTML, like Gecko) Chrome/100.0.4896.60 Safari/537.36" DataSize=0 HostName=LAPTOP-86TU9QEB IP="::1" Method=OPTIONS Path=/api/v1/category SpendTime="0 ms" status=204
time="2022-04-15 00:56:23" level=info Agent="Mozilla/5.0 (Windows NT 10.0; Win64; x64) AppleWebKit/537.36 (KHTML, like Gecko) Chrome/100.0.4896.60 Safari/537.36" DataSize=0 HostName=LAPTOP-86TU9QEB IP="::1" Method=OPTIONS Path=/api/v1/article/info/14 SpendTime="0 ms" status=204
time="2022-04-15 00:56:23" level=info Agent="Mozilla/5.0 (Windows NT 10.0; Win64; x64) AppleWebKit/537.36 (KHTML, like Gecko) Chrome/100.0.4896.60 Safari/537.36" DataSize=144 HostName=LAPTOP-86TU9QEB IP="::1" Method=GET Path=/api/v1/category SpendTime="6 ms" status=200
time="2022-04-15 00:56:23" level=info Agent="Mozilla/5.0 (Windows NT 10.0; Win64; x64) AppleWebKit/537.36 (KHTML, like Gecko) Chrome/100.0.4896.60 Safari/537.36" DataSize=28971 HostName=LAPTOP-86TU9QEB IP="::1" Method=GET Path=/api/v1/article/info/14 SpendTime="5 ms" status=200
time="2022-04-15 00:57:28" level=info Agent="Mozilla/5.0 (Windows NT 10.0; Win64; x64) AppleWebKit/537.36 (KHTML, like Gecko) Chrome/100.0.4896.60 Safari/537.36" DataSize=0 HostName=LAPTOP-86TU9QEB IP="::1" Method=OPTIONS Path="/api/v1/articles?title=&pagesize=5&pagenum=1" SpendTime="1 ms" status=204
time="2022-04-15 00:57:28" level=info Agent="Mozilla/5.0 (Windows NT 10.0; Win64; x64) AppleWebKit/537.36 (KHTML, like Gecko) Chrome/100.0.4896.60 Safari/537.36" DataSize=0 HostName=LAPTOP-86TU9QEB IP="::1" Method=OPTIONS Path=/api/v1/category SpendTime="0 ms" status=204
time="2022-04-15 00:57:28" level=info Agent="Mozilla/5.0 (Windows NT 10.0; Win64; x64) AppleWebKit/537.36 (KHTML, like Gecko) Chrome/100.0.4896.60 Safari/537.36" DataSize=144 HostName=LAPTOP-86TU9QEB IP="::1" Method=GET Path=/api/v1/category SpendTime="4 ms" status=200
time="2022-04-15 00:57:28" level=info Agent="Mozilla/5.0 (Windows NT 10.0; Win64; x64) AppleWebKit/537.36 (KHTML, like Gecko) Chrome/100.0.4896.60 Safari/537.36" DataSize=95556 HostName=LAPTOP-86TU9QEB IP="::1" Method=GET Path="/api/v1/articles?title=&pagesize=5&pagenum=1" SpendTime="9 ms" status=200
time="2022-04-15 00:57:30" level=info Agent="Mozilla/5.0 (Windows NT 10.0; Win64; x64) AppleWebKit/537.36 (KHTML, like Gecko) Chrome/100.0.4896.60 Safari/537.36" DataSize=0 HostName=LAPTOP-86TU9QEB IP="::1" Method=OPTIONS Path=/api/v1/category SpendTime="0 ms" status=204
time="2022-04-15 00:57:30" level=info Agent="Mozilla/5.0 (Windows NT 10.0; Win64; x64) AppleWebKit/537.36 (KHTML, like Gecko) Chrome/100.0.4896.60 Safari/537.36" DataSize=0 HostName=LAPTOP-86TU9QEB IP="::1" Method=OPTIONS Path=/api/v1/article/info/14 SpendTime="0 ms" status=204
time="2022-04-15 00:57:30" level=info Agent="Mozilla/5.0 (Windows NT 10.0; Win64; x64) AppleWebKit/537.36 (KHTML, like Gecko) Chrome/100.0.4896.60 Safari/537.36" DataSize=144 HostName=LAPTOP-86TU9QEB IP="::1" Method=GET Path=/api/v1/category SpendTime="1 ms" status=200
time="2022-04-15 00:57:30" level=info Agent="Mozilla/5.0 (Windows NT 10.0; Win64; x64) AppleWebKit/537.36 (KHTML, like Gecko) Chrome/100.0.4896.60 Safari/537.36" DataSize=28971 HostName=LAPTOP-86TU9QEB IP="::1" Method=GET Path=/api/v1/article/info/14 SpendTime="3 ms" status=200
time="2022-04-15 00:57:36" level=info Agent="Mozilla/5.0 (Windows NT 10.0; Win64; x64) AppleWebKit/537.36 (KHTML, like Gecko) Chrome/100.0.4896.60 Safari/537.36" DataSize=0 HostName=LAPTOP-86TU9QEB IP="::1" Method=OPTIONS Path=/api/v1/category SpendTime="0 ms" status=204
time="2022-04-15 00:57:36" level=info Agent="Mozilla/5.0 (Windows NT 10.0; Win64; x64) AppleWebKit/537.36 (KHTML, like Gecko) Chrome/100.0.4896.60 Safari/537.36" DataSize=144 HostName=LAPTOP-86TU9QEB IP="::1" Method=GET Path=/api/v1/category SpendTime="1 ms" status=200
time="2022-04-15 00:58:20" level=info Agent="Mozilla/5.0 (Windows NT 10.0; Win64; x64) AppleWebKit/537.36 (KHTML, like Gecko) Chrome/100.0.4896.60 Safari/537.36" DataSize=0 HostName=LAPTOP-86TU9QEB IP="::1" Method=OPTIONS Path="/api/v1/articles?title=&pagesize=5&pagenum=1" SpendTime="0 ms" status=204
time="2022-04-15 00:58:20" level=info Agent="Mozilla/5.0 (Windows NT 10.0; Win64; x64) AppleWebKit/537.36 (KHTML, like Gecko) Chrome/100.0.4896.60 Safari/537.36" DataSize=0 HostName=LAPTOP-86TU9QEB IP="::1" Method=OPTIONS Path=/api/v1/category SpendTime="0 ms" status=204
time="2022-04-15 00:58:20" level=info Agent="Mozilla/5.0 (Windows NT 10.0; Win64; x64) AppleWebKit/537.36 (KHTML, like Gecko) Chrome/100.0.4896.60 Safari/537.36" DataSize=144 HostName=LAPTOP-86TU9QEB IP="::1" Method=GET Path=/api/v1/category SpendTime="6 ms" status=200
time="2022-04-15 00:58:20" level=info Agent="Mozilla/5.0 (Windows NT 10.0; Win64; x64) AppleWebKit/537.36 (KHTML, like Gecko) Chrome/100.0.4896.60 Safari/537.36" DataSize=95556 HostName=LAPTOP-86TU9QEB IP="::1" Method=GET Path="/api/v1/articles?title=&pagesize=5&pagenum=1" SpendTime="11 ms" status=200
time="2022-04-15 00:58:21" level=info Agent="Mozilla/5.0 (Windows NT 10.0; Win64; x64) AppleWebKit/537.36 (KHTML, like Gecko) Chrome/100.0.4896.60 Safari/537.36" DataSize=0 HostName=LAPTOP-86TU9QEB IP="::1" Method=OPTIONS Path=/api/v1/category SpendTime="0 ms" status=204
time="2022-04-15 00:58:21" level=info Agent="Mozilla/5.0 (Windows NT 10.0; Win64; x64) AppleWebKit/537.36 (KHTML, like Gecko) Chrome/100.0.4896.60 Safari/537.36" DataSize=0 HostName=LAPTOP-86TU9QEB IP="::1" Method=OPTIONS Path=/api/v1/article/info/14 SpendTime="0 ms" status=204
time="2022-04-15 00:58:21" level=info Agent="Mozilla/5.0 (Windows NT 10.0; Win64; x64) AppleWebKit/537.36 (KHTML, like Gecko) Chrome/100.0.4896.60 Safari/537.36" DataSize=28971 HostName=LAPTOP-86TU9QEB IP="::1" Method=GET Path=/api/v1/article/info/14 SpendTime="7 ms" status=200
time="2022-04-15 00:58:21" level=info Agent="Mozilla/5.0 (Windows NT 10.0; Win64; x64) AppleWebKit/537.36 (KHTML, like Gecko) Chrome/100.0.4896.60 Safari/537.36" DataSize=144 HostName=LAPTOP-86TU9QEB IP="::1" Method=GET Path=/api/v1/category SpendTime="9 ms" status=200
time="2022-04-15 00:58:30" level=info Agent="Mozilla/5.0 (Windows NT 10.0; Win64; x64) AppleWebKit/537.36 (KHTML, like Gecko) Chrome/100.0.4896.60 Safari/537.36" DataSize=0 HostName=LAPTOP-86TU9QEB IP="::1" Method=OPTIONS Path=/api/v1/category SpendTime="0 ms" status=204
time="2022-04-15 00:58:30" level=info Agent="Mozilla/5.0 (Windows NT 10.0; Win64; x64) AppleWebKit/537.36 (KHTML, like Gecko) Chrome/100.0.4896.60 Safari/537.36" DataSize=144 HostName=LAPTOP-86TU9QEB IP="::1" Method=GET Path=/api/v1/category SpendTime="4 ms" status=200
time="2022-04-15 00:59:17" level=info Agent="Mozilla/5.0 (Windows NT 10.0; Win64; x64) AppleWebKit/537.36 (KHTML, like Gecko) Chrome/100.0.4896.60 Safari/537.36" DataSize=0 HostName=LAPTOP-86TU9QEB IP="::1" Method=OPTIONS Path="/api/v1/category?pagesize=5&pagenum=1" SpendTime="0 ms" status=204
time="2022-04-15 00:59:17" level=info Agent="Mozilla/5.0 (Windows NT 10.0; Win64; x64) AppleWebKit/537.36 (KHTML, like Gecko) Chrome/100.0.4896.60 Safari/537.36" DataSize=144 HostName=LAPTOP-86TU9QEB IP="::1" Method=GET Path="/api/v1/category?pagesize=5&pagenum=1" SpendTime="6 ms" status=200
time="2022-04-15 00:59:17" level=info Agent="Mozilla/5.0 (Windows NT 10.0; Win64; x64) AppleWebKit/537.36 (KHTML, like Gecko) Chrome/100.0.4896.60 Safari/537.36" DataSize=0 HostName=LAPTOP-86TU9QEB IP="::1" Method=OPTIONS Path=/api/v1/category SpendTime="0 ms" status=204
time="2022-04-15 00:59:17" level=info Agent="Mozilla/5.0 (Windows NT 10.0; Win64; x64) AppleWebKit/537.36 (KHTML, like Gecko) Chrome/100.0.4896.60 Safari/537.36" DataSize=144 HostName=LAPTOP-86TU9QEB IP="::1" Method=GET Path=/api/v1/category SpendTime="2 ms" status=200
time="2022-04-15 00:59:18" level=info Agent="Mozilla/5.0 (Windows NT 10.0; Win64; x64) AppleWebKit/537.36 (KHTML, like Gecko) Chrome/100.0.4896.60 Safari/537.36" DataSize=0 HostName=LAPTOP-86TU9QEB IP="::1" Method=OPTIONS Path="/api/v1/articles?title=&pagesize=5&pagenum=1" SpendTime="0 ms" status=204
time="2022-04-15 00:59:18" level=info Agent="Mozilla/5.0 (Windows NT 10.0; Win64; x64) AppleWebKit/537.36 (KHTML, like Gecko) Chrome/100.0.4896.60 Safari/537.36" DataSize=0 HostName=LAPTOP-86TU9QEB IP="::1" Method=OPTIONS Path=/api/v1/category SpendTime="0 ms" status=204
time="2022-04-15 00:59:18" level=info Agent="Mozilla/5.0 (Windows NT 10.0; Win64; x64) AppleWebKit/537.36 (KHTML, like Gecko) Chrome/100.0.4896.60 Safari/537.36" DataSize=95556 HostName=LAPTOP-86TU9QEB IP="::1" Method=GET Path="/api/v1/articles?title=&pagesize=5&pagenum=1" SpendTime="6 ms" status=200
time="2022-04-15 00:59:18" level=info Agent="Mozilla/5.0 (Windows NT 10.0; Win64; x64) AppleWebKit/537.36 (KHTML, like Gecko) Chrome/100.0.4896.60 Safari/537.36" DataSize=144 HostName=LAPTOP-86TU9QEB IP="::1" Method=GET Path=/api/v1/category SpendTime="5 ms" status=200
time="2022-04-15 00:59:19" level=info Agent="Mozilla/5.0 (Windows NT 10.0; Win64; x64) AppleWebKit/537.36 (KHTML, like Gecko) Chrome/100.0.4896.60 Safari/537.36" DataSize=0 HostName=LAPTOP-86TU9QEB IP="::1" Method=OPTIONS Path=/api/v1/category SpendTime="0 ms" status=204
time="2022-04-15 00:59:19" level=info Agent="Mozilla/5.0 (Windows NT 10.0; Win64; x64) AppleWebKit/537.36 (KHTML, like Gecko) Chrome/100.0.4896.60 Safari/537.36" DataSize=0 HostName=LAPTOP-86TU9QEB IP="::1" Method=OPTIONS Path=/api/v1/article/info/14 SpendTime="0 ms" status=204
time="2022-04-15 00:59:19" level=info Agent="Mozilla/5.0 (Windows NT 10.0; Win64; x64) AppleWebKit/537.36 (KHTML, like Gecko) Chrome/100.0.4896.60 Safari/537.36" DataSize=144 HostName=LAPTOP-86TU9QEB IP="::1" Method=GET Path=/api/v1/category SpendTime="3 ms" status=200
time="2022-04-15 00:59:19" level=info Agent="Mozilla/5.0 (Windows NT 10.0; Win64; x64) AppleWebKit/537.36 (KHTML, like Gecko) Chrome/100.0.4896.60 Safari/537.36" DataSize=28971 HostName=LAPTOP-86TU9QEB IP="::1" Method=GET Path=/api/v1/article/info/14 SpendTime="4 ms" status=200
time="2022-04-15 00:59:40" level=info Agent="Mozilla/5.0 (Windows NT 10.0; Win64; x64) AppleWebKit/537.36 (KHTML, like Gecko) Chrome/100.0.4896.60 Safari/537.36" DataSize=0 HostName=LAPTOP-86TU9QEB IP="::1" Method=OPTIONS Path=/api/v1/article/info/14 SpendTime="0 ms" status=204
time="2022-04-15 00:59:40" level=info Agent="Mozilla/5.0 (Windows NT 10.0; Win64; x64) AppleWebKit/537.36 (KHTML, like Gecko) Chrome/100.0.4896.60 Safari/537.36" DataSize=0 HostName=LAPTOP-86TU9QEB IP="::1" Method=OPTIONS Path=/api/v1/category SpendTime="0 ms" status=204
time="2022-04-15 00:59:40" level=info Agent="Mozilla/5.0 (Windows NT 10.0; Win64; x64) AppleWebKit/537.36 (KHTML, like Gecko) Chrome/100.0.4896.60 Safari/537.36" DataSize=144 HostName=LAPTOP-86TU9QEB IP="::1" Method=GET Path=/api/v1/category SpendTime="13 ms" status=200
time="2022-04-15 00:59:40" level=info Agent="Mozilla/5.0 (Windows NT 10.0; Win64; x64) AppleWebKit/537.36 (KHTML, like Gecko) Chrome/100.0.4896.60 Safari/537.36" DataSize=28971 HostName=LAPTOP-86TU9QEB IP="::1" Method=GET Path=/api/v1/article/info/14 SpendTime="28 ms" status=200
time="2022-04-15 00:59:41" level=info Agent="Mozilla/5.0 (Windows NT 10.0; Win64; x64) AppleWebKit/537.36 (KHTML, like Gecko) Chrome/100.0.4896.60 Safari/537.36" DataSize=0 HostName=LAPTOP-86TU9QEB IP="::1" Method=OPTIONS Path="/api/v1/articles?title=&pagesize=5&pagenum=1" SpendTime="0 ms" status=204
time="2022-04-15 00:59:41" level=info Agent="Mozilla/5.0 (Windows NT 10.0; Win64; x64) AppleWebKit/537.36 (KHTML, like Gecko) Chrome/100.0.4896.60 Safari/537.36" DataSize=0 HostName=LAPTOP-86TU9QEB IP="::1" Method=OPTIONS Path=/api/v1/category SpendTime="0 ms" status=204
time="2022-04-15 00:59:41" level=info Agent="Mozilla/5.0 (Windows NT 10.0; Win64; x64) AppleWebKit/537.36 (KHTML, like Gecko) Chrome/100.0.4896.60 Safari/537.36" DataSize=144 HostName=LAPTOP-86TU9QEB IP="::1" Method=GET Path=/api/v1/category SpendTime="5 ms" status=200
time="2022-04-15 00:59:41" level=info Agent="Mozilla/5.0 (Windows NT 10.0; Win64; x64) AppleWebKit/537.36 (KHTML, like Gecko) Chrome/100.0.4896.60 Safari/537.36" DataSize=95556 HostName=LAPTOP-86TU9QEB IP="::1" Method=GET Path="/api/v1/articles?title=&pagesize=5&pagenum=1" SpendTime="8 ms" status=200
time="2022-04-15 00:59:42" level=info Agent="Mozilla/5.0 (Windows NT 10.0; Win64; x64) AppleWebKit/537.36 (KHTML, like Gecko) Chrome/100.0.4896.60 Safari/537.36" DataSize=0 HostName=LAPTOP-86TU9QEB IP="::1" Method=OPTIONS Path=/api/v1/category SpendTime="0 ms" status=204
time="2022-04-15 00:59:42" level=info Agent="Mozilla/5.0 (Windows NT 10.0; Win64; x64) AppleWebKit/537.36 (KHTML, like Gecko) Chrome/100.0.4896.60 Safari/537.36" DataSize=0 HostName=LAPTOP-86TU9QEB IP="::1" Method=OPTIONS Path=/api/v1/article/info/14 SpendTime="0 ms" status=204
time="2022-04-15 00:59:42" level=info Agent="Mozilla/5.0 (Windows NT 10.0; Win64; x64) AppleWebKit/537.36 (KHTML, like Gecko) Chrome/100.0.4896.60 Safari/537.36" DataSize=144 HostName=LAPTOP-86TU9QEB IP="::1" Method=GET Path=/api/v1/category SpendTime="3 ms" status=200
time="2022-04-15 00:59:42" level=info Agent="Mozilla/5.0 (Windows NT 10.0; Win64; x64) AppleWebKit/537.36 (KHTML, like Gecko) Chrome/100.0.4896.60 Safari/537.36" DataSize=28971 HostName=LAPTOP-86TU9QEB IP="::1" Method=GET Path=/api/v1/article/info/14 SpendTime="4 ms" status=200
time="2022-04-15 00:59:48" level=info Agent="Mozilla/5.0 (Windows NT 10.0; Win64; x64) AppleWebKit/537.36 (KHTML, like Gecko) Chrome/100.0.4896.60 Safari/537.36" DataSize=0 HostName=LAPTOP-86TU9QEB IP="::1" Method=OPTIONS Path="/api/v1/articles?title=&pagesize=5&pagenum=1" SpendTime="0 ms" status=204
time="2022-04-15 00:59:48" level=info Agent="Mozilla/5.0 (Windows NT 10.0; Win64; x64) AppleWebKit/537.36 (KHTML, like Gecko) Chrome/100.0.4896.60 Safari/537.36" DataSize=0 HostName=LAPTOP-86TU9QEB IP="::1" Method=OPTIONS Path=/api/v1/category SpendTime="0 ms" status=204
time="2022-04-15 00:59:48" level=info Agent="Mozilla/5.0 (Windows NT 10.0; Win64; x64) AppleWebKit/537.36 (KHTML, like Gecko) Chrome/100.0.4896.60 Safari/537.36" DataSize=144 HostName=LAPTOP-86TU9QEB IP="::1" Method=GET Path=/api/v1/category SpendTime="2 ms" status=200
time="2022-04-15 00:59:48" level=info Agent="Mozilla/5.0 (Windows NT 10.0; Win64; x64) AppleWebKit/537.36 (KHTML, like Gecko) Chrome/100.0.4896.60 Safari/537.36" DataSize=95556 HostName=LAPTOP-86TU9QEB IP="::1" Method=GET Path="/api/v1/articles?title=&pagesize=5&pagenum=1" SpendTime="4 ms" status=200
time="2022-04-15 00:59:57" level=info Agent="Mozilla/5.0 (Windows NT 10.0; Win64; x64) AppleWebKit/537.36 (KHTML, like Gecko) Chrome/100.0.4896.60 Safari/537.36" DataSize=0 HostName=LAPTOP-86TU9QEB IP="::1" Method=OPTIONS Path=/api/v1/category SpendTime="0 ms" status=204
time="2022-04-15 00:59:57" level=info Agent="Mozilla/5.0 (Windows NT 10.0; Win64; x64) AppleWebKit/537.36 (KHTML, like Gecko) Chrome/100.0.4896.60 Safari/537.36" DataSize=0 HostName=LAPTOP-86TU9QEB IP="::1" Method=OPTIONS Path=/api/v1/article/info/13 SpendTime="0 ms" status=204
time="2022-04-15 00:59:57" level=info Agent="Mozilla/5.0 (Windows NT 10.0; Win64; x64) AppleWebKit/537.36 (KHTML, like Gecko) Chrome/100.0.4896.60 Safari/537.36" DataSize=144 HostName=LAPTOP-86TU9QEB IP="::1" Method=GET Path=/api/v1/category SpendTime="5 ms" status=200
time="2022-04-15 00:59:57" level=info Agent="Mozilla/5.0 (Windows NT 10.0; Win64; x64) AppleWebKit/537.36 (KHTML, like Gecko) Chrome/100.0.4896.60 Safari/537.36" DataSize=60200 HostName=LAPTOP-86TU9QEB IP="::1" Method=GET Path=/api/v1/article/info/13 SpendTime="7 ms" status=200
time="2022-04-15 01:02:31" level=info Agent="Mozilla/5.0 (Windows NT 10.0; Win64; x64) AppleWebKit/537.36 (KHTML, like Gecko) Chrome/100.0.4896.60 Safari/537.36" DataSize=0 HostName=LAPTOP-86TU9QEB IP="::1" Method=OPTIONS Path=/api/v1/category SpendTime="1 ms" status=204
time="2022-04-15 01:02:31" level=info Agent="Mozilla/5.0 (Windows NT 10.0; Win64; x64) AppleWebKit/537.36 (KHTML, like Gecko) Chrome/100.0.4896.60 Safari/537.36" DataSize=144 HostName=LAPTOP-86TU9QEB IP="::1" Method=GET Path=/api/v1/category SpendTime="6 ms" status=200
time="2022-04-15 01:02:47" level=info Agent="Mozilla/5.0 (Windows NT 10.0; Win64; x64) AppleWebKit/537.36 (KHTML, like Gecko) Chrome/100.0.4896.60 Safari/537.36" DataSize=0 HostName=LAPTOP-86TU9QEB IP="::1" Method=OPTIONS Path="/api/v1/articles?title=&pagesize=5&pagenum=1" SpendTime="1 ms" status=204
time="2022-04-15 01:02:47" level=info Agent="Mozilla/5.0 (Windows NT 10.0; Win64; x64) AppleWebKit/537.36 (KHTML, like Gecko) Chrome/100.0.4896.60 Safari/537.36" DataSize=0 HostName=LAPTOP-86TU9QEB IP="::1" Method=OPTIONS Path=/api/v1/category SpendTime="0 ms" status=204
time="2022-04-15 01:02:47" level=info Agent="Mozilla/5.0 (Windows NT 10.0; Win64; x64) AppleWebKit/537.36 (KHTML, like Gecko) Chrome/100.0.4896.60 Safari/537.36" DataSize=144 HostName=LAPTOP-86TU9QEB IP="::1" Method=GET Path=/api/v1/category SpendTime="5 ms" status=200
time="2022-04-15 01:02:47" level=info Agent="Mozilla/5.0 (Windows NT 10.0; Win64; x64) AppleWebKit/537.36 (KHTML, like Gecko) Chrome/100.0.4896.60 Safari/537.36" DataSize=95556 HostName=LAPTOP-86TU9QEB IP="::1" Method=GET Path="/api/v1/articles?title=&pagesize=5&pagenum=1" SpendTime="12 ms" status=200
time="2022-04-15 01:02:47" level=info Agent="Mozilla/5.0 (Windows NT 10.0; Win64; x64) AppleWebKit/537.36 (KHTML, like Gecko) Chrome/100.0.4896.60 Safari/537.36" DataSize=0 HostName=LAPTOP-86TU9QEB IP="::1" Method=OPTIONS Path=/api/v1/category SpendTime="0 ms" status=204
time="2022-04-15 01:02:47" level=info Agent="Mozilla/5.0 (Windows NT 10.0; Win64; x64) AppleWebKit/537.36 (KHTML, like Gecko) Chrome/100.0.4896.60 Safari/537.36" DataSize=144 HostName=LAPTOP-86TU9QEB IP="::1" Method=GET Path=/api/v1/category SpendTime="2 ms" status=200
time="2022-04-15 01:03:05" level=info Agent="Mozilla/5.0 (Windows NT 10.0; Win64; x64) AppleWebKit/537.36 (KHTML, like Gecko) Chrome/100.0.4896.60 Safari/537.36" DataSize=0 HostName=LAPTOP-86TU9QEB IP="::1" Method=OPTIONS Path="/api/v1/articles?title=&pagesize=5&pagenum=1" SpendTime="0 ms" status=204
time="2022-04-15 01:03:05" level=info Agent="Mozilla/5.0 (Windows NT 10.0; Win64; x64) AppleWebKit/537.36 (KHTML, like Gecko) Chrome/100.0.4896.60 Safari/537.36" DataSize=0 HostName=LAPTOP-86TU9QEB IP="::1" Method=OPTIONS Path=/api/v1/category SpendTime="0 ms" status=204
time="2022-04-15 01:03:05" level=info Agent="Mozilla/5.0 (Windows NT 10.0; Win64; x64) AppleWebKit/537.36 (KHTML, like Gecko) Chrome/100.0.4896.60 Safari/537.36" DataSize=144 HostName=LAPTOP-86TU9QEB IP="::1" Method=GET Path=/api/v1/category SpendTime="4 ms" status=200
time="2022-04-15 01:03:05" level=info Agent="Mozilla/5.0 (Windows NT 10.0; Win64; x64) AppleWebKit/537.36 (KHTML, like Gecko) Chrome/100.0.4896.60 Safari/537.36" DataSize=95556 HostName=LAPTOP-86TU9QEB IP="::1" Method=GET Path="/api/v1/articles?title=&pagesize=5&pagenum=1" SpendTime="10 ms" status=200
time="2022-04-15 01:03:07" level=info Agent="Mozilla/5.0 (Windows NT 10.0; Win64; x64) AppleWebKit/537.36 (KHTML, like Gecko) Chrome/100.0.4896.60 Safari/537.36" DataSize=0 HostName=LAPTOP-86TU9QEB IP="::1" Method=OPTIONS Path=/api/v1/category SpendTime="0 ms" status=204
time="2022-04-15 01:03:07" level=info Agent="Mozilla/5.0 (Windows NT 10.0; Win64; x64) AppleWebKit/537.36 (KHTML, like Gecko) Chrome/100.0.4896.60 Safari/537.36" DataSize=0 HostName=LAPTOP-86TU9QEB IP="::1" Method=OPTIONS Path=/api/v1/article/info/14 SpendTime="0 ms" status=204
time="2022-04-15 01:03:07" level=info Agent="Mozilla/5.0 (Windows NT 10.0; Win64; x64) AppleWebKit/537.36 (KHTML, like Gecko) Chrome/100.0.4896.60 Safari/537.36" DataSize=144 HostName=LAPTOP-86TU9QEB IP="::1" Method=GET Path=/api/v1/category SpendTime="2 ms" status=200
time="2022-04-15 01:03:07" level=info Agent="Mozilla/5.0 (Windows NT 10.0; Win64; x64) AppleWebKit/537.36 (KHTML, like Gecko) Chrome/100.0.4896.60 Safari/537.36" DataSize=28971 HostName=LAPTOP-86TU9QEB IP="::1" Method=GET Path=/api/v1/article/info/14 SpendTime="3 ms" status=200
time="2022-04-15 01:31:08" level=info Agent="Mozilla/5.0 (Windows NT 10.0; Win64; x64) AppleWebKit/537.36 (KHTML, like Gecko) Chrome/100.0.4896.60 Safari/537.36" DataSize=0 HostName=LAPTOP-86TU9QEB IP="::1" Method=OPTIONS Path=/api/v1/category SpendTime="0 ms" status=204
time="2022-04-15 01:31:08" level=info Agent="Mozilla/5.0 (Windows NT 10.0; Win64; x64) AppleWebKit/537.36 (KHTML, like Gecko) Chrome/100.0.4896.60 Safari/537.36" DataSize=144 HostName=LAPTOP-86TU9QEB IP="::1" Method=GET Path=/api/v1/category SpendTime="4 ms" status=200
time="2022-04-15 01:32:48" level=info Agent="Mozilla/5.0 (Windows NT 10.0; Win64; x64) AppleWebKit/537.36 (KHTML, like Gecko) Chrome/100.0.4896.60 Safari/537.36" DataSize=0 HostName=LAPTOP-86TU9QEB IP="::1" Method=OPTIONS Path="/api/v1/articles?title=&pagesize=5&pagenum=1" SpendTime="0 ms" status=204
time="2022-04-15 01:32:48" level=info Agent="Mozilla/5.0 (Windows NT 10.0; Win64; x64) AppleWebKit/537.36 (KHTML, like Gecko) Chrome/100.0.4896.60 Safari/537.36" DataSize=0 HostName=LAPTOP-86TU9QEB IP="::1" Method=OPTIONS Path=/api/v1/category SpendTime="0 ms" status=204
time="2022-04-15 01:32:48" level=info Agent="Mozilla/5.0 (Windows NT 10.0; Win64; x64) AppleWebKit/537.36 (KHTML, like Gecko) Chrome/100.0.4896.60 Safari/537.36" DataSize=144 HostName=LAPTOP-86TU9QEB IP="::1" Method=GET Path=/api/v1/category SpendTime="4 ms" status=200
time="2022-04-15 01:32:48" level=info Agent="Mozilla/5.0 (Windows NT 10.0; Win64; x64) AppleWebKit/537.36 (KHTML, like Gecko) Chrome/100.0.4896.60 Safari/537.36" DataSize=95556 HostName=LAPTOP-86TU9QEB IP="::1" Method=GET Path="/api/v1/articles?title=&pagesize=5&pagenum=1" SpendTime="9 ms" status=200
time="2022-04-15 01:32:51" level=info Agent="Mozilla/5.0 (Windows NT 10.0; Win64; x64) AppleWebKit/537.36 (KHTML, like Gecko) Chrome/100.0.4896.60 Safari/537.36" DataSize=0 HostName=LAPTOP-86TU9QEB IP="::1" Method=OPTIONS Path=/api/v1/category SpendTime="0 ms" status=204
time="2022-04-15 01:32:51" level=info Agent="Mozilla/5.0 (Windows NT 10.0; Win64; x64) AppleWebKit/537.36 (KHTML, like Gecko) Chrome/100.0.4896.60 Safari/537.36" DataSize=0 HostName=LAPTOP-86TU9QEB IP="::1" Method=OPTIONS Path=/api/v1/article/info/12 SpendTime="0 ms" status=204
time="2022-04-15 01:32:51" level=info Agent="Mozilla/5.0 (Windows NT 10.0; Win64; x64) AppleWebKit/537.36 (KHTML, like Gecko) Chrome/100.0.4896.60 Safari/537.36" DataSize=281 HostName=LAPTOP-86TU9QEB IP="::1" Method=GET Path=/api/v1/article/info/12 SpendTime="2 ms" status=200
time="2022-04-15 01:32:51" level=info Agent="Mozilla/5.0 (Windows NT 10.0; Win64; x64) AppleWebKit/537.36 (KHTML, like Gecko) Chrome/100.0.4896.60 Safari/537.36" DataSize=144 HostName=LAPTOP-86TU9QEB IP="::1" Method=GET Path=/api/v1/category SpendTime="3 ms" status=200
time="2022-04-15 01:33:14" level=info Agent="Mozilla/5.0 (Windows NT 10.0; Win64; x64) AppleWebKit/537.36 (KHTML, like Gecko) Chrome/100.0.4896.60 Safari/537.36" DataSize=0 HostName=LAPTOP-86TU9QEB IP="::1" Method=OPTIONS Path=/api/v1/article/12 SpendTime="0 ms" status=204
time="2022-04-15 01:33:14" level=info Agent="Mozilla/5.0 (Windows NT 10.0; Win64; x64) AppleWebKit/537.36 (KHTML, like Gecko) Chrome/100.0.4896.60 Safari/537.36" DataSize=29 HostName=LAPTOP-86TU9QEB IP="::1" Method=PUT Path=/api/v1/article/12 SpendTime="46 ms" status=200
time="2022-04-15 01:33:14" level=info Agent="Mozilla/5.0 (Windows NT 10.0; Win64; x64) AppleWebKit/537.36 (KHTML, like Gecko) Chrome/100.0.4896.60 Safari/537.36" DataSize=0 HostName=LAPTOP-86TU9QEB IP="::1" Method=OPTIONS Path="/api/v1/articles?title=&pagesize=5&pagenum=1" SpendTime="0 ms" status=204
time="2022-04-15 01:33:14" level=info Agent="Mozilla/5.0 (Windows NT 10.0; Win64; x64) AppleWebKit/537.36 (KHTML, like Gecko) Chrome/100.0.4896.60 Safari/537.36" DataSize=0 HostName=LAPTOP-86TU9QEB IP="::1" Method=OPTIONS Path=/api/v1/category SpendTime="0 ms" status=204
time="2022-04-15 01:33:14" level=info Agent="Mozilla/5.0 (Windows NT 10.0; Win64; x64) AppleWebKit/537.36 (KHTML, like Gecko) Chrome/100.0.4896.60 Safari/537.36" DataSize=144 HostName=LAPTOP-86TU9QEB IP="::1" Method=GET Path=/api/v1/category SpendTime="4 ms" status=200
time="2022-04-15 01:33:14" level=info Agent="Mozilla/5.0 (Windows NT 10.0; Win64; x64) AppleWebKit/537.36 (KHTML, like Gecko) Chrome/100.0.4896.60 Safari/537.36" DataSize=95557 HostName=LAPTOP-86TU9QEB IP="::1" Method=GET Path="/api/v1/articles?title=&pagesize=5&pagenum=1" SpendTime="6 ms" status=200
time="2022-04-15 01:33:23" level=info Agent="Mozilla/5.0 (Windows NT 10.0; Win64; x64) AppleWebKit/537.36 (KHTML, like Gecko) Chrome/100.0.4896.60 Safari/537.36" DataSize=1099 HostName=LAPTOP-86TU9QEB IP="::1" Method=GET Path=/ SpendTime="1 ms" status=200
time="2022-04-15 01:33:24" level=info Agent="Mozilla/5.0 (Windows NT 10.0; Win64; x64) AppleWebKit/537.36 (KHTML, like Gecko) Chrome/100.0.4896.60 Safari/537.36" DataSize=129 HostName=LAPTOP-86TU9QEB IP="::1" Method=GET Path=/css/app.55a17e0e.css SpendTime="219 ms" status=200
time="2022-04-15 01:33:24" level=info Agent="Mozilla/5.0 (Windows NT 10.0; Win64; x64) AppleWebKit/537.36 (KHTML, like Gecko) Chrome/100.0.4896.60 Safari/537.36" DataSize=20734 HostName=LAPTOP-86TU9QEB IP="::1" Method=GET Path=/js/app.16a72578.js SpendTime="188 ms" status=200
time="2022-04-15 01:33:24" level=info Agent="Mozilla/5.0 (Windows NT 10.0; Win64; x64) AppleWebKit/537.36 (KHTML, like Gecko) Chrome/100.0.4896.60 Safari/537.36" DataSize=380096 HostName=LAPTOP-86TU9QEB IP="::1" Method=GET Path=/css/chunk-vendors.8428c419.css SpendTime="476 ms" status=200
time="2022-04-15 01:33:24" level=info Agent="Mozilla/5.0 (Windows NT 10.0; Win64; x64) AppleWebKit/537.36 (KHTML, like Gecko) Chrome/100.0.4896.60 Safari/537.36" DataSize=633349 HostName=LAPTOP-86TU9QEB IP="::1" Method=GET Path=/js/chunk-vendors.74d3c4b1.js SpendTime="396 ms" status=200
time="2022-04-15 01:33:24" level=info Agent="Mozilla/5.0 (Windows NT 10.0; Win64; x64) AppleWebKit/537.36 (KHTML, like Gecko) Chrome/100.0.4896.60 Safari/537.36" DataSize=144 HostName=LAPTOP-86TU9QEB IP="::1" Method=GET Path=/api/v1/category SpendTime="2 ms" status=200
time="2022-04-15 01:33:24" level=info Agent="Mozilla/5.0 (Windows NT 10.0; Win64; x64) AppleWebKit/537.36 (KHTML, like Gecko) Chrome/100.0.4896.60 Safari/537.36" DataSize=319 HostName=LAPTOP-86TU9QEB IP="::1" Method=GET Path=/api/v1/profile/1 SpendTime="2 ms" status=200
time="2022-04-15 01:33:24" level=info Agent="Mozilla/5.0 (Windows NT 10.0; Win64; x64) AppleWebKit/537.36 (KHTML, like Gecko) Chrome/100.0.4896.60 Safari/537.36" DataSize=95557 HostName=LAPTOP-86TU9QEB IP="::1" Method=GET Path="/api/v1/articles?pagesize=5&pagenum=1" SpendTime="7 ms" status=200
time="2022-04-15 01:33:26" level=info Agent="Mozilla/5.0 (Windows NT 10.0; Win64; x64) AppleWebKit/537.36 (KHTML, like Gecko) Chrome/100.0.4896.60 Safari/537.36" DataSize=282 HostName=LAPTOP-86TU9QEB IP="::1" Method=GET Path=/api/v1/article/info/12 SpendTime="4 ms" status=200
time="2022-04-15 01:38:58" level=info Agent="Mozilla/5.0 (Windows NT 10.0; Win64; x64) AppleWebKit/537.36 (KHTML, like Gecko) Chrome/100.0.4896.60 Safari/537.36" DataSize=1099 HostName=LAPTOP-86TU9QEB IP="::1" Method=GET Path=/ SpendTime="1 ms" status=200
time="2022-04-15 01:39:01" level=info Agent="Mozilla/5.0 (Windows NT 10.0; Win64; x64) AppleWebKit/537.36 (KHTML, like Gecko) Chrome/100.0.4896.60 Safari/537.36" DataSize=144 HostName=LAPTOP-86TU9QEB IP="::1" Method=GET Path=/api/v1/category SpendTime="5 ms" status=200
time="2022-04-15 01:39:01" level=info Agent="Mozilla/5.0 (Windows NT 10.0; Win64; x64) AppleWebKit/537.36 (KHTML, like Gecko) Chrome/100.0.4896.60 Safari/537.36" DataSize=95557 HostName=LAPTOP-86TU9QEB IP="::1" Method=GET Path="/api/v1/articles?pagesize=5&pagenum=1" SpendTime="48 ms" status=200
time="2022-04-15 01:39:01" level=info Agent="Mozilla/5.0 (Windows NT 10.0; Win64; x64) AppleWebKit/537.36 (KHTML, like Gecko) Chrome/100.0.4896.60 Safari/537.36" DataSize=319 HostName=LAPTOP-86TU9QEB IP="::1" Method=GET Path=/api/v1/profile/1 SpendTime="56 ms" status=200
time="2022-04-15 01:39:03" level=info Agent="Mozilla/5.0 (Windows NT 10.0; Win64; x64) AppleWebKit/537.36 (KHTML, like Gecko) Chrome/100.0.4896.60 Safari/537.36" DataSize=28971 HostName=LAPTOP-86TU9QEB IP="::1" Method=GET Path=/api/v1/article/info/14 SpendTime="3 ms" status=200
time="2022-04-15 01:39:09" level=error Agent="Mozilla/5.0 (Windows NT 10.0; Win64; x64) AppleWebKit/537.36 (KHTML, like Gecko) Chrome/100.0.4896.60 Safari/537.36" DataSize=0 HostName=LAPTOP-86TU9QEB IP="::1" Method=GET Path=/admin SpendTime="4 ms" status=500
time="2022-04-15 01:39:10" level=error Agent="Mozilla/5.0 (Windows NT 10.0; Win64; x64) AppleWebKit/537.36 (KHTML, like Gecko) Chrome/100.0.4896.60 Safari/537.36" DataSize=0 HostName=LAPTOP-86TU9QEB IP="::1" Method=GET Path=/admin SpendTime="4 ms" status=500
time="2022-04-15 01:39:11" level=error Agent="Mozilla/5.0 (Windows NT 10.0; Win64; x64) AppleWebKit/537.36 (KHTML, like Gecko) Chrome/100.0.4896.60 Safari/537.36" DataSize=0 HostName=LAPTOP-86TU9QEB IP="::1" Method=GET Path=/admin SpendTime="4 ms" status=500
time="2022-04-15 01:39:11" level=error Agent="Mozilla/5.0 (Windows NT 10.0; Win64; x64) AppleWebKit/537.36 (KHTML, like Gecko) Chrome/100.0.4896.60 Safari/537.36" DataSize=0 HostName=LAPTOP-86TU9QEB IP="::1" Method=GET Path=/admin SpendTime="4 ms" status=500
time="2022-04-15 01:39:12" level=error Agent="Mozilla/5.0 (Windows NT 10.0; Win64; x64) AppleWebKit/537.36 (KHTML, like Gecko) Chrome/100.0.4896.60 Safari/537.36" DataSize=0 HostName=LAPTOP-86TU9QEB IP="::1" Method=GET Path=/admin SpendTime="3 ms" status=500
time="2022-04-15 01:39:13" level=error Agent="Mozilla/5.0 (Windows NT 10.0; Win64; x64) AppleWebKit/537.36 (KHTML, like Gecko) Chrome/100.0.4896.60 Safari/537.36" DataSize=0 HostName=LAPTOP-86TU9QEB IP="::1" Method=GET Path=/admin SpendTime="4 ms" status=500
time="2022-04-15 01:39:13" level=error Agent="Mozilla/5.0 (Windows NT 10.0; Win64; x64) AppleWebKit/537.36 (KHTML, like Gecko) Chrome/100.0.4896.60 Safari/537.36" DataSize=0 HostName=LAPTOP-86TU9QEB IP="::1" Method=GET Path=/admin SpendTime="2 ms" status=500
time="2022-04-15 01:39:13" level=error Agent="Mozilla/5.0 (Windows NT 10.0; Win64; x64) AppleWebKit/537.36 (KHTML, like Gecko) Chrome/100.0.4896.60 Safari/537.36" DataSize=0 HostName=LAPTOP-86TU9QEB IP="::1" Method=GET Path=/admin SpendTime="4 ms" status=500
time="2022-04-15 01:39:13" level=error Agent="Mozilla/5.0 (Windows NT 10.0; Win64; x64) AppleWebKit/537.36 (KHTML, like Gecko) Chrome/100.0.4896.60 Safari/537.36" DataSize=0 HostName=LAPTOP-86TU9QEB IP="::1" Method=GET Path=/admin SpendTime="2 ms" status=500
time="2022-04-15 01:39:13" level=error Agent="Mozilla/5.0 (Windows NT 10.0; Win64; x64) AppleWebKit/537.36 (KHTML, like Gecko) Chrome/100.0.4896.60 Safari/537.36" DataSize=0 HostName=LAPTOP-86TU9QEB IP="::1" Method=GET Path=/admin SpendTime="3 ms" status=500
time="2022-04-15 01:39:31" level=error Agent="Mozilla/5.0 (Windows NT 10.0; Win64; x64) AppleWebKit/537.36 (KHTML, like Gecko) Chrome/100.0.4896.60 Safari/537.36" DataSize=0 HostName=LAPTOP-86TU9QEB IP="::1" Method=GET Path=/admin SpendTime="3 ms" status=500
time="2022-04-15 01:40:55" level=error Agent="Mozilla/5.0 (Windows NT 10.0; Win64; x64) AppleWebKit/537.36 (KHTML, like Gecko) Chrome/100.0.4896.60 Safari/537.36" DataSize=0 HostName=LAPTOP-86TU9QEB IP="::1" Method=GET Path=/admin SpendTime="57 ms" status=500
time="2022-04-15 01:41:01" level=error Agent="Mozilla/5.0 (Windows NT 10.0; Win64; x64) AppleWebKit/537.36 (KHTML, like Gecko) Chrome/100.0.4896.60 Safari/537.36" DataSize=0 HostName=LAPTOP-86TU9QEB IP="::1" Method=GET Path=/admin SpendTime="9 ms" status=500
time="2022-04-15 01:41:45" level=error Agent="Mozilla/5.0 (Windows NT 10.0; Win64; x64) AppleWebKit/537.36 (KHTML, like Gecko) Chrome/100.0.4896.60 Safari/537.36" DataSize=0 HostName=LAPTOP-86TU9QEB IP="::1" Method=GET Path=/admin SpendTime="6 ms" status=500
time="2022-04-15 01:45:03" level=error Agent="Mozilla/5.0 (Windows NT 10.0; Win64; x64) AppleWebKit/537.36 (KHTML, like Gecko) Chrome/100.0.4896.60 Safari/537.36" DataSize=0 HostName=LAPTOP-86TU9QEB IP="::1" Method=GET Path=/admin SpendTime="79 ms" status=500
time="2022-04-15 01:45:07" level=error Agent="Mozilla/5.0 (Windows NT 10.0; Win64; x64) AppleWebKit/537.36 (KHTML, like Gecko) Chrome/100.0.4896.60 Safari/537.36" DataSize=0 HostName=LAPTOP-86TU9QEB IP="::1" Method=GET Path=/admin SpendTime="10 ms" status=500
time="2022-04-15 01:45:08" level=error Agent="Mozilla/5.0 (Windows NT 10.0; Win64; x64) AppleWebKit/537.36 (KHTML, like Gecko) Chrome/100.0.4896.60 Safari/537.36" DataSize=0 HostName=LAPTOP-86TU9QEB IP="::1" Method=GET Path=/admin SpendTime="5 ms" status=500
time="2022-04-15 01:45:08" level=error Agent="Mozilla/5.0 (Windows NT 10.0; Win64; x64) AppleWebKit/537.36 (KHTML, like Gecko) Chrome/100.0.4896.60 Safari/537.36" DataSize=0 HostName=LAPTOP-86TU9QEB IP="::1" Method=GET Path=/admin SpendTime="6 ms" status=500
time="2022-04-15 01:45:08" level=error Agent="Mozilla/5.0 (Windows NT 10.0; Win64; x64) AppleWebKit/537.36 (KHTML, like Gecko) Chrome/100.0.4896.60 Safari/537.36" DataSize=0 HostName=LAPTOP-86TU9QEB IP="::1" Method=GET Path=/admin SpendTime="6 ms" status=500
time="2022-04-15 01:45:09" level=error Agent="Mozilla/5.0 (Windows NT 10.0; Win64; x64) AppleWebKit/537.36 (KHTML, like Gecko) Chrome/100.0.4896.60 Safari/537.36" DataSize=0 HostName=LAPTOP-86TU9QEB IP="::1" Method=GET Path=/admin SpendTime="8 ms" status=500
time="2022-04-15 01:45:09" level=error Agent="Mozilla/5.0 (Windows NT 10.0; Win64; x64) AppleWebKit/537.36 (KHTML, like Gecko) Chrome/100.0.4896.60 Safari/537.36" DataSize=0 HostName=LAPTOP-86TU9QEB IP="::1" Method=GET Path=/admin SpendTime="3 ms" status=500
time="2022-04-15 01:45:09" level=error Agent="Mozilla/5.0 (Windows NT 10.0; Win64; x64) AppleWebKit/537.36 (KHTML, like Gecko) Chrome/100.0.4896.60 Safari/537.36" DataSize=0 HostName=LAPTOP-86TU9QEB IP="::1" Method=GET Path=/admin SpendTime="6 ms" status=500
time="2022-04-15 01:45:10" level=error Agent="Mozilla/5.0 (Windows NT 10.0; Win64; x64) AppleWebKit/537.36 (KHTML, like Gecko) Chrome/100.0.4896.60 Safari/537.36" DataSize=0 HostName=LAPTOP-86TU9QEB IP="::1" Method=GET Path=/admin SpendTime="6 ms" status=500
time="2022-04-15 01:45:10" level=error Agent="Mozilla/5.0 (Windows NT 10.0; Win64; x64) AppleWebKit/537.36 (KHTML, like Gecko) Chrome/100.0.4896.60 Safari/537.36" DataSize=0 HostName=LAPTOP-86TU9QEB IP="::1" Method=GET Path=/admin SpendTime="5 ms" status=500
time="2022-04-15 01:45:10" level=error Agent="Mozilla/5.0 (Windows NT 10.0; Win64; x64) AppleWebKit/537.36 (KHTML, like Gecko) Chrome/100.0.4896.60 Safari/537.36" DataSize=0 HostName=LAPTOP-86TU9QEB IP="::1" Method=GET Path=/admin SpendTime="7 ms" status=500
time="2022-04-15 01:45:10" level=error Agent="Mozilla/5.0 (Windows NT 10.0; Win64; x64) AppleWebKit/537.36 (KHTML, like Gecko) Chrome/100.0.4896.60 Safari/537.36" DataSize=0 HostName=LAPTOP-86TU9QEB IP="::1" Method=GET Path=/admin SpendTime="6 ms" status=500
time="2022-04-15 01:45:10" level=error Agent="Mozilla/5.0 (Windows NT 10.0; Win64; x64) AppleWebKit/537.36 (KHTML, like Gecko) Chrome/100.0.4896.60 Safari/537.36" DataSize=0 HostName=LAPTOP-86TU9QEB IP="::1" Method=GET Path=/admin SpendTime="8 ms" status=500
time="2022-04-15 01:45:10" level=error Agent="Mozilla/5.0 (Windows NT 10.0; Win64; x64) AppleWebKit/537.36 (KHTML, like Gecko) Chrome/100.0.4896.60 Safari/537.36" DataSize=0 HostName=LAPTOP-86TU9QEB IP="::1" Method=GET Path=/admin SpendTime="4 ms" status=500
time="2022-04-15 01:45:11" level=error Agent="Mozilla/5.0 (Windows NT 10.0; Win64; x64) AppleWebKit/537.36 (KHTML, like Gecko) Chrome/100.0.4896.60 Safari/537.36" DataSize=0 HostName=LAPTOP-86TU9QEB IP="::1" Method=GET Path=/admin SpendTime="7 ms" status=500
time="2022-04-15 01:45:11" level=error Agent="Mozilla/5.0 (Windows NT 10.0; Win64; x64) AppleWebKit/537.36 (KHTML, like Gecko) Chrome/100.0.4896.60 Safari/537.36" DataSize=0 HostName=LAPTOP-86TU9QEB IP="::1" Method=GET Path=/admin SpendTime="6 ms" status=500
time="2022-04-15 01:45:15" level=error Agent="Mozilla/5.0 (Windows NT 10.0; Win64; x64) AppleWebKit/537.36 (KHTML, like Gecko) Chrome/100.0.4896.60 Safari/537.36" DataSize=0 HostName=LAPTOP-86TU9QEB IP="::1" Method=GET Path=/admin SpendTime="8 ms" status=500
time="2022-04-15 01:45:16" level=error Agent="Mozilla/5.0 (Windows NT 10.0; Win64; x64) AppleWebKit/537.36 (KHTML, like Gecko) Chrome/100.0.4896.60 Safari/537.36" DataSize=0 HostName=LAPTOP-86TU9QEB IP="::1" Method=GET Path=/admin SpendTime="4 ms" status=500
time="2022-04-15 01:45:34" level=info Agent="Mozilla/5.0 (Windows NT 10.0; Win64; x64) AppleWebKit/537.36 (KHTML, like Gecko) Chrome/100.0.4896.60 Safari/537.36" DataSize=1099 HostName=LAPTOP-86TU9QEB IP="::1" Method=GET Path=/ SpendTime="1 ms" status=200
time="2022-04-15 01:45:34" level=info Agent="Mozilla/5.0 (Windows NT 10.0; Win64; x64) AppleWebKit/537.36 (KHTML, like Gecko) Chrome/100.0.4896.60 Safari/537.36" DataSize=144 HostName=LAPTOP-86TU9QEB IP="::1" Method=GET Path=/api/v1/category SpendTime="5 ms" status=200
time="2022-04-15 01:45:34" level=info Agent="Mozilla/5.0 (Windows NT 10.0; Win64; x64) AppleWebKit/537.36 (KHTML, like Gecko) Chrome/100.0.4896.60 Safari/537.36" DataSize=95557 HostName=LAPTOP-86TU9QEB IP="::1" Method=GET Path="/api/v1/articles?pagesize=5&pagenum=1" SpendTime="8 ms" status=200
time="2022-04-15 01:45:35" level=info Agent="Mozilla/5.0 (Windows NT 10.0; Win64; x64) AppleWebKit/537.36 (KHTML, like Gecko) Chrome/100.0.4896.60 Safari/537.36" DataSize=319 HostName=LAPTOP-86TU9QEB IP="::1" Method=GET Path=/api/v1/profile/1 SpendTime="146 ms" status=200
time="2022-04-15 01:45:38" level=error Agent="Mozilla/5.0 (Windows NT 10.0; Win64; x64) AppleWebKit/537.36 (KHTML, like Gecko) Chrome/100.0.4896.60 Safari/537.36" DataSize=0 HostName=LAPTOP-86TU9QEB IP="::1" Method=GET Path=/admin SpendTime="5 ms" status=500
time="2022-04-15 01:47:38" level=info Agent="Mozilla/5.0 (Windows NT 10.0; Win64; x64) AppleWebKit/537.36 (KHTML, like Gecko) Chrome/100.0.4896.60 Safari/537.36" DataSize=1099 HostName=LAPTOP-86TU9QEB IP="::1" Method=GET Path=/ SpendTime="1 ms" status=200
time="2022-04-15 01:47:48" level=error Agent="Mozilla/5.0 (Windows NT 10.0; Win64; x64) AppleWebKit/537.36 (KHTML, like Gecko) Chrome/100.0.4896.60 Safari/537.36" DataSize=0 HostName=LAPTOP-86TU9QEB IP="::1" Method=GET Path=/admin SpendTime="7 ms" status=500
time="2022-04-15 01:47:55" level=error Agent="Mozilla/5.0 (Windows NT 10.0; Win64; x64) AppleWebKit/537.36 (KHTML, like Gecko) Chrome/100.0.4896.60 Safari/537.36" DataSize=0 HostName=LAPTOP-86TU9QEB IP="::1" Method=GET Path=/admin SpendTime="8 ms" status=500
time="2022-04-15 01:52:50" level=info Agent="Mozilla/5.0 (Windows NT 10.0; Win64; x64) AppleWebKit/537.36 (KHTML, like Gecko) Chrome/100.0.4896.60 Safari/537.36" DataSize=1099 HostName=LAPTOP-86TU9QEB IP="::1" Method=GET Path=/ SpendTime="1 ms" status=200
time="2022-04-15 01:52:53" level=info Agent="Mozilla/5.0 (Windows NT 10.0; Win64; x64) AppleWebKit/537.36 (KHTML, like Gecko) Chrome/100.0.4896.60 Safari/537.36" DataSize=144 HostName=LAPTOP-86TU9QEB IP="::1" Method=GET Path=/api/v1/category SpendTime="7 ms" status=200
time="2022-04-15 01:52:53" level=info Agent="Mozilla/5.0 (Windows NT 10.0; Win64; x64) AppleWebKit/537.36 (KHTML, like Gecko) Chrome/100.0.4896.60 Safari/537.36" DataSize=319 HostName=LAPTOP-86TU9QEB IP="::1" Method=GET Path=/api/v1/profile/1 SpendTime="5 ms" status=200
time="2022-04-15 01:52:53" level=info Agent="Mozilla/5.0 (Windows NT 10.0; Win64; x64) AppleWebKit/537.36 (KHTML, like Gecko) Chrome/100.0.4896.60 Safari/537.36" DataSize=95557 HostName=LAPTOP-86TU9QEB IP="::1" Method=GET Path="/api/v1/articles?pagesize=5&pagenum=1" SpendTime="9 ms" status=200
time="2022-04-15 01:52:54" level=info Agent="Mozilla/5.0 (Windows NT 10.0; Win64; x64) AppleWebKit/537.36 (KHTML, like Gecko) Chrome/100.0.4896.60 Safari/537.36" DataSize=28971 HostName=LAPTOP-86TU9QEB IP="::1" Method=GET Path=/api/v1/article/info/14 SpendTime="4 ms" status=200
time="2022-04-15 01:52:56" level=info Agent="Mozilla/5.0 (Windows NT 10.0; Win64; x64) AppleWebKit/537.36 (KHTML, like Gecko) Chrome/100.0.4896.60 Safari/537.36" DataSize=913 HostName=LAPTOP-86TU9QEB IP="::1" Method=GET Path="/api/v1/article/list/7?pagesize=5&pagenum=1" SpendTime="4 ms" status=200
time="2022-04-15 01:52:56" level=info Agent="Mozilla/5.0 (Windows NT 10.0; Win64; x64) AppleWebKit/537.36 (KHTML, like Gecko) Chrome/100.0.4896.60 Safari/537.36" DataSize=912 HostName=LAPTOP-86TU9QEB IP="::1" Method=GET Path="/api/v1/article/list/8?pagesize=5&pagenum=1" SpendTime="4 ms" status=200
time="2022-04-15 01:52:57" level=info Agent="Mozilla/5.0 (Windows NT 10.0; Win64; x64) AppleWebKit/537.36 (KHTML, like Gecko) Chrome/100.0.4896.60 Safari/537.36" DataSize=66470 HostName=LAPTOP-86TU9QEB IP="::1" Method=GET Path="/api/v1/article/list/9?pagesize=5&pagenum=1" SpendTime="6 ms" status=200
time="2022-04-15 01:52:57" level=info Agent="Mozilla/5.0 (Windows NT 10.0; Win64; x64) AppleWebKit/537.36 (KHTML, like Gecko) Chrome/100.0.4896.60 Safari/537.36" DataSize=95557 HostName=LAPTOP-86TU9QEB IP="::1" Method=GET Path="/api/v1/articles?pagesize=5&pagenum=1" SpendTime="6 ms" status=200
time="2022-04-15 01:53:02" level=error Agent="Mozilla/5.0 (Windows NT 10.0; Win64; x64) AppleWebKit/537.36 (KHTML, like Gecko) Chrome/100.0.4896.60 Safari/537.36" DataSize=0 HostName=LAPTOP-86TU9QEB IP="::1" Method=GET Path=/admin SpendTime="5 ms" status=500
time="2022-04-15 01:54:42" level=error Agent="Mozilla/5.0 (Windows NT 10.0; Win64; x64) AppleWebKit/537.36 (KHTML, like Gecko) Chrome/100.0.4896.60 Safari/537.36" DataSize=0 HostName=LAPTOP-86TU9QEB IP="::1" Method=GET Path=/admin SpendTime="54 ms" status=500
time="2022-04-15 01:54:50" level=error Agent="Mozilla/5.0 (Windows NT 10.0; Win64; x64) AppleWebKit/537.36 (KHTML, like Gecko) Chrome/100.0.4896.60 Safari/537.36" DataSize=0 HostName=LAPTOP-86TU9QEB IP="::1" Method=GET Path=/admin SpendTime="6 ms" status=500
time="2022-04-15 01:55:10" level=info Agent="Mozilla/5.0 (Windows NT 10.0; Win64; x64) AppleWebKit/537.36 (KHTML, like Gecko) Chrome/100.0.4896.60 Safari/537.36" DataSize=1099 HostName=LAPTOP-86TU9QEB IP="::1" Method=GET Path=/ SpendTime="1 ms" status=200
time="2022-04-15 01:55:10" level=info Agent="Mozilla/5.0 (Windows NT 10.0; Win64; x64) AppleWebKit/537.36 (KHTML, like Gecko) Chrome/100.0.4896.60 Safari/537.36" DataSize=144 HostName=LAPTOP-86TU9QEB IP="::1" Method=GET Path=/api/v1/category SpendTime="18 ms" status=200
time="2022-04-15 01:55:10" level=info Agent="Mozilla/5.0 (Windows NT 10.0; Win64; x64) AppleWebKit/537.36 (KHTML, like Gecko) Chrome/100.0.4896.60 Safari/537.36" DataSize=95557 HostName=LAPTOP-86TU9QEB IP="::1" Method=GET Path="/api/v1/articles?pagesize=5&pagenum=1" SpendTime="19 ms" status=200
time="2022-04-15 01:55:10" level=info Agent="Mozilla/5.0 (Windows NT 10.0; Win64; x64) AppleWebKit/537.36 (KHTML, like Gecko) Chrome/100.0.4896.60 Safari/537.36" DataSize=319 HostName=LAPTOP-86TU9QEB IP="::1" Method=GET Path=/api/v1/profile/1 SpendTime="18 ms" status=200
time="2022-04-15 01:55:17" level=error Agent="Mozilla/5.0 (Windows NT 10.0; Win64; x64) AppleWebKit/537.36 (KHTML, like Gecko) Chrome/100.0.4896.60 Safari/537.36" DataSize=0 HostName=LAPTOP-86TU9QEB IP="::1" Method=GET Path=/admin SpendTime="7 ms" status=500
time="2022-04-15 01:56:13" level=error Agent="Mozilla/5.0 (Windows NT 10.0; Win64; x64) AppleWebKit/537.36 (KHTML, like Gecko) Chrome/100.0.4896.60 Safari/537.36" DataSize=0 HostName=LAPTOP-86TU9QEB IP="::1" Method=GET Path=/admin SpendTime="54 ms" status=500
time="2022-04-15 01:56:17" level=error Agent="Mozilla/5.0 (Windows NT 10.0; Win64; x64) AppleWebKit/537.36 (KHTML, like Gecko) Chrome/100.0.4896.60 Safari/537.36" DataSize=0 HostName=LAPTOP-86TU9QEB IP="::1" Method=GET Path=/admin SpendTime="8 ms" status=500
time="2022-04-15 01:56:17" level=error Agent="Mozilla/5.0 (Windows NT 10.0; Win64; x64) AppleWebKit/537.36 (KHTML, like Gecko) Chrome/100.0.4896.60 Safari/537.36" DataSize=0 HostName=LAPTOP-86TU9QEB IP="::1" Method=GET Path=/admin SpendTime="7 ms" status=500
time="2022-04-15 01:57:45" level=error Agent="Mozilla/5.0 (Windows NT 10.0; Win64; x64) AppleWebKit/537.36 (KHTML, like Gecko) Chrome/100.0.4896.60 Safari/537.36" DataSize=0 HostName=LAPTOP-86TU9QEB IP="::1" Method=GET Path=/admin SpendTime="57 ms" status=500
time="2022-04-15 01:57:50" level=info Agent="Mozilla/5.0 (Windows NT 10.0; Win64; x64) AppleWebKit/537.36 (KHTML, like Gecko) Chrome/100.0.4896.60 Safari/537.36" DataSize=1099 HostName=LAPTOP-86TU9QEB IP="::1" Method=GET Path=/ SpendTime="0 ms" status=200
time="2022-04-15 01:57:50" level=info Agent="Mozilla/5.0 (Windows NT 10.0; Win64; x64) AppleWebKit/537.36 (KHTML, like Gecko) Chrome/100.0.4896.60 Safari/537.36" DataSize=144 HostName=LAPTOP-86TU9QEB IP="::1" Method=GET Path=/api/v1/category SpendTime="4 ms" status=200
time="2022-04-15 01:57:50" level=info Agent="Mozilla/5.0 (Windows NT 10.0; Win64; x64) AppleWebKit/537.36 (KHTML, like Gecko) Chrome/100.0.4896.60 Safari/537.36" DataSize=319 HostName=LAPTOP-86TU9QEB IP="::1" Method=GET Path=/api/v1/profile/1 SpendTime="5 ms" status=200
time="2022-04-15 01:57:50" level=info Agent="Mozilla/5.0 (Windows NT 10.0; Win64; x64) AppleWebKit/537.36 (KHTML, like Gecko) Chrome/100.0.4896.60 Safari/537.36" DataSize=95557 HostName=LAPTOP-86TU9QEB IP="::1" Method=GET Path="/api/v1/articles?pagesize=5&pagenum=1" SpendTime="28 ms" status=200
time="2022-04-15 02:00:05" level=error Agent="Mozilla/5.0 (Windows NT 10.0; Win64; x64) AppleWebKit/537.36 (KHTML, like Gecko) Chrome/100.0.4896.60 Safari/537.36" DataSize=0 HostName=LAPTOP-86TU9QEB IP="::1" Method=GET Path=/admin SpendTime="51 ms" status=500
time="2022-04-15 02:00:09" level=error Agent="Mozilla/5.0 (Windows NT 10.0; Win64; x64) AppleWebKit/537.36 (KHTML, like Gecko) Chrome/100.0.4896.60 Safari/537.36" DataSize=0 HostName=LAPTOP-86TU9QEB IP="::1" Method=GET Path=/admin SpendTime="7 ms" status=500
time="2022-04-15 02:00:10" level=error Agent="Mozilla/5.0 (Windows NT 10.0; Win64; x64) AppleWebKit/537.36 (KHTML, like Gecko) Chrome/100.0.4896.60 Safari/537.36" DataSize=0 HostName=LAPTOP-86TU9QEB IP="::1" Method=GET Path=/admin SpendTime="6 ms" status=500
time="2022-04-15 02:00:10" level=error Agent="Mozilla/5.0 (Windows NT 10.0; Win64; x64) AppleWebKit/537.36 (KHTML, like Gecko) Chrome/100.0.4896.60 Safari/537.36" DataSize=0 HostName=LAPTOP-86TU9QEB IP="::1" Method=GET Path=/admin SpendTime="7 ms" status=500
time="2022-04-15 02:00:10" level=error Agent="Mozilla/5.0 (Windows NT 10.0; Win64; x64) AppleWebKit/537.36 (KHTML, like Gecko) Chrome/100.0.4896.60 Safari/537.36" DataSize=0 HostName=LAPTOP-86TU9QEB IP="::1" Method=GET Path=/admin SpendTime="4 ms" status=500
time="2022-04-15 02:00:10" level=error Agent="Mozilla/5.0 (Windows NT 10.0; Win64; x64) AppleWebKit/537.36 (KHTML, like Gecko) Chrome/100.0.4896.60 Safari/537.36" DataSize=0 HostName=LAPTOP-86TU9QEB IP="::1" Method=GET Path=/admin SpendTime="5 ms" status=500
time="2022-04-15 02:00:10" level=error Agent="Mozilla/5.0 (Windows NT 10.0; Win64; x64) AppleWebKit/537.36 (KHTML, like Gecko) Chrome/100.0.4896.60 Safari/537.36" DataSize=0 HostName=LAPTOP-86TU9QEB IP="::1" Method=GET Path=/admin SpendTime="4 ms" status=500
time="2022-04-15 02:00:40" level=error Agent="Mozilla/5.0 (Windows NT 10.0; Win64; x64) AppleWebKit/537.36 (KHTML, like Gecko) Chrome/100.0.4896.60 Safari/537.36" DataSize=0 HostName=LAPTOP-86TU9QEB IP="::1" Method=GET Path=/admin SpendTime="7 ms" status=500
time="2022-04-15 02:00:43" level=error Agent="Mozilla/5.0 (Windows NT 10.0; Win64; x64) AppleWebKit/537.36 (KHTML, like Gecko) Chrome/100.0.4896.60 Safari/537.36" DataSize=0 HostName=LAPTOP-86TU9QEB IP="::1" Method=GET Path=/admin SpendTime="9 ms" status=500
time="2022-04-15 02:45:40" level=info Agent="Mozilla/5.0 (Windows NT 10.0; Win64; x64) AppleWebKit/537.36 (KHTML, like Gecko) Chrome/100.0.4896.60 Safari/537.36" DataSize=1099 HostName=LAPTOP-86TU9QEB IP="::1" Method=GET Path=/ SpendTime="1 ms" status=200
time="2022-04-15 02:45:43" level=info Agent="Mozilla/5.0 (Windows NT 10.0; Win64; x64) AppleWebKit/537.36 (KHTML, like Gecko) Chrome/100.0.4896.60 Safari/537.36" DataSize=0 HostName=LAPTOP-86TU9QEB IP="::1" Method=GET Path=/css/app.55a17e0e.css SpendTime="1 ms" status=304
time="2022-04-15 02:45:43" level=info Agent="Mozilla/5.0 (Windows NT 10.0; Win64; x64) AppleWebKit/537.36 (KHTML, like Gecko) Chrome/100.0.4896.60 Safari/537.36" DataSize=0 HostName=LAPTOP-86TU9QEB IP="::1" Method=GET Path=/css/chunk-vendors.8428c419.css SpendTime="1 ms" status=304
time="2022-04-15 02:45:43" level=info Agent="Mozilla/5.0 (Windows NT 10.0; Win64; x64) AppleWebKit/537.36 (KHTML, like Gecko) Chrome/100.0.4896.60 Safari/537.36" DataSize=0 HostName=LAPTOP-86TU9QEB IP="::1" Method=GET Path=/js/app.16a72578.js SpendTime="1 ms" status=304
time="2022-04-15 02:45:43" level=info Agent="Mozilla/5.0 (Windows NT 10.0; Win64; x64) AppleWebKit/537.36 (KHTML, like Gecko) Chrome/100.0.4896.60 Safari/537.36" DataSize=0 HostName=LAPTOP-86TU9QEB IP="::1" Method=GET Path=/js/chunk-vendors.74d3c4b1.js SpendTime="1 ms" status=304
time="2022-04-15 02:45:43" level=info Agent="Mozilla/5.0 (Windows NT 10.0; Win64; x64) AppleWebKit/537.36 (KHTML, like Gecko) Chrome/100.0.4896.60 Safari/537.36" DataSize=144 HostName=LAPTOP-86TU9QEB IP="::1" Method=GET Path=/api/v1/category SpendTime="4 ms" status=200
time="2022-04-15 02:45:43" level=info Agent="Mozilla/5.0 (Windows NT 10.0; Win64; x64) AppleWebKit/537.36 (KHTML, like Gecko) Chrome/100.0.4896.60 Safari/537.36" DataSize=319 HostName=LAPTOP-86TU9QEB IP="::1" Method=GET Path=/api/v1/profile/1 SpendTime="5 ms" status=200
time="2022-04-15 02:45:43" level=info Agent="Mozilla/5.0 (Windows NT 10.0; Win64; x64) AppleWebKit/537.36 (KHTML, like Gecko) Chrome/100.0.4896.60 Safari/537.36" DataSize=95557 HostName=LAPTOP-86TU9QEB IP="::1" Method=GET Path="/api/v1/articles?pagesize=5&pagenum=1" SpendTime="9 ms" status=200
time="2022-04-15 02:45:49" level=info Agent="Mozilla/5.0 (Windows NT 10.0; Win64; x64) AppleWebKit/537.36 (KHTML, like Gecko) Chrome/100.0.4896.60 Safari/537.36" DataSize=894 HostName=LAPTOP-86TU9QEB IP="::1" Method=GET Path=/admin SpendTime="2 ms" status=200
time="2022-04-15 02:45:49" level=info Agent="Mozilla/5.0 (Windows NT 10.0; Win64; x64) AppleWebKit/537.36 (KHTML, like Gecko) Chrome/100.0.4896.60 Safari/537.36" DataSize=58691 HostName=LAPTOP-86TU9QEB IP="::1" Method=GET Path=/admin/css/app.f503fb6a.css SpendTime="170 ms" status=200
time="2022-04-15 02:45:49" level=info Agent="Mozilla/5.0 (Windows NT 10.0; Win64; x64) AppleWebKit/537.36 (KHTML, like Gecko) Chrome/100.0.4896.60 Safari/537.36" DataSize=278962 HostName=LAPTOP-86TU9QEB IP="::1" Method=GET Path=/admin/css/chunk-vendors.55205231.css SpendTime="171 ms" status=200
time="2022-04-15 02:45:49" level=info Agent="Mozilla/5.0 (Windows NT 10.0; Win64; x64) AppleWebKit/537.36 (KHTML, like Gecko) Chrome/100.0.4896.60 Safari/537.36" DataSize=988926 HostName=LAPTOP-86TU9QEB IP="::1" Method=GET Path=/admin/js/app.97fcf0e8.js SpendTime="100 ms" status=200
time="2022-04-15 02:45:49" level=info Agent="Mozilla/5.0 (Windows NT 10.0; Win64; x64) AppleWebKit/537.36 (KHTML, like Gecko) Chrome/100.0.4896.60 Safari/537.36" DataSize=1849469 HostName=LAPTOP-86TU9QEB IP="::1" Method=GET Path=/admin/js/chunk-vendors.cac70885.js SpendTime="123 ms" status=200
time="2022-04-15 02:45:49" level=info Agent="Mozilla/5.0 (Windows NT 10.0; Win64; x64) AppleWebKit/537.36 (KHTML, like Gecko) Chrome/100.0.4896.60 Safari/537.36" DataSize=4286 HostName=LAPTOP-86TU9QEB IP="::1" Method=GET Path=/admin/favicon.ico SpendTime="1 ms" status=200
time="2022-04-15 02:45:50" level=info Agent="Mozilla/5.0 (Windows NT 10.0; Win64; x64) AppleWebKit/537.36 (KHTML, like Gecko) Chrome/100.0.4896.60 Safari/537.36" DataSize=200 HostName=LAPTOP-86TU9QEB IP="::1" Method=POST Path=/api/v1/login SpendTime="47 ms" status=200
time="2022-04-15 02:45:52" level=warning Agent="Mozilla/5.0 (Windows NT 10.0; Win64; x64) AppleWebKit/537.36 (KHTML, like Gecko) Chrome/100.0.4896.60 Safari/537.36" DataSize=0 HostName=LAPTOP-86TU9QEB IP="::1" Method=GET Path=/admin/js/skins/ui/oxide/skin.min.css SpendTime="0 ms" status=404
time="2022-04-15 02:45:52" level=warning Agent="Mozilla/5.0 (Windows NT 10.0; Win64; x64) AppleWebKit/537.36 (KHTML, like Gecko) Chrome/100.0.4896.60 Safari/537.36" DataSize=0 HostName=LAPTOP-86TU9QEB IP="::1" Method=GET Path=/admin/js/skins/ui/oxide/content.min.css SpendTime="1 ms" status=404
time="2022-04-15 02:45:52" level=warning Agent="Mozilla/5.0 (Windows NT 10.0; Win64; x64) AppleWebKit/537.36 (KHTML, like Gecko) Chrome/100.0.4896.60 Safari/537.36" DataSize=0 HostName=LAPTOP-86TU9QEB IP="::1" Method=GET Path=/admin/js/skins/content/default/content.css SpendTime="1 ms" status=404
time="2022-04-15 02:45:52" level=info Agent="Mozilla/5.0 (Windows NT 10.0; Win64; x64) AppleWebKit/537.36 (KHTML, like Gecko) Chrome/100.0.4896.60 Safari/537.36" DataSize=144 HostName=LAPTOP-86TU9QEB IP="::1" Method=GET Path=/api/v1/category SpendTime="2 ms" status=200
time="2022-04-15 02:45:53" level=info Agent="Mozilla/5.0 (Windows NT 10.0; Win64; x64) AppleWebKit/537.36 (KHTML, like Gecko) Chrome/100.0.4896.60 Safari/537.36" DataSize=144 HostName=LAPTOP-86TU9QEB IP="::1" Method=GET Path=/api/v1/category SpendTime="2 ms" status=200
time="2022-04-15 02:45:53" level=info Agent="Mozilla/5.0 (Windows NT 10.0; Win64; x64) AppleWebKit/537.36 (KHTML, like Gecko) Chrome/100.0.4896.60 Safari/537.36" DataSize=95557 HostName=LAPTOP-86TU9QEB IP="::1" Method=GET Path="/api/v1/articles?title=&pagesize=5&pagenum=1" SpendTime="5 ms" status=200
time="2022-04-15 02:45:54" level=warning Agent="Mozilla/5.0 (Windows NT 10.0; Win64; x64) AppleWebKit/537.36 (KHTML, like Gecko) Chrome/100.0.4896.60 Safari/537.36" DataSize=0 HostName=LAPTOP-86TU9QEB IP="::1" Method=GET Path=/admin/js/skins/ui/oxide/content.min.css SpendTime="1 ms" status=404
time="2022-04-15 02:45:54" level=warning Agent="Mozilla/5.0 (Windows NT 10.0; Win64; x64) AppleWebKit/537.36 (KHTML, like Gecko) Chrome/100.0.4896.60 Safari/537.36" DataSize=0 HostName=LAPTOP-86TU9QEB IP="::1" Method=GET Path=/admin/js/skins/content/default/content.css SpendTime="0 ms" status=404
time="2022-04-15 02:45:54" level=info Agent="Mozilla/5.0 (Windows NT 10.0; Win64; x64) AppleWebKit/537.36 (KHTML, like Gecko) Chrome/100.0.4896.60 Safari/537.36" DataSize=144 HostName=LAPTOP-86TU9QEB IP="::1" Method=GET Path=/api/v1/category SpendTime="4 ms" status=200
time="2022-04-15 02:45:56" level=info Agent="Mozilla/5.0 (Windows NT 10.0; Win64; x64) AppleWebKit/537.36 (KHTML, like Gecko) Chrome/100.0.4896.60 Safari/537.36" DataSize=7764 HostName=LAPTOP-86TU9QEB IP="::1" Method=GET Path=/admin/fonts/fontello.8d4a4e6f.woff2 SpendTime="1 ms" status=200
time="2022-04-15 02:45:57" level=info Agent="Mozilla/5.0 (Windows NT 10.0; Win64; x64) AppleWebKit/537.36 (KHTML, like Gecko) Chrome/100.0.4896.60 Safari/537.36" DataSize=95557 HostName=LAPTOP-86TU9QEB IP="::1" Method=GET Path="/api/v1/articles?title=&pagesize=5&pagenum=1" SpendTime="7 ms" status=200
time="2022-04-15 02:45:57" level=info Agent="Mozilla/5.0 (Windows NT 10.0; Win64; x64) AppleWebKit/537.36 (KHTML, like Gecko) Chrome/100.0.4896.60 Safari/537.36" DataSize=144 HostName=LAPTOP-86TU9QEB IP="::1" Method=GET Path=/api/v1/category SpendTime="5 ms" status=200
time="2022-04-15 02:45:59" level=warning Agent="Mozilla/5.0 (Windows NT 10.0; Win64; x64) AppleWebKit/537.36 (KHTML, like Gecko) Chrome/100.0.4896.60 Safari/537.36" DataSize=0 HostName=LAPTOP-86TU9QEB IP="::1" Method=GET Path=/admin/js/skins/ui/oxide/content.min.css SpendTime="1 ms" status=404
time="2022-04-15 02:45:59" level=warning Agent="Mozilla/5.0 (Windows NT 10.0; Win64; x64) AppleWebKit/537.36 (KHTML, like Gecko) Chrome/100.0.4896.60 Safari/537.36" DataSize=0 HostName=LAPTOP-86TU9QEB IP="::1" Method=GET Path=/admin/js/skins/content/default/content.css SpendTime="1 ms" status=404
time="2022-04-15 02:45:59" level=info Agent="Mozilla/5.0 (Windows NT 10.0; Win64; x64) AppleWebKit/537.36 (KHTML, like Gecko) Chrome/100.0.4896.60 Safari/537.36" DataSize=144 HostName=LAPTOP-86TU9QEB IP="::1" Method=GET Path=/api/v1/category SpendTime="2 ms" status=200
time="2022-04-15 02:45:59" level=info Agent="Mozilla/5.0 (Windows NT 10.0; Win64; x64) AppleWebKit/537.36 (KHTML, like Gecko) Chrome/100.0.4896.60 Safari/537.36" DataSize=28971 HostName=LAPTOP-86TU9QEB IP="::1" Method=GET Path=/api/v1/article/info/14 SpendTime="3 ms" status=200
time="2022-04-15 02:46:04" level=info Agent="Mozilla/5.0 (Windows NT 10.0; Win64; x64) AppleWebKit/537.36 (KHTML, like Gecko) Chrome/100.0.4896.60 Safari/537.36" DataSize=95557 HostName=LAPTOP-86TU9QEB IP="::1" Method=GET Path="/api/v1/articles?title=&pagesize=5&pagenum=1" SpendTime="4 ms" status=200
time="2022-04-15 02:46:04" level=info Agent="Mozilla/5.0 (Windows NT 10.0; Win64; x64) AppleWebKit/537.36 (KHTML, like Gecko) Chrome/100.0.4896.60 Safari/537.36" DataSize=144 HostName=LAPTOP-86TU9QEB IP="::1" Method=GET Path=/api/v1/category SpendTime="5 ms" status=200
time="2022-04-15 02:46:06" level=warning Agent="Mozilla/5.0 (Windows NT 10.0; Win64; x64) AppleWebKit/537.36 (KHTML, like Gecko) Chrome/100.0.4896.60 Safari/537.36" DataSize=0 HostName=LAPTOP-86TU9QEB IP="::1" Method=GET Path=/admin/js/skins/ui/oxide/content.min.css SpendTime="1 ms" status=404
time="2022-04-15 02:46:06" level=warning Agent="Mozilla/5.0 (Windows NT 10.0; Win64; x64) AppleWebKit/537.36 (KHTML, like Gecko) Chrome/100.0.4896.60 Safari/537.36" DataSize=0 HostName=LAPTOP-86TU9QEB IP="::1" Method=GET Path=/admin/js/skins/content/default/content.css SpendTime="0 ms" status=404
time="2022-04-15 02:46:06" level=info Agent="Mozilla/5.0 (Windows NT 10.0; Win64; x64) AppleWebKit/537.36 (KHTML, like Gecko) Chrome/100.0.4896.60 Safari/537.36" DataSize=144 HostName=LAPTOP-86TU9QEB IP="::1" Method=GET Path=/api/v1/category SpendTime="2 ms" status=200
time="2022-04-15 02:46:06" level=info Agent="Mozilla/5.0 (Windows NT 10.0; Win64; x64) AppleWebKit/537.36 (KHTML, like Gecko) Chrome/100.0.4896.60 Safari/537.36" DataSize=282 HostName=LAPTOP-86TU9QEB IP="::1" Method=GET Path=/api/v1/article/info/12 SpendTime="1 ms" status=200
